[2023-03-11T22:23:05.569+0000] {taskinstance.py:1083} INFO - Dependencies all met for <TaskInstance: EXAMPLE_taskgroups.group_1.subtask_3 manual__2023-03-11T22:23:00.720214+00:00 [queued]>
[2023-03-11T22:23:05.635+0000] {taskinstance.py:1083} INFO - Dependencies all met for <TaskInstance: EXAMPLE_taskgroups.group_1.subtask_3 manual__2023-03-11T22:23:00.720214+00:00 [queued]>
[2023-03-11T22:23:05.636+0000] {taskinstance.py:1279} INFO - 
--------------------------------------------------------------------------------
[2023-03-11T22:23:05.636+0000] {taskinstance.py:1280} INFO - Starting attempt 1 of 1
[2023-03-11T22:23:05.636+0000] {taskinstance.py:1281} INFO - 
--------------------------------------------------------------------------------
[2023-03-11T22:23:05.704+0000] {taskinstance.py:1300} INFO - Executing <Task(_PythonDecoratedOperator): group_1.subtask_3> on 2023-03-11 22:23:00.720214+00:00
[2023-03-11T22:23:05.714+0000] {standard_task_runner.py:55} INFO - Started process 7592 to run task
[2023-03-11T22:23:05.728+0000] {standard_task_runner.py:82} INFO - Running: ['***', 'tasks', 'run', 'EXAMPLE_taskgroups', 'group_1.subtask_3', 'manual__2023-03-11T22:23:00.720214+00:00', '--job-id', '1616', '--raw', '--subdir', 'DAGS_FOLDER/examples/taskgroup.py', '--cfg-path', '/tmp/tmptorpk060']
[2023-03-11T22:23:05.729+0000] {standard_task_runner.py:83} INFO - Job 1616: Subtask group_1.subtask_3
[2023-03-11T22:23:05.849+0000] {task_command.py:388} INFO - Running <TaskInstance: EXAMPLE_taskgroups.group_1.subtask_3 manual__2023-03-11T22:23:00.720214+00:00 [running]> on host 64900e5b98c9
[2023-03-11T22:23:06.004+0000] {taskinstance.py:1509} INFO - Exporting the following env vars:
AIRFLOW_CTX_DAG_OWNER=***
AIRFLOW_CTX_DAG_ID=EXAMPLE_taskgroups
AIRFLOW_CTX_TASK_ID=group_1.subtask_3
AIRFLOW_CTX_EXECUTION_DATE=2023-03-11T22:23:00.720214+00:00
AIRFLOW_CTX_TRY_NUMBER=1
AIRFLOW_CTX_DAG_RUN_ID=manual__2023-03-11T22:23:00.720214+00:00
[2023-03-11T22:23:06.006+0000] {python.py:177} INFO - Done. Returned value was: 3
[2023-03-11T22:23:06.049+0000] {taskinstance.py:1323} INFO - Marking task as SUCCESS. dag_id=EXAMPLE_taskgroups, task_id=group_1.subtask_3, execution_date=20230311T222300, start_date=20230311T222305, end_date=20230311T222306
[2023-03-11T22:23:06.107+0000] {local_task_job.py:208} INFO - Task exited with return code 0
[2023-03-11T22:23:06.153+0000] {taskinstance.py:2578} INFO - 1 downstream tasks scheduled from follow-on schedule check
