[2023-03-11T18:38:27.296+0000] {taskinstance.py:1083} INFO - Dependencies all met for <TaskInstance: our_dag_with_python_operator_v07.get_name scheduled__2022-05-16T00:00:00+00:00 [queued]>
[2023-03-11T18:38:27.314+0000] {taskinstance.py:1083} INFO - Dependencies all met for <TaskInstance: our_dag_with_python_operator_v07.get_name scheduled__2022-05-16T00:00:00+00:00 [queued]>
[2023-03-11T18:38:27.315+0000] {taskinstance.py:1279} INFO - 
--------------------------------------------------------------------------------
[2023-03-11T18:38:27.315+0000] {taskinstance.py:1280} INFO - Starting attempt 1 of 6
[2023-03-11T18:38:27.315+0000] {taskinstance.py:1281} INFO - 
--------------------------------------------------------------------------------
[2023-03-11T18:38:27.394+0000] {taskinstance.py:1300} INFO - Executing <Task(PythonOperator): get_name> on 2022-05-16 00:00:00+00:00
[2023-03-11T18:38:27.442+0000] {standard_task_runner.py:55} INFO - Started process 1763 to run task
[2023-03-11T18:38:27.486+0000] {standard_task_runner.py:82} INFO - Running: ['***', 'tasks', 'run', 'our_dag_with_python_operator_v07', 'get_name', 'scheduled__2022-05-16T00:00:00+00:00', '--job-id', '669', '--raw', '--subdir', 'DAGS_FOLDER/examples/create_dag_with_python_operator.py', '--cfg-path', '/tmp/tmpc1q4a_5o']
[2023-03-11T18:38:27.494+0000] {standard_task_runner.py:83} INFO - Job 669: Subtask get_name
[2023-03-11T18:38:27.878+0000] {task_command.py:388} INFO - Running <TaskInstance: our_dag_with_python_operator_v07.get_name scheduled__2022-05-16T00:00:00+00:00 [running]> on host 64900e5b98c9
[2023-03-11T18:38:28.649+0000] {taskinstance.py:1509} INFO - Exporting the following env vars:
AIRFLOW_CTX_DAG_OWNER=coder2j
AIRFLOW_CTX_DAG_ID=our_dag_with_python_operator_v07
AIRFLOW_CTX_TASK_ID=get_name
AIRFLOW_CTX_EXECUTION_DATE=2022-05-16T00:00:00+00:00
AIRFLOW_CTX_TRY_NUMBER=1
AIRFLOW_CTX_DAG_RUN_ID=scheduled__2022-05-16T00:00:00+00:00
[2023-03-11T18:38:28.767+0000] {python.py:177} INFO - Done. Returned value was: None
[2023-03-11T18:38:28.825+0000] {taskinstance.py:1323} INFO - Marking task as SUCCESS. dag_id=our_dag_with_python_operator_v07, task_id=get_name, execution_date=20220516T000000, start_date=20230311T183827, end_date=20230311T183828
[2023-03-11T18:38:29.017+0000] {local_task_job.py:208} INFO - Task exited with return code 0
[2023-03-11T18:38:29.148+0000] {taskinstance.py:2578} INFO - 0 downstream tasks scheduled from follow-on schedule check
