[2023-03-11T22:23:09.160+0000] {taskinstance.py:1083} INFO - Dependencies all met for <TaskInstance: EXAMPLE_taskgroups.group_2.subtask_5 manual__2023-03-11T22:23:00.720214+00:00 [queued]>
[2023-03-11T22:23:09.174+0000] {taskinstance.py:1083} INFO - Dependencies all met for <TaskInstance: EXAMPLE_taskgroups.group_2.subtask_5 manual__2023-03-11T22:23:00.720214+00:00 [queued]>
[2023-03-11T22:23:09.174+0000] {taskinstance.py:1279} INFO - 
--------------------------------------------------------------------------------
[2023-03-11T22:23:09.175+0000] {taskinstance.py:1280} INFO - Starting attempt 1 of 1
[2023-03-11T22:23:09.175+0000] {taskinstance.py:1281} INFO - 
--------------------------------------------------------------------------------
[2023-03-11T22:23:09.202+0000] {taskinstance.py:1300} INFO - Executing <Task(_PythonDecoratedOperator): group_2.subtask_5> on 2023-03-11 22:23:00.720214+00:00
[2023-03-11T22:23:09.208+0000] {standard_task_runner.py:55} INFO - Started process 7596 to run task
[2023-03-11T22:23:09.212+0000] {standard_task_runner.py:82} INFO - Running: ['***', 'tasks', 'run', 'EXAMPLE_taskgroups', 'group_2.subtask_5', 'manual__2023-03-11T22:23:00.720214+00:00', '--job-id', '1620', '--raw', '--subdir', 'DAGS_FOLDER/examples/taskgroup.py', '--cfg-path', '/tmp/tmp_qcbth94']
[2023-03-11T22:23:09.212+0000] {standard_task_runner.py:83} INFO - Job 1620: Subtask group_2.subtask_5
[2023-03-11T22:23:09.295+0000] {task_command.py:388} INFO - Running <TaskInstance: EXAMPLE_taskgroups.group_2.subtask_5 manual__2023-03-11T22:23:00.720214+00:00 [running]> on host 64900e5b98c9
[2023-03-11T22:23:09.413+0000] {taskinstance.py:1509} INFO - Exporting the following env vars:
AIRFLOW_CTX_DAG_OWNER=***
AIRFLOW_CTX_DAG_ID=EXAMPLE_taskgroups
AIRFLOW_CTX_TASK_ID=group_2.subtask_5
AIRFLOW_CTX_EXECUTION_DATE=2023-03-11T22:23:00.720214+00:00
AIRFLOW_CTX_TRY_NUMBER=1
AIRFLOW_CTX_DAG_RUN_ID=manual__2023-03-11T22:23:00.720214+00:00
[2023-03-11T22:23:09.414+0000] {python.py:177} INFO - Done. Returned value was: 12
[2023-03-11T22:23:09.449+0000] {taskinstance.py:1323} INFO - Marking task as SUCCESS. dag_id=EXAMPLE_taskgroups, task_id=group_2.subtask_5, execution_date=20230311T222300, start_date=20230311T222309, end_date=20230311T222309
[2023-03-11T22:23:09.504+0000] {local_task_job.py:208} INFO - Task exited with return code 0
[2023-03-11T22:23:09.543+0000] {taskinstance.py:2578} INFO - 0 downstream tasks scheduled from follow-on schedule check
