[2023-03-14T14:47:40.306+0000] {taskinstance.py:1083} INFO - Dependencies all met for <TaskInstance: geracao_txt_b3_v2.task_calcular_pu_virgo scheduled__2023-03-10T00:00:00+00:00 [queued]>
[2023-03-14T14:47:40.320+0000] {taskinstance.py:1083} INFO - Dependencies all met for <TaskInstance: geracao_txt_b3_v2.task_calcular_pu_virgo scheduled__2023-03-10T00:00:00+00:00 [queued]>
[2023-03-14T14:47:40.321+0000] {taskinstance.py:1279} INFO - 
--------------------------------------------------------------------------------
[2023-03-14T14:47:40.321+0000] {taskinstance.py:1280} INFO - Starting attempt 1 of 6
[2023-03-14T14:47:40.321+0000] {taskinstance.py:1281} INFO - 
--------------------------------------------------------------------------------
[2023-03-14T14:47:40.380+0000] {taskinstance.py:1300} INFO - Executing <Task(_PythonDecoratedOperator): task_calcular_pu_virgo> on 2023-03-10 00:00:00+00:00
[2023-03-14T14:47:40.387+0000] {standard_task_runner.py:55} INFO - Started process 636 to run task
[2023-03-14T14:47:40.394+0000] {standard_task_runner.py:82} INFO - Running: ['***', 'tasks', 'run', 'geracao_txt_b3_v2', 'task_calcular_pu_virgo', 'scheduled__2023-03-10T00:00:00+00:00', '--job-id', '399', '--raw', '--subdir', 'DAGS_FOLDER/examples/geracao_txt_v2.py', '--cfg-path', '/tmp/tmp7nyiii2v']
[2023-03-14T14:47:40.405+0000] {standard_task_runner.py:83} INFO - Job 399: Subtask task_calcular_pu_virgo
[2023-03-14T14:47:40.593+0000] {task_command.py:388} INFO - Running <TaskInstance: geracao_txt_b3_v2.task_calcular_pu_virgo scheduled__2023-03-10T00:00:00+00:00 [running]> on host 40565fc59ef6
[2023-03-14T14:47:40.940+0000] {taskinstance.py:1509} INFO - Exporting the following env vars:
AIRFLOW_CTX_DAG_OWNER=alexandre.yoshimatsu
AIRFLOW_CTX_DAG_ID=geracao_txt_b3_v2
AIRFLOW_CTX_TASK_ID=task_calcular_pu_virgo
AIRFLOW_CTX_EXECUTION_DATE=2023-03-10T00:00:00+00:00
AIRFLOW_CTX_TRY_NUMBER=1
AIRFLOW_CTX_DAG_RUN_ID=scheduled__2023-03-10T00:00:00+00:00
[2023-03-14T14:47:40.970+0000] {logging_mixin.py:137} INFO - ['xyz', 'abc', 'dfg', 'hij', 'opq']
[2023-03-14T14:47:40.970+0000] {python.py:177} INFO - Done. Returned value was: None
[2023-03-14T14:47:41.030+0000] {taskinstance.py:1323} INFO - Marking task as SUCCESS. dag_id=geracao_txt_b3_v2, task_id=task_calcular_pu_virgo, execution_date=20230310T000000, start_date=20230314T144740, end_date=20230314T144741
[2023-03-14T14:47:41.111+0000] {local_task_job.py:208} INFO - Task exited with return code 0
[2023-03-14T14:47:41.152+0000] {taskinstance.py:2578} INFO - 1 downstream tasks scheduled from follow-on schedule check
