[2023-03-11T22:23:03.000+0000] {taskinstance.py:1083} INFO - Dependencies all met for <TaskInstance: EXAMPLE_taskgroups.init manual__2023-03-11T22:23:00.720214+00:00 [queued]>
[2023-03-11T22:23:03.017+0000] {taskinstance.py:1083} INFO - Dependencies all met for <TaskInstance: EXAMPLE_taskgroups.init manual__2023-03-11T22:23:00.720214+00:00 [queued]>
[2023-03-11T22:23:03.018+0000] {taskinstance.py:1279} INFO - 
--------------------------------------------------------------------------------
[2023-03-11T22:23:03.018+0000] {taskinstance.py:1280} INFO - Starting attempt 1 of 1
[2023-03-11T22:23:03.018+0000] {taskinstance.py:1281} INFO - 
--------------------------------------------------------------------------------
[2023-03-11T22:23:03.049+0000] {taskinstance.py:1300} INFO - Executing <Task(_PythonDecoratedOperator): init> on 2023-03-11 22:23:00.720214+00:00
[2023-03-11T22:23:03.055+0000] {standard_task_runner.py:55} INFO - Started process 7586 to run task
[2023-03-11T22:23:03.060+0000] {standard_task_runner.py:82} INFO - Running: ['***', 'tasks', 'run', 'EXAMPLE_taskgroups', 'init', 'manual__2023-03-11T22:23:00.720214+00:00', '--job-id', '1615', '--raw', '--subdir', 'DAGS_FOLDER/examples/taskgroup.py', '--cfg-path', '/tmp/tmp7nventk_']
[2023-03-11T22:23:03.061+0000] {standard_task_runner.py:83} INFO - Job 1615: Subtask init
[2023-03-11T22:23:03.166+0000] {task_command.py:388} INFO - Running <TaskInstance: EXAMPLE_taskgroups.init manual__2023-03-11T22:23:00.720214+00:00 [running]> on host 64900e5b98c9
[2023-03-11T22:23:03.298+0000] {taskinstance.py:1509} INFO - Exporting the following env vars:
AIRFLOW_CTX_DAG_OWNER=***
AIRFLOW_CTX_DAG_ID=EXAMPLE_taskgroups
AIRFLOW_CTX_TASK_ID=init
AIRFLOW_CTX_EXECUTION_DATE=2023-03-11T22:23:00.720214+00:00
AIRFLOW_CTX_TRY_NUMBER=1
AIRFLOW_CTX_DAG_RUN_ID=manual__2023-03-11T22:23:00.720214+00:00
[2023-03-11T22:23:03.299+0000] {python.py:177} INFO - Done. Returned value was: 0
[2023-03-11T22:23:03.356+0000] {taskinstance.py:1323} INFO - Marking task as SUCCESS. dag_id=EXAMPLE_taskgroups, task_id=init, execution_date=20230311T222300, start_date=20230311T222303, end_date=20230311T222303
[2023-03-11T22:23:03.434+0000] {local_task_job.py:208} INFO - Task exited with return code 0
[2023-03-11T22:23:03.477+0000] {taskinstance.py:2578} INFO - 3 downstream tasks scheduled from follow-on schedule check
