[2023-03-11T18:43:59.512+0000] {taskinstance.py:1083} INFO - Dependencies all met for <TaskInstance: our_dag_with_python_operator_v07.get_age scheduled__2022-10-06T00:00:00+00:00 [queued]>
[2023-03-11T18:43:59.636+0000] {taskinstance.py:1083} INFO - Dependencies all met for <TaskInstance: our_dag_with_python_operator_v07.get_age scheduled__2022-10-06T00:00:00+00:00 [queued]>
[2023-03-11T18:43:59.637+0000] {taskinstance.py:1279} INFO - 
--------------------------------------------------------------------------------
[2023-03-11T18:43:59.643+0000] {taskinstance.py:1280} INFO - Starting attempt 1 of 6
[2023-03-11T18:43:59.645+0000] {taskinstance.py:1281} INFO - 
--------------------------------------------------------------------------------
[2023-03-11T18:43:59.943+0000] {taskinstance.py:1300} INFO - Executing <Task(PythonOperator): get_age> on 2022-10-06 00:00:00+00:00
[2023-03-11T18:44:00.002+0000] {standard_task_runner.py:55} INFO - Started process 2813 to run task
[2023-03-11T18:44:00.034+0000] {standard_task_runner.py:82} INFO - Running: ['***', 'tasks', 'run', 'our_dag_with_python_operator_v07', 'get_age', 'scheduled__2022-10-06T00:00:00+00:00', '--job-id', '1100', '--raw', '--subdir', 'DAGS_FOLDER/examples/create_dag_with_python_operator.py', '--cfg-path', '/tmp/tmp1d6upx8x']
[2023-03-11T18:44:00.057+0000] {standard_task_runner.py:83} INFO - Job 1100: Subtask get_age
[2023-03-11T18:44:00.745+0000] {task_command.py:388} INFO - Running <TaskInstance: our_dag_with_python_operator_v07.get_age scheduled__2022-10-06T00:00:00+00:00 [running]> on host 64900e5b98c9
[2023-03-11T18:44:01.664+0000] {taskinstance.py:1509} INFO - Exporting the following env vars:
AIRFLOW_CTX_DAG_OWNER=coder2j
AIRFLOW_CTX_DAG_ID=our_dag_with_python_operator_v07
AIRFLOW_CTX_TASK_ID=get_age
AIRFLOW_CTX_EXECUTION_DATE=2022-10-06T00:00:00+00:00
AIRFLOW_CTX_TRY_NUMBER=1
AIRFLOW_CTX_DAG_RUN_ID=scheduled__2022-10-06T00:00:00+00:00
[2023-03-11T18:44:01.840+0000] {python.py:177} INFO - Done. Returned value was: None
[2023-03-11T18:44:01.957+0000] {taskinstance.py:1323} INFO - Marking task as SUCCESS. dag_id=our_dag_with_python_operator_v07, task_id=get_age, execution_date=20221006T000000, start_date=20230311T184359, end_date=20230311T184401
[2023-03-11T18:44:02.199+0000] {local_task_job.py:208} INFO - Task exited with return code 0
[2023-03-11T18:44:02.445+0000] {taskinstance.py:2578} INFO - 1 downstream tasks scheduled from follow-on schedule check
