[2023-03-11T18:40:11.145+0000] {taskinstance.py:1083} INFO - Dependencies all met for <TaskInstance: our_dag_with_python_operator_v07.get_name scheduled__2022-07-03T00:00:00+00:00 [queued]>
[2023-03-11T18:40:11.345+0000] {taskinstance.py:1083} INFO - Dependencies all met for <TaskInstance: our_dag_with_python_operator_v07.get_name scheduled__2022-07-03T00:00:00+00:00 [queued]>
[2023-03-11T18:40:11.345+0000] {taskinstance.py:1279} INFO - 
--------------------------------------------------------------------------------
[2023-03-11T18:40:11.346+0000] {taskinstance.py:1280} INFO - Starting attempt 1 of 6
[2023-03-11T18:40:11.346+0000] {taskinstance.py:1281} INFO - 
--------------------------------------------------------------------------------
[2023-03-11T18:40:11.582+0000] {taskinstance.py:1300} INFO - Executing <Task(PythonOperator): get_name> on 2022-07-03 00:00:00+00:00
[2023-03-11T18:40:11.626+0000] {standard_task_runner.py:55} INFO - Started process 2102 to run task
[2023-03-11T18:40:11.683+0000] {standard_task_runner.py:82} INFO - Running: ['***', 'tasks', 'run', 'our_dag_with_python_operator_v07', 'get_name', 'scheduled__2022-07-03T00:00:00+00:00', '--job-id', '804', '--raw', '--subdir', 'DAGS_FOLDER/examples/create_dag_with_python_operator.py', '--cfg-path', '/tmp/tmpzv3xln32']
[2023-03-11T18:40:11.684+0000] {standard_task_runner.py:83} INFO - Job 804: Subtask get_name
[2023-03-11T18:40:12.209+0000] {task_command.py:388} INFO - Running <TaskInstance: our_dag_with_python_operator_v07.get_name scheduled__2022-07-03T00:00:00+00:00 [running]> on host 64900e5b98c9
[2023-03-11T18:40:13.517+0000] {taskinstance.py:1509} INFO - Exporting the following env vars:
AIRFLOW_CTX_DAG_OWNER=coder2j
AIRFLOW_CTX_DAG_ID=our_dag_with_python_operator_v07
AIRFLOW_CTX_TASK_ID=get_name
AIRFLOW_CTX_EXECUTION_DATE=2022-07-03T00:00:00+00:00
AIRFLOW_CTX_TRY_NUMBER=1
AIRFLOW_CTX_DAG_RUN_ID=scheduled__2022-07-03T00:00:00+00:00
[2023-03-11T18:40:13.856+0000] {python.py:177} INFO - Done. Returned value was: None
[2023-03-11T18:40:13.949+0000] {taskinstance.py:1323} INFO - Marking task as SUCCESS. dag_id=our_dag_with_python_operator_v07, task_id=get_name, execution_date=20220703T000000, start_date=20230311T184011, end_date=20230311T184013
[2023-03-11T18:40:14.328+0000] {local_task_job.py:208} INFO - Task exited with return code 0
[2023-03-11T18:40:14.645+0000] {taskinstance.py:2578} INFO - 1 downstream tasks scheduled from follow-on schedule check
