[2023-03-11T18:50:47.675+0000] {taskinstance.py:1083} INFO - Dependencies all met for <TaskInstance: our_dag_with_python_operator_v07.greet scheduled__2023-02-26T00:00:00+00:00 [queued]>
[2023-03-11T18:50:47.801+0000] {taskinstance.py:1083} INFO - Dependencies all met for <TaskInstance: our_dag_with_python_operator_v07.greet scheduled__2023-02-26T00:00:00+00:00 [queued]>
[2023-03-11T18:50:47.801+0000] {taskinstance.py:1279} INFO - 
--------------------------------------------------------------------------------
[2023-03-11T18:50:47.801+0000] {taskinstance.py:1280} INFO - Starting attempt 1 of 6
[2023-03-11T18:50:47.801+0000] {taskinstance.py:1281} INFO - 
--------------------------------------------------------------------------------
[2023-03-11T18:50:47.982+0000] {taskinstance.py:1300} INFO - Executing <Task(PythonOperator): greet> on 2023-02-26 00:00:00+00:00
[2023-03-11T18:50:48.017+0000] {standard_task_runner.py:55} INFO - Started process 3935 to run task
[2023-03-11T18:50:48.026+0000] {standard_task_runner.py:82} INFO - Running: ['***', 'tasks', 'run', 'our_dag_with_python_operator_v07', 'greet', 'scheduled__2023-02-26T00:00:00+00:00', '--job-id', '1558', '--raw', '--subdir', 'DAGS_FOLDER/examples/create_dag_with_python_operator.py', '--cfg-path', '/tmp/tmpstspb0yq']
[2023-03-11T18:50:48.051+0000] {standard_task_runner.py:83} INFO - Job 1558: Subtask greet
[2023-03-11T18:50:48.512+0000] {task_command.py:388} INFO - Running <TaskInstance: our_dag_with_python_operator_v07.greet scheduled__2023-02-26T00:00:00+00:00 [running]> on host 64900e5b98c9
[2023-03-11T18:50:49.298+0000] {taskinstance.py:1509} INFO - Exporting the following env vars:
AIRFLOW_CTX_DAG_OWNER=coder2j
AIRFLOW_CTX_DAG_ID=our_dag_with_python_operator_v07
AIRFLOW_CTX_TASK_ID=greet
AIRFLOW_CTX_EXECUTION_DATE=2023-02-26T00:00:00+00:00
AIRFLOW_CTX_TRY_NUMBER=1
AIRFLOW_CTX_DAG_RUN_ID=scheduled__2023-02-26T00:00:00+00:00
[2023-03-11T18:50:49.300+0000] {logging_mixin.py:137} INFO - some dict:  {'a': 1, 'b': 2}
[2023-03-11T18:50:49.462+0000] {logging_mixin.py:137} INFO - Hello World! My name is Jerry Fridman, and I am 19 years old!
[2023-03-11T18:50:49.463+0000] {python.py:177} INFO - Done. Returned value was: None
[2023-03-11T18:50:49.501+0000] {taskinstance.py:1323} INFO - Marking task as SUCCESS. dag_id=our_dag_with_python_operator_v07, task_id=greet, execution_date=20230226T000000, start_date=20230311T185047, end_date=20230311T185049
[2023-03-11T18:50:49.596+0000] {local_task_job.py:208} INFO - Task exited with return code 0
[2023-03-11T18:50:49.740+0000] {taskinstance.py:2578} INFO - 0 downstream tasks scheduled from follow-on schedule check
