[2023-03-11T18:44:45.767+0000] {taskinstance.py:1083} INFO - Dependencies all met for <TaskInstance: our_dag_with_python_operator_v07.greet scheduled__2022-10-25T00:00:00+00:00 [queued]>
[2023-03-11T18:44:45.819+0000] {taskinstance.py:1083} INFO - Dependencies all met for <TaskInstance: our_dag_with_python_operator_v07.greet scheduled__2022-10-25T00:00:00+00:00 [queued]>
[2023-03-11T18:44:45.819+0000] {taskinstance.py:1279} INFO - 
--------------------------------------------------------------------------------
[2023-03-11T18:44:45.819+0000] {taskinstance.py:1280} INFO - Starting attempt 1 of 6
[2023-03-11T18:44:45.820+0000] {taskinstance.py:1281} INFO - 
--------------------------------------------------------------------------------
[2023-03-11T18:44:45.933+0000] {taskinstance.py:1300} INFO - Executing <Task(PythonOperator): greet> on 2022-10-25 00:00:00+00:00
[2023-03-11T18:44:45.951+0000] {standard_task_runner.py:55} INFO - Started process 2963 to run task
[2023-03-11T18:44:45.959+0000] {standard_task_runner.py:82} INFO - Running: ['***', 'tasks', 'run', 'our_dag_with_python_operator_v07', 'greet', 'scheduled__2022-10-25T00:00:00+00:00', '--job-id', '1165', '--raw', '--subdir', 'DAGS_FOLDER/examples/create_dag_with_python_operator.py', '--cfg-path', '/tmp/tmpalr677r0']
[2023-03-11T18:44:45.960+0000] {standard_task_runner.py:83} INFO - Job 1165: Subtask greet
[2023-03-11T18:44:46.212+0000] {task_command.py:388} INFO - Running <TaskInstance: our_dag_with_python_operator_v07.greet scheduled__2022-10-25T00:00:00+00:00 [running]> on host 64900e5b98c9
[2023-03-11T18:44:46.469+0000] {taskinstance.py:1509} INFO - Exporting the following env vars:
AIRFLOW_CTX_DAG_OWNER=coder2j
AIRFLOW_CTX_DAG_ID=our_dag_with_python_operator_v07
AIRFLOW_CTX_TASK_ID=greet
AIRFLOW_CTX_EXECUTION_DATE=2022-10-25T00:00:00+00:00
AIRFLOW_CTX_TRY_NUMBER=1
AIRFLOW_CTX_DAG_RUN_ID=scheduled__2022-10-25T00:00:00+00:00
[2023-03-11T18:44:46.471+0000] {logging_mixin.py:137} INFO - some dict:  {'a': 1, 'b': 2}
[2023-03-11T18:44:46.521+0000] {logging_mixin.py:137} INFO - Hello World! My name is Jerry Fridman, and I am 19 years old!
[2023-03-11T18:44:46.521+0000] {python.py:177} INFO - Done. Returned value was: None
[2023-03-11T18:44:46.546+0000] {taskinstance.py:1323} INFO - Marking task as SUCCESS. dag_id=our_dag_with_python_operator_v07, task_id=greet, execution_date=20221025T000000, start_date=20230311T184445, end_date=20230311T184446
[2023-03-11T18:44:46.593+0000] {local_task_job.py:208} INFO - Task exited with return code 0
[2023-03-11T18:44:46.623+0000] {taskinstance.py:2578} INFO - 0 downstream tasks scheduled from follow-on schedule check
