[2023-03-11T18:29:41.442+0000] {taskinstance.py:1083} INFO - Dependencies all met for <TaskInstance: our_dag_with_python_operator_v07.greet manual__2023-03-11T18:29:02.932356+00:00 [queued]>
[2023-03-11T18:29:41.686+0000] {taskinstance.py:1083} INFO - Dependencies all met for <TaskInstance: our_dag_with_python_operator_v07.greet manual__2023-03-11T18:29:02.932356+00:00 [queued]>
[2023-03-11T18:29:41.688+0000] {taskinstance.py:1279} INFO - 
--------------------------------------------------------------------------------
[2023-03-11T18:29:41.689+0000] {taskinstance.py:1280} INFO - Starting attempt 1 of 6
[2023-03-11T18:29:41.690+0000] {taskinstance.py:1281} INFO - 
--------------------------------------------------------------------------------
[2023-03-11T18:29:41.767+0000] {taskinstance.py:1300} INFO - Executing <Task(PythonOperator): greet> on 2023-03-11 18:29:02.932356+00:00
[2023-03-11T18:29:41.775+0000] {standard_task_runner.py:55} INFO - Started process 254 to run task
[2023-03-11T18:29:41.804+0000] {standard_task_runner.py:82} INFO - Running: ['***', 'tasks', 'run', 'our_dag_with_python_operator_v07', 'greet', 'manual__2023-03-11T18:29:02.932356+00:00', '--job-id', '45', '--raw', '--subdir', 'DAGS_FOLDER/examples/create_dag_with_python_operator.py', '--cfg-path', '/tmp/tmp5aw1mxne']
[2023-03-11T18:29:41.809+0000] {standard_task_runner.py:83} INFO - Job 45: Subtask greet
[2023-03-11T18:29:42.126+0000] {task_command.py:388} INFO - Running <TaskInstance: our_dag_with_python_operator_v07.greet manual__2023-03-11T18:29:02.932356+00:00 [running]> on host 64900e5b98c9
[2023-03-11T18:29:42.727+0000] {taskinstance.py:1509} INFO - Exporting the following env vars:
AIRFLOW_CTX_DAG_OWNER=coder2j
AIRFLOW_CTX_DAG_ID=our_dag_with_python_operator_v07
AIRFLOW_CTX_TASK_ID=greet
AIRFLOW_CTX_EXECUTION_DATE=2023-03-11T18:29:02.932356+00:00
AIRFLOW_CTX_TRY_NUMBER=1
AIRFLOW_CTX_DAG_RUN_ID=manual__2023-03-11T18:29:02.932356+00:00
[2023-03-11T18:29:42.729+0000] {logging_mixin.py:137} INFO - some dict:  {'a': 1, 'b': 2}
[2023-03-11T18:29:42.948+0000] {logging_mixin.py:137} INFO - Hello World! My name is Jerry Fridman, and I am 19 years old!
[2023-03-11T18:29:42.957+0000] {python.py:177} INFO - Done. Returned value was: None
[2023-03-11T18:29:43.092+0000] {taskinstance.py:1323} INFO - Marking task as SUCCESS. dag_id=our_dag_with_python_operator_v07, task_id=greet, execution_date=20230311T182902, start_date=20230311T182941, end_date=20230311T182943
[2023-03-11T18:29:43.312+0000] {local_task_job.py:208} INFO - Task exited with return code 0
[2023-03-11T18:29:43.489+0000] {taskinstance.py:2578} INFO - 0 downstream tasks scheduled from follow-on schedule check
