[2023-03-11T22:23:07.490+0000] {taskinstance.py:1083} INFO - Dependencies all met for <TaskInstance: EXAMPLE_taskgroups.group_2.subtask_4 manual__2023-03-11T22:23:00.720214+00:00 [queued]>
[2023-03-11T22:23:07.503+0000] {taskinstance.py:1083} INFO - Dependencies all met for <TaskInstance: EXAMPLE_taskgroups.group_2.subtask_4 manual__2023-03-11T22:23:00.720214+00:00 [queued]>
[2023-03-11T22:23:07.504+0000] {taskinstance.py:1279} INFO - 
--------------------------------------------------------------------------------
[2023-03-11T22:23:07.504+0000] {taskinstance.py:1280} INFO - Starting attempt 1 of 1
[2023-03-11T22:23:07.504+0000] {taskinstance.py:1281} INFO - 
--------------------------------------------------------------------------------
[2023-03-11T22:23:07.530+0000] {taskinstance.py:1300} INFO - Executing <Task(_PythonDecoratedOperator): group_2.subtask_4> on 2023-03-11 22:23:00.720214+00:00
[2023-03-11T22:23:07.536+0000] {standard_task_runner.py:55} INFO - Started process 7594 to run task
[2023-03-11T22:23:07.540+0000] {standard_task_runner.py:82} INFO - Running: ['***', 'tasks', 'run', 'EXAMPLE_taskgroups', 'group_2.subtask_4', 'manual__2023-03-11T22:23:00.720214+00:00', '--job-id', '1619', '--raw', '--subdir', 'DAGS_FOLDER/examples/taskgroup.py', '--cfg-path', '/tmp/tmpdzw3rebs']
[2023-03-11T22:23:07.541+0000] {standard_task_runner.py:83} INFO - Job 1619: Subtask group_2.subtask_4
[2023-03-11T22:23:07.628+0000] {task_command.py:388} INFO - Running <TaskInstance: EXAMPLE_taskgroups.group_2.subtask_4 manual__2023-03-11T22:23:00.720214+00:00 [running]> on host 64900e5b98c9
[2023-03-11T22:23:07.859+0000] {taskinstance.py:1509} INFO - Exporting the following env vars:
AIRFLOW_CTX_DAG_OWNER=***
AIRFLOW_CTX_DAG_ID=EXAMPLE_taskgroups
AIRFLOW_CTX_TASK_ID=group_2.subtask_4
AIRFLOW_CTX_EXECUTION_DATE=2023-03-11T22:23:00.720214+00:00
AIRFLOW_CTX_TRY_NUMBER=1
AIRFLOW_CTX_DAG_RUN_ID=manual__2023-03-11T22:23:00.720214+00:00
[2023-03-11T22:23:07.860+0000] {python.py:177} INFO - Done. Returned value was: 6
[2023-03-11T22:23:07.893+0000] {taskinstance.py:1323} INFO - Marking task as SUCCESS. dag_id=EXAMPLE_taskgroups, task_id=group_2.subtask_4, execution_date=20230311T222300, start_date=20230311T222307, end_date=20230311T222307
[2023-03-11T22:23:07.934+0000] {local_task_job.py:208} INFO - Task exited with return code 0
[2023-03-11T22:23:07.973+0000] {taskinstance.py:2578} INFO - 1 downstream tasks scheduled from follow-on schedule check
