[2023-03-11T18:30:46.465+0000] {taskinstance.py:1083} INFO - Dependencies all met for <TaskInstance: our_dag_with_python_operator_v07.get_name scheduled__2021-11-14T00:00:00+00:00 [queued]>
[2023-03-11T18:30:46.538+0000] {taskinstance.py:1083} INFO - Dependencies all met for <TaskInstance: our_dag_with_python_operator_v07.get_name scheduled__2021-11-14T00:00:00+00:00 [queued]>
[2023-03-11T18:30:46.538+0000] {taskinstance.py:1279} INFO - 
--------------------------------------------------------------------------------
[2023-03-11T18:30:46.538+0000] {taskinstance.py:1280} INFO - Starting attempt 1 of 6
[2023-03-11T18:30:46.539+0000] {taskinstance.py:1281} INFO - 
--------------------------------------------------------------------------------
[2023-03-11T18:30:46.806+0000] {taskinstance.py:1300} INFO - Executing <Task(PythonOperator): get_name> on 2021-11-14 00:00:00+00:00
[2023-03-11T18:30:46.951+0000] {standard_task_runner.py:55} INFO - Started process 423 to run task
[2023-03-11T18:30:47.003+0000] {standard_task_runner.py:82} INFO - Running: ['***', 'tasks', 'run', 'our_dag_with_python_operator_v07', 'get_name', 'scheduled__2021-11-14T00:00:00+00:00', '--job-id', '113', '--raw', '--subdir', 'DAGS_FOLDER/examples/create_dag_with_python_operator.py', '--cfg-path', '/tmp/tmpxqwgfpid']
[2023-03-11T18:30:47.024+0000] {standard_task_runner.py:83} INFO - Job 113: Subtask get_name
[2023-03-11T18:30:48.440+0000] {task_command.py:388} INFO - Running <TaskInstance: our_dag_with_python_operator_v07.get_name scheduled__2021-11-14T00:00:00+00:00 [running]> on host 64900e5b98c9
[2023-03-11T18:30:49.757+0000] {taskinstance.py:1509} INFO - Exporting the following env vars:
AIRFLOW_CTX_DAG_OWNER=coder2j
AIRFLOW_CTX_DAG_ID=our_dag_with_python_operator_v07
AIRFLOW_CTX_TASK_ID=get_name
AIRFLOW_CTX_EXECUTION_DATE=2021-11-14T00:00:00+00:00
AIRFLOW_CTX_TRY_NUMBER=1
AIRFLOW_CTX_DAG_RUN_ID=scheduled__2021-11-14T00:00:00+00:00
[2023-03-11T18:30:50.214+0000] {python.py:177} INFO - Done. Returned value was: None
[2023-03-11T18:30:50.353+0000] {taskinstance.py:1323} INFO - Marking task as SUCCESS. dag_id=our_dag_with_python_operator_v07, task_id=get_name, execution_date=20211114T000000, start_date=20230311T183046, end_date=20230311T183050
[2023-03-11T18:30:50.718+0000] {local_task_job.py:208} INFO - Task exited with return code 0
[2023-03-11T18:30:51.501+0000] {taskinstance.py:2578} INFO - 0 downstream tasks scheduled from follow-on schedule check
