[2023-03-11T18:43:58.951+0000] {taskinstance.py:1083} INFO - Dependencies all met for <TaskInstance: our_dag_with_python_operator_v07.get_age scheduled__2022-10-10T00:00:00+00:00 [queued]>
[2023-03-11T18:43:59.088+0000] {taskinstance.py:1083} INFO - Dependencies all met for <TaskInstance: our_dag_with_python_operator_v07.get_age scheduled__2022-10-10T00:00:00+00:00 [queued]>
[2023-03-11T18:43:59.088+0000] {taskinstance.py:1279} INFO - 
--------------------------------------------------------------------------------
[2023-03-11T18:43:59.088+0000] {taskinstance.py:1280} INFO - Starting attempt 1 of 6
[2023-03-11T18:43:59.088+0000] {taskinstance.py:1281} INFO - 
--------------------------------------------------------------------------------
[2023-03-11T18:43:59.292+0000] {taskinstance.py:1300} INFO - Executing <Task(PythonOperator): get_age> on 2022-10-10 00:00:00+00:00
[2023-03-11T18:43:59.348+0000] {standard_task_runner.py:55} INFO - Started process 2808 to run task
[2023-03-11T18:43:59.420+0000] {standard_task_runner.py:82} INFO - Running: ['***', 'tasks', 'run', 'our_dag_with_python_operator_v07', 'get_age', 'scheduled__2022-10-10T00:00:00+00:00', '--job-id', '1099', '--raw', '--subdir', 'DAGS_FOLDER/examples/create_dag_with_python_operator.py', '--cfg-path', '/tmp/tmpug7o0qlu']
[2023-03-11T18:43:59.421+0000] {standard_task_runner.py:83} INFO - Job 1099: Subtask get_age
[2023-03-11T18:44:00.247+0000] {task_command.py:388} INFO - Running <TaskInstance: our_dag_with_python_operator_v07.get_age scheduled__2022-10-10T00:00:00+00:00 [running]> on host 64900e5b98c9
[2023-03-11T18:44:00.924+0000] {taskinstance.py:1509} INFO - Exporting the following env vars:
AIRFLOW_CTX_DAG_OWNER=coder2j
AIRFLOW_CTX_DAG_ID=our_dag_with_python_operator_v07
AIRFLOW_CTX_TASK_ID=get_age
AIRFLOW_CTX_EXECUTION_DATE=2022-10-10T00:00:00+00:00
AIRFLOW_CTX_TRY_NUMBER=1
AIRFLOW_CTX_DAG_RUN_ID=scheduled__2022-10-10T00:00:00+00:00
[2023-03-11T18:44:01.135+0000] {python.py:177} INFO - Done. Returned value was: None
[2023-03-11T18:44:01.289+0000] {taskinstance.py:1323} INFO - Marking task as SUCCESS. dag_id=our_dag_with_python_operator_v07, task_id=get_age, execution_date=20221010T000000, start_date=20230311T184358, end_date=20230311T184401
[2023-03-11T18:44:01.510+0000] {local_task_job.py:208} INFO - Task exited with return code 0
[2023-03-11T18:44:01.773+0000] {taskinstance.py:2578} INFO - 0 downstream tasks scheduled from follow-on schedule check
