[2023-03-11T18:39:04.163+0000] {taskinstance.py:1083} INFO - Dependencies all met for <TaskInstance: our_dag_with_python_operator_v07.greet scheduled__2022-05-29T00:00:00+00:00 [queued]>
[2023-03-11T18:39:04.215+0000] {taskinstance.py:1083} INFO - Dependencies all met for <TaskInstance: our_dag_with_python_operator_v07.greet scheduled__2022-05-29T00:00:00+00:00 [queued]>
[2023-03-11T18:39:04.216+0000] {taskinstance.py:1279} INFO - 
--------------------------------------------------------------------------------
[2023-03-11T18:39:04.216+0000] {taskinstance.py:1280} INFO - Starting attempt 1 of 6
[2023-03-11T18:39:04.216+0000] {taskinstance.py:1281} INFO - 
--------------------------------------------------------------------------------
[2023-03-11T18:39:04.418+0000] {taskinstance.py:1300} INFO - Executing <Task(PythonOperator): greet> on 2022-05-29 00:00:00+00:00
[2023-03-11T18:39:04.484+0000] {standard_task_runner.py:82} INFO - Running: ['***', 'tasks', 'run', 'our_dag_with_python_operator_v07', 'greet', 'scheduled__2022-05-29T00:00:00+00:00', '--job-id', '720', '--raw', '--subdir', 'DAGS_FOLDER/examples/create_dag_with_python_operator.py', '--cfg-path', '/tmp/tmpc0p0i1ha']
[2023-03-11T18:39:04.485+0000] {standard_task_runner.py:83} INFO - Job 720: Subtask greet
[2023-03-11T18:39:04.438+0000] {standard_task_runner.py:55} INFO - Started process 1887 to run task
[2023-03-11T18:39:05.040+0000] {task_command.py:388} INFO - Running <TaskInstance: our_dag_with_python_operator_v07.greet scheduled__2022-05-29T00:00:00+00:00 [running]> on host 64900e5b98c9
[2023-03-11T18:39:05.664+0000] {taskinstance.py:1509} INFO - Exporting the following env vars:
AIRFLOW_CTX_DAG_OWNER=coder2j
AIRFLOW_CTX_DAG_ID=our_dag_with_python_operator_v07
AIRFLOW_CTX_TASK_ID=greet
AIRFLOW_CTX_EXECUTION_DATE=2022-05-29T00:00:00+00:00
AIRFLOW_CTX_TRY_NUMBER=1
AIRFLOW_CTX_DAG_RUN_ID=scheduled__2022-05-29T00:00:00+00:00
[2023-03-11T18:39:05.666+0000] {logging_mixin.py:137} INFO - some dict:  {'a': 1, 'b': 2}
[2023-03-11T18:39:05.819+0000] {logging_mixin.py:137} INFO - Hello World! My name is Jerry Fridman, and I am 19 years old!
[2023-03-11T18:39:05.819+0000] {python.py:177} INFO - Done. Returned value was: None
[2023-03-11T18:39:05.894+0000] {taskinstance.py:1323} INFO - Marking task as SUCCESS. dag_id=our_dag_with_python_operator_v07, task_id=greet, execution_date=20220529T000000, start_date=20230311T183904, end_date=20230311T183905
[2023-03-11T18:39:05.997+0000] {local_task_job.py:208} INFO - Task exited with return code 0
[2023-03-11T18:39:06.099+0000] {taskinstance.py:2578} INFO - 0 downstream tasks scheduled from follow-on schedule check
