[2023-03-11T18:38:06.126+0000] {taskinstance.py:1083} INFO - Dependencies all met for <TaskInstance: our_dag_with_python_operator_v07.greet scheduled__2022-05-04T00:00:00+00:00 [queued]>
[2023-03-11T18:38:06.210+0000] {taskinstance.py:1083} INFO - Dependencies all met for <TaskInstance: our_dag_with_python_operator_v07.greet scheduled__2022-05-04T00:00:00+00:00 [queued]>
[2023-03-11T18:38:06.211+0000] {taskinstance.py:1279} INFO - 
--------------------------------------------------------------------------------
[2023-03-11T18:38:06.211+0000] {taskinstance.py:1280} INFO - Starting attempt 1 of 6
[2023-03-11T18:38:06.211+0000] {taskinstance.py:1281} INFO - 
--------------------------------------------------------------------------------
[2023-03-11T18:38:06.366+0000] {taskinstance.py:1300} INFO - Executing <Task(PythonOperator): greet> on 2022-05-04 00:00:00+00:00
[2023-03-11T18:38:06.406+0000] {standard_task_runner.py:55} INFO - Started process 1696 to run task
[2023-03-11T18:38:06.447+0000] {standard_task_runner.py:82} INFO - Running: ['***', 'tasks', 'run', 'our_dag_with_python_operator_v07', 'greet', 'scheduled__2022-05-04T00:00:00+00:00', '--job-id', '638', '--raw', '--subdir', 'DAGS_FOLDER/examples/create_dag_with_python_operator.py', '--cfg-path', '/tmp/tmpu20w7q11']
[2023-03-11T18:38:06.467+0000] {standard_task_runner.py:83} INFO - Job 638: Subtask greet
[2023-03-11T18:38:06.962+0000] {task_command.py:388} INFO - Running <TaskInstance: our_dag_with_python_operator_v07.greet scheduled__2022-05-04T00:00:00+00:00 [running]> on host 64900e5b98c9
[2023-03-11T18:38:07.921+0000] {taskinstance.py:1509} INFO - Exporting the following env vars:
AIRFLOW_CTX_DAG_OWNER=coder2j
AIRFLOW_CTX_DAG_ID=our_dag_with_python_operator_v07
AIRFLOW_CTX_TASK_ID=greet
AIRFLOW_CTX_EXECUTION_DATE=2022-05-04T00:00:00+00:00
AIRFLOW_CTX_TRY_NUMBER=1
AIRFLOW_CTX_DAG_RUN_ID=scheduled__2022-05-04T00:00:00+00:00
[2023-03-11T18:38:07.928+0000] {logging_mixin.py:137} INFO - some dict:  {'a': 1, 'b': 2}
[2023-03-11T18:38:08.128+0000] {logging_mixin.py:137} INFO - Hello World! My name is Jerry Fridman, and I am 19 years old!
[2023-03-11T18:38:08.129+0000] {python.py:177} INFO - Done. Returned value was: None
[2023-03-11T18:38:08.216+0000] {taskinstance.py:1323} INFO - Marking task as SUCCESS. dag_id=our_dag_with_python_operator_v07, task_id=greet, execution_date=20220504T000000, start_date=20230311T183806, end_date=20230311T183808
[2023-03-11T18:38:08.377+0000] {local_task_job.py:208} INFO - Task exited with return code 0
[2023-03-11T18:38:08.440+0000] {taskinstance.py:2578} INFO - 0 downstream tasks scheduled from follow-on schedule check
