[2023-03-11T18:34:59.989+0000] {taskinstance.py:1083} INFO - Dependencies all met for <TaskInstance: our_dag_with_python_operator_v07.get_name scheduled__2022-02-23T00:00:00+00:00 [queued]>
[2023-03-11T18:35:00.312+0000] {taskinstance.py:1083} INFO - Dependencies all met for <TaskInstance: our_dag_with_python_operator_v07.get_name scheduled__2022-02-23T00:00:00+00:00 [queued]>
[2023-03-11T18:35:00.317+0000] {taskinstance.py:1279} INFO - 
--------------------------------------------------------------------------------
[2023-03-11T18:35:00.318+0000] {taskinstance.py:1280} INFO - Starting attempt 1 of 6
[2023-03-11T18:35:00.318+0000] {taskinstance.py:1281} INFO - 
--------------------------------------------------------------------------------
[2023-03-11T18:35:00.853+0000] {taskinstance.py:1300} INFO - Executing <Task(PythonOperator): get_name> on 2022-02-23 00:00:00+00:00
[2023-03-11T18:35:00.947+0000] {standard_task_runner.py:82} INFO - Running: ['***', 'tasks', 'run', 'our_dag_with_python_operator_v07', 'get_name', 'scheduled__2022-02-23T00:00:00+00:00', '--job-id', '421', '--raw', '--subdir', 'DAGS_FOLDER/examples/create_dag_with_python_operator.py', '--cfg-path', '/tmp/tmpdq9mm8ba']
[2023-03-11T18:35:00.948+0000] {standard_task_runner.py:83} INFO - Job 421: Subtask get_name
[2023-03-11T18:35:00.887+0000] {standard_task_runner.py:55} INFO - Started process 1165 to run task
[2023-03-11T18:35:02.625+0000] {task_command.py:388} INFO - Running <TaskInstance: our_dag_with_python_operator_v07.get_name scheduled__2022-02-23T00:00:00+00:00 [running]> on host 64900e5b98c9
[2023-03-11T18:35:04.041+0000] {taskinstance.py:1509} INFO - Exporting the following env vars:
AIRFLOW_CTX_DAG_OWNER=coder2j
AIRFLOW_CTX_DAG_ID=our_dag_with_python_operator_v07
AIRFLOW_CTX_TASK_ID=get_name
AIRFLOW_CTX_EXECUTION_DATE=2022-02-23T00:00:00+00:00
AIRFLOW_CTX_TRY_NUMBER=1
AIRFLOW_CTX_DAG_RUN_ID=scheduled__2022-02-23T00:00:00+00:00
[2023-03-11T18:35:04.391+0000] {python.py:177} INFO - Done. Returned value was: None
[2023-03-11T18:35:04.596+0000] {taskinstance.py:1323} INFO - Marking task as SUCCESS. dag_id=our_dag_with_python_operator_v07, task_id=get_name, execution_date=20220223T000000, start_date=20230311T183500, end_date=20230311T183504
[2023-03-11T18:35:04.969+0000] {local_task_job.py:208} INFO - Task exited with return code 0
[2023-03-11T18:35:05.524+0000] {taskinstance.py:2578} INFO - 1 downstream tasks scheduled from follow-on schedule check
