[2023-03-11T18:37:50.549+0000] {taskinstance.py:1083} INFO - Dependencies all met for <TaskInstance: our_dag_with_python_operator_v07.get_name scheduled__2022-04-29T00:00:00+00:00 [queued]>
[2023-03-11T18:37:50.629+0000] {taskinstance.py:1083} INFO - Dependencies all met for <TaskInstance: our_dag_with_python_operator_v07.get_name scheduled__2022-04-29T00:00:00+00:00 [queued]>
[2023-03-11T18:37:50.634+0000] {taskinstance.py:1279} INFO - 
--------------------------------------------------------------------------------
[2023-03-11T18:37:50.635+0000] {taskinstance.py:1280} INFO - Starting attempt 1 of 6
[2023-03-11T18:37:50.635+0000] {taskinstance.py:1281} INFO - 
--------------------------------------------------------------------------------
[2023-03-11T18:37:50.747+0000] {taskinstance.py:1300} INFO - Executing <Task(PythonOperator): get_name> on 2022-04-29 00:00:00+00:00
[2023-03-11T18:37:50.816+0000] {standard_task_runner.py:55} INFO - Started process 1646 to run task
[2023-03-11T18:37:50.880+0000] {standard_task_runner.py:82} INFO - Running: ['***', 'tasks', 'run', 'our_dag_with_python_operator_v07', 'get_name', 'scheduled__2022-04-29T00:00:00+00:00', '--job-id', '614', '--raw', '--subdir', 'DAGS_FOLDER/examples/create_dag_with_python_operator.py', '--cfg-path', '/tmp/tmpf3hhlven']
[2023-03-11T18:37:50.880+0000] {standard_task_runner.py:83} INFO - Job 614: Subtask get_name
[2023-03-11T18:37:51.441+0000] {task_command.py:388} INFO - Running <TaskInstance: our_dag_with_python_operator_v07.get_name scheduled__2022-04-29T00:00:00+00:00 [running]> on host 64900e5b98c9
[2023-03-11T18:37:52.079+0000] {taskinstance.py:1509} INFO - Exporting the following env vars:
AIRFLOW_CTX_DAG_OWNER=coder2j
AIRFLOW_CTX_DAG_ID=our_dag_with_python_operator_v07
AIRFLOW_CTX_TASK_ID=get_name
AIRFLOW_CTX_EXECUTION_DATE=2022-04-29T00:00:00+00:00
AIRFLOW_CTX_TRY_NUMBER=1
AIRFLOW_CTX_DAG_RUN_ID=scheduled__2022-04-29T00:00:00+00:00
[2023-03-11T18:37:52.247+0000] {python.py:177} INFO - Done. Returned value was: None
[2023-03-11T18:37:52.297+0000] {taskinstance.py:1323} INFO - Marking task as SUCCESS. dag_id=our_dag_with_python_operator_v07, task_id=get_name, execution_date=20220429T000000, start_date=20230311T183750, end_date=20230311T183752
[2023-03-11T18:37:52.487+0000] {local_task_job.py:208} INFO - Task exited with return code 0
[2023-03-11T18:37:53.093+0000] {taskinstance.py:2578} INFO - 1 downstream tasks scheduled from follow-on schedule check
