[2023-03-12T22:42:37.347+0000] {processor.py:153} INFO - Started process (PID=2664) to work on /opt/airflow/dags/examples/geracao_txt.py
[2023-03-12T22:42:37.348+0000] {processor.py:743} INFO - Processing file /opt/airflow/dags/examples/geracao_txt.py for tasks to queue
[2023-03-12T22:42:37.349+0000] {logging_mixin.py:137} INFO - [2023-03-12T22:42:37.349+0000] {dagbag.py:538} INFO - Filling up the DagBag from /opt/airflow/dags/examples/geracao_txt.py
[2023-03-12T22:42:37.428+0000] {processor.py:753} INFO - DAG(s) dict_keys(['geracao_txt_b3']) retrieved from /opt/airflow/dags/examples/geracao_txt.py
[2023-03-12T22:42:38.414+0000] {logging_mixin.py:137} INFO - [2023-03-12T22:42:38.414+0000] {manager.py:504} INFO - Created Permission View: can delete on DAG:geracao_txt_b3
[2023-03-12T22:42:38.477+0000] {logging_mixin.py:137} INFO - [2023-03-12T22:42:38.477+0000] {manager.py:504} INFO - Created Permission View: can edit on DAG:geracao_txt_b3
[2023-03-12T22:42:38.546+0000] {logging_mixin.py:137} INFO - [2023-03-12T22:42:38.542+0000] {manager.py:504} INFO - Created Permission View: can read on DAG:geracao_txt_b3
[2023-03-12T22:42:38.547+0000] {logging_mixin.py:137} INFO - [2023-03-12T22:42:38.547+0000] {dag.py:2690} INFO - Sync 1 DAGs
[2023-03-12T22:42:38.594+0000] {logging_mixin.py:137} INFO - [2023-03-12T22:42:38.593+0000] {dag.py:2711} INFO - Creating ORM DAG for geracao_txt_b3
[2023-03-12T22:42:38.623+0000] {logging_mixin.py:137} INFO - [2023-03-12T22:42:38.623+0000] {dag.py:3441} INFO - Setting next_dagrun for geracao_txt_b3 to 2023-03-01T00:00:00+00:00, run_after=2023-03-02T00:00:00+00:00
[2023-03-12T22:42:38.760+0000] {processor.py:175} INFO - Processing /opt/airflow/dags/examples/geracao_txt.py took 1.418 seconds
[2023-03-12T22:43:08.969+0000] {processor.py:153} INFO - Started process (PID=2885) to work on /opt/airflow/dags/examples/geracao_txt.py
[2023-03-12T22:43:08.972+0000] {processor.py:743} INFO - Processing file /opt/airflow/dags/examples/geracao_txt.py for tasks to queue
[2023-03-12T22:43:08.973+0000] {logging_mixin.py:137} INFO - [2023-03-12T22:43:08.973+0000] {dagbag.py:538} INFO - Filling up the DagBag from /opt/airflow/dags/examples/geracao_txt.py
[2023-03-12T22:43:08.994+0000] {processor.py:753} INFO - DAG(s) dict_keys(['geracao_txt_b3']) retrieved from /opt/airflow/dags/examples/geracao_txt.py
[2023-03-12T22:43:09.015+0000] {logging_mixin.py:137} INFO - [2023-03-12T22:43:09.015+0000] {dag.py:2690} INFO - Sync 1 DAGs
[2023-03-12T22:43:09.036+0000] {logging_mixin.py:137} INFO - [2023-03-12T22:43:09.036+0000] {dag.py:3441} INFO - Setting next_dagrun for geracao_txt_b3 to 2023-03-01T00:00:00+00:00, run_after=2023-03-02T00:00:00+00:00
[2023-03-12T22:43:09.053+0000] {processor.py:175} INFO - Processing /opt/airflow/dags/examples/geracao_txt.py took 0.087 seconds
[2023-03-12T22:43:39.900+0000] {processor.py:153} INFO - Started process (PID=2979) to work on /opt/airflow/dags/examples/geracao_txt.py
[2023-03-12T22:43:39.903+0000] {processor.py:743} INFO - Processing file /opt/airflow/dags/examples/geracao_txt.py for tasks to queue
[2023-03-12T22:43:39.903+0000] {logging_mixin.py:137} INFO - [2023-03-12T22:43:39.903+0000] {dagbag.py:538} INFO - Filling up the DagBag from /opt/airflow/dags/examples/geracao_txt.py
[2023-03-12T22:43:39.926+0000] {processor.py:753} INFO - DAG(s) dict_keys(['geracao_txt_b3']) retrieved from /opt/airflow/dags/examples/geracao_txt.py
[2023-03-12T22:43:39.950+0000] {logging_mixin.py:137} INFO - [2023-03-12T22:43:39.949+0000] {dag.py:2690} INFO - Sync 1 DAGs
[2023-03-12T22:43:39.972+0000] {logging_mixin.py:137} INFO - [2023-03-12T22:43:39.972+0000] {dag.py:3441} INFO - Setting next_dagrun for geracao_txt_b3 to 2023-03-01T00:00:00+00:00, run_after=2023-03-02T00:00:00+00:00
[2023-03-12T22:43:39.998+0000] {processor.py:175} INFO - Processing /opt/airflow/dags/examples/geracao_txt.py took 0.101 seconds
[2023-03-12T22:44:10.269+0000] {processor.py:153} INFO - Started process (PID=3055) to work on /opt/airflow/dags/examples/geracao_txt.py
[2023-03-12T22:44:10.272+0000] {processor.py:743} INFO - Processing file /opt/airflow/dags/examples/geracao_txt.py for tasks to queue
[2023-03-12T22:44:10.273+0000] {logging_mixin.py:137} INFO - [2023-03-12T22:44:10.273+0000] {dagbag.py:538} INFO - Filling up the DagBag from /opt/airflow/dags/examples/geracao_txt.py
[2023-03-12T22:44:10.295+0000] {processor.py:753} INFO - DAG(s) dict_keys(['geracao_txt_b3']) retrieved from /opt/airflow/dags/examples/geracao_txt.py
[2023-03-12T22:44:10.316+0000] {logging_mixin.py:137} INFO - [2023-03-12T22:44:10.316+0000] {dag.py:2690} INFO - Sync 1 DAGs
[2023-03-12T22:44:10.336+0000] {logging_mixin.py:137} INFO - [2023-03-12T22:44:10.336+0000] {dag.py:3441} INFO - Setting next_dagrun for geracao_txt_b3 to 2023-03-01T00:00:00+00:00, run_after=2023-03-02T00:00:00+00:00
[2023-03-12T22:44:10.353+0000] {processor.py:175} INFO - Processing /opt/airflow/dags/examples/geracao_txt.py took 0.087 seconds
[2023-03-12T22:44:40.747+0000] {processor.py:153} INFO - Started process (PID=3147) to work on /opt/airflow/dags/examples/geracao_txt.py
[2023-03-12T22:44:40.750+0000] {processor.py:743} INFO - Processing file /opt/airflow/dags/examples/geracao_txt.py for tasks to queue
[2023-03-12T22:44:40.751+0000] {logging_mixin.py:137} INFO - [2023-03-12T22:44:40.750+0000] {dagbag.py:538} INFO - Filling up the DagBag from /opt/airflow/dags/examples/geracao_txt.py
[2023-03-12T22:44:40.772+0000] {processor.py:753} INFO - DAG(s) dict_keys(['geracao_txt_b3']) retrieved from /opt/airflow/dags/examples/geracao_txt.py
[2023-03-12T22:44:40.793+0000] {logging_mixin.py:137} INFO - [2023-03-12T22:44:40.793+0000] {dag.py:2690} INFO - Sync 1 DAGs
[2023-03-12T22:44:40.814+0000] {logging_mixin.py:137} INFO - [2023-03-12T22:44:40.814+0000] {dag.py:3441} INFO - Setting next_dagrun for geracao_txt_b3 to 2023-03-01T00:00:00+00:00, run_after=2023-03-02T00:00:00+00:00
[2023-03-12T22:44:40.832+0000] {processor.py:175} INFO - Processing /opt/airflow/dags/examples/geracao_txt.py took 0.087 seconds
[2023-03-12T22:45:11.091+0000] {processor.py:153} INFO - Started process (PID=3223) to work on /opt/airflow/dags/examples/geracao_txt.py
[2023-03-12T22:45:11.094+0000] {processor.py:743} INFO - Processing file /opt/airflow/dags/examples/geracao_txt.py for tasks to queue
[2023-03-12T22:45:11.095+0000] {logging_mixin.py:137} INFO - [2023-03-12T22:45:11.095+0000] {dagbag.py:538} INFO - Filling up the DagBag from /opt/airflow/dags/examples/geracao_txt.py
[2023-03-12T22:45:11.115+0000] {processor.py:753} INFO - DAG(s) dict_keys(['geracao_txt_b3']) retrieved from /opt/airflow/dags/examples/geracao_txt.py
[2023-03-12T22:45:11.136+0000] {logging_mixin.py:137} INFO - [2023-03-12T22:45:11.136+0000] {dag.py:2690} INFO - Sync 1 DAGs
[2023-03-12T22:45:11.155+0000] {logging_mixin.py:137} INFO - [2023-03-12T22:45:11.155+0000] {dag.py:3441} INFO - Setting next_dagrun for geracao_txt_b3 to 2023-03-01T00:00:00+00:00, run_after=2023-03-02T00:00:00+00:00
[2023-03-12T22:45:11.174+0000] {processor.py:175} INFO - Processing /opt/airflow/dags/examples/geracao_txt.py took 0.085 seconds
[2023-03-12T22:45:41.429+0000] {processor.py:153} INFO - Started process (PID=3315) to work on /opt/airflow/dags/examples/geracao_txt.py
[2023-03-12T22:45:41.432+0000] {processor.py:743} INFO - Processing file /opt/airflow/dags/examples/geracao_txt.py for tasks to queue
[2023-03-12T22:45:41.433+0000] {logging_mixin.py:137} INFO - [2023-03-12T22:45:41.433+0000] {dagbag.py:538} INFO - Filling up the DagBag from /opt/airflow/dags/examples/geracao_txt.py
[2023-03-12T22:45:41.454+0000] {processor.py:753} INFO - DAG(s) dict_keys(['geracao_txt_b3']) retrieved from /opt/airflow/dags/examples/geracao_txt.py
[2023-03-12T22:45:41.474+0000] {logging_mixin.py:137} INFO - [2023-03-12T22:45:41.474+0000] {dag.py:2690} INFO - Sync 1 DAGs
[2023-03-12T22:45:41.493+0000] {logging_mixin.py:137} INFO - [2023-03-12T22:45:41.493+0000] {dag.py:3441} INFO - Setting next_dagrun for geracao_txt_b3 to 2023-03-01T00:00:00+00:00, run_after=2023-03-02T00:00:00+00:00
[2023-03-12T22:45:41.510+0000] {processor.py:175} INFO - Processing /opt/airflow/dags/examples/geracao_txt.py took 0.085 seconds
[2023-03-12T22:46:11.875+0000] {processor.py:153} INFO - Started process (PID=3398) to work on /opt/airflow/dags/examples/geracao_txt.py
[2023-03-12T22:46:11.876+0000] {processor.py:743} INFO - Processing file /opt/airflow/dags/examples/geracao_txt.py for tasks to queue
[2023-03-12T22:46:11.877+0000] {logging_mixin.py:137} INFO - [2023-03-12T22:46:11.877+0000] {dagbag.py:538} INFO - Filling up the DagBag from /opt/airflow/dags/examples/geracao_txt.py
[2023-03-12T22:46:11.898+0000] {processor.py:753} INFO - DAG(s) dict_keys(['geracao_txt_b3']) retrieved from /opt/airflow/dags/examples/geracao_txt.py
[2023-03-12T22:46:11.919+0000] {logging_mixin.py:137} INFO - [2023-03-12T22:46:11.919+0000] {dag.py:2690} INFO - Sync 1 DAGs
[2023-03-12T22:46:11.943+0000] {logging_mixin.py:137} INFO - [2023-03-12T22:46:11.943+0000] {dag.py:3441} INFO - Setting next_dagrun for geracao_txt_b3 to 2023-03-01T00:00:00+00:00, run_after=2023-03-02T00:00:00+00:00
[2023-03-12T22:46:11.962+0000] {processor.py:175} INFO - Processing /opt/airflow/dags/examples/geracao_txt.py took 0.089 seconds
[2023-03-12T22:46:42.170+0000] {processor.py:153} INFO - Started process (PID=3484) to work on /opt/airflow/dags/examples/geracao_txt.py
[2023-03-12T22:46:42.173+0000] {processor.py:743} INFO - Processing file /opt/airflow/dags/examples/geracao_txt.py for tasks to queue
[2023-03-12T22:46:42.173+0000] {logging_mixin.py:137} INFO - [2023-03-12T22:46:42.173+0000] {dagbag.py:538} INFO - Filling up the DagBag from /opt/airflow/dags/examples/geracao_txt.py
[2023-03-12T22:46:42.193+0000] {processor.py:753} INFO - DAG(s) dict_keys(['geracao_txt_b3']) retrieved from /opt/airflow/dags/examples/geracao_txt.py
[2023-03-12T22:46:42.213+0000] {logging_mixin.py:137} INFO - [2023-03-12T22:46:42.213+0000] {dag.py:2690} INFO - Sync 1 DAGs
[2023-03-12T22:46:42.231+0000] {logging_mixin.py:137} INFO - [2023-03-12T22:46:42.231+0000] {dag.py:3441} INFO - Setting next_dagrun for geracao_txt_b3 to 2023-03-01T00:00:00+00:00, run_after=2023-03-02T00:00:00+00:00
[2023-03-12T22:46:42.250+0000] {processor.py:175} INFO - Processing /opt/airflow/dags/examples/geracao_txt.py took 0.084 seconds
[2023-03-12T22:47:12.786+0000] {processor.py:153} INFO - Started process (PID=3575) to work on /opt/airflow/dags/examples/geracao_txt.py
[2023-03-12T22:47:12.789+0000] {processor.py:743} INFO - Processing file /opt/airflow/dags/examples/geracao_txt.py for tasks to queue
[2023-03-12T22:47:12.789+0000] {logging_mixin.py:137} INFO - [2023-03-12T22:47:12.789+0000] {dagbag.py:538} INFO - Filling up the DagBag from /opt/airflow/dags/examples/geracao_txt.py
[2023-03-12T22:47:12.811+0000] {processor.py:753} INFO - DAG(s) dict_keys(['geracao_txt_b3']) retrieved from /opt/airflow/dags/examples/geracao_txt.py
[2023-03-12T22:47:12.833+0000] {logging_mixin.py:137} INFO - [2023-03-12T22:47:12.833+0000] {dag.py:2690} INFO - Sync 1 DAGs
[2023-03-12T22:47:12.851+0000] {logging_mixin.py:137} INFO - [2023-03-12T22:47:12.851+0000] {dag.py:3441} INFO - Setting next_dagrun for geracao_txt_b3 to 2023-03-01T00:00:00+00:00, run_after=2023-03-02T00:00:00+00:00
[2023-03-12T22:47:12.869+0000] {processor.py:175} INFO - Processing /opt/airflow/dags/examples/geracao_txt.py took 0.086 seconds
[2023-03-12T22:47:43.256+0000] {processor.py:153} INFO - Started process (PID=3651) to work on /opt/airflow/dags/examples/geracao_txt.py
[2023-03-12T22:47:43.259+0000] {processor.py:743} INFO - Processing file /opt/airflow/dags/examples/geracao_txt.py for tasks to queue
[2023-03-12T22:47:43.259+0000] {logging_mixin.py:137} INFO - [2023-03-12T22:47:43.259+0000] {dagbag.py:538} INFO - Filling up the DagBag from /opt/airflow/dags/examples/geracao_txt.py
[2023-03-12T22:47:43.281+0000] {processor.py:753} INFO - DAG(s) dict_keys(['geracao_txt_b3']) retrieved from /opt/airflow/dags/examples/geracao_txt.py
[2023-03-12T22:47:43.301+0000] {logging_mixin.py:137} INFO - [2023-03-12T22:47:43.301+0000] {dag.py:2690} INFO - Sync 1 DAGs
[2023-03-12T22:47:43.319+0000] {logging_mixin.py:137} INFO - [2023-03-12T22:47:43.319+0000] {dag.py:3441} INFO - Setting next_dagrun for geracao_txt_b3 to 2023-03-01T00:00:00+00:00, run_after=2023-03-02T00:00:00+00:00
[2023-03-12T22:47:43.335+0000] {processor.py:175} INFO - Processing /opt/airflow/dags/examples/geracao_txt.py took 0.082 seconds
[2023-03-12T22:48:13.601+0000] {processor.py:153} INFO - Started process (PID=3742) to work on /opt/airflow/dags/examples/geracao_txt.py
[2023-03-12T22:48:13.604+0000] {processor.py:743} INFO - Processing file /opt/airflow/dags/examples/geracao_txt.py for tasks to queue
[2023-03-12T22:48:13.604+0000] {logging_mixin.py:137} INFO - [2023-03-12T22:48:13.604+0000] {dagbag.py:538} INFO - Filling up the DagBag from /opt/airflow/dags/examples/geracao_txt.py
[2023-03-12T22:48:13.624+0000] {processor.py:753} INFO - DAG(s) dict_keys(['geracao_txt_b3']) retrieved from /opt/airflow/dags/examples/geracao_txt.py
[2023-03-12T22:48:13.646+0000] {logging_mixin.py:137} INFO - [2023-03-12T22:48:13.646+0000] {dag.py:2690} INFO - Sync 1 DAGs
[2023-03-12T22:48:13.665+0000] {logging_mixin.py:137} INFO - [2023-03-12T22:48:13.664+0000] {dag.py:3441} INFO - Setting next_dagrun for geracao_txt_b3 to 2023-03-01T00:00:00+00:00, run_after=2023-03-02T00:00:00+00:00
[2023-03-12T22:48:13.684+0000] {processor.py:175} INFO - Processing /opt/airflow/dags/examples/geracao_txt.py took 0.085 seconds
[2023-03-12T22:48:43.992+0000] {processor.py:153} INFO - Started process (PID=3818) to work on /opt/airflow/dags/examples/geracao_txt.py
[2023-03-12T22:48:43.995+0000] {processor.py:743} INFO - Processing file /opt/airflow/dags/examples/geracao_txt.py for tasks to queue
[2023-03-12T22:48:43.995+0000] {logging_mixin.py:137} INFO - [2023-03-12T22:48:43.995+0000] {dagbag.py:538} INFO - Filling up the DagBag from /opt/airflow/dags/examples/geracao_txt.py
[2023-03-12T22:48:44.018+0000] {processor.py:753} INFO - DAG(s) dict_keys(['geracao_txt_b3']) retrieved from /opt/airflow/dags/examples/geracao_txt.py
[2023-03-12T22:48:44.041+0000] {logging_mixin.py:137} INFO - [2023-03-12T22:48:44.041+0000] {dag.py:2690} INFO - Sync 1 DAGs
[2023-03-12T22:48:44.062+0000] {logging_mixin.py:137} INFO - [2023-03-12T22:48:44.061+0000] {dag.py:3441} INFO - Setting next_dagrun for geracao_txt_b3 to 2023-03-01T00:00:00+00:00, run_after=2023-03-02T00:00:00+00:00
[2023-03-12T22:48:44.081+0000] {processor.py:175} INFO - Processing /opt/airflow/dags/examples/geracao_txt.py took 0.093 seconds
[2023-03-12T22:49:14.380+0000] {processor.py:153} INFO - Started process (PID=3910) to work on /opt/airflow/dags/examples/geracao_txt.py
[2023-03-12T22:49:14.383+0000] {processor.py:743} INFO - Processing file /opt/airflow/dags/examples/geracao_txt.py for tasks to queue
[2023-03-12T22:49:14.384+0000] {logging_mixin.py:137} INFO - [2023-03-12T22:49:14.384+0000] {dagbag.py:538} INFO - Filling up the DagBag from /opt/airflow/dags/examples/geracao_txt.py
[2023-03-12T22:49:14.404+0000] {processor.py:753} INFO - DAG(s) dict_keys(['geracao_txt_b3']) retrieved from /opt/airflow/dags/examples/geracao_txt.py
[2023-03-12T22:49:14.427+0000] {logging_mixin.py:137} INFO - [2023-03-12T22:49:14.427+0000] {dag.py:2690} INFO - Sync 1 DAGs
[2023-03-12T22:49:14.446+0000] {logging_mixin.py:137} INFO - [2023-03-12T22:49:14.446+0000] {dag.py:3441} INFO - Setting next_dagrun for geracao_txt_b3 to 2023-03-01T00:00:00+00:00, run_after=2023-03-02T00:00:00+00:00
[2023-03-12T22:49:14.465+0000] {processor.py:175} INFO - Processing /opt/airflow/dags/examples/geracao_txt.py took 0.087 seconds
[2023-03-12T22:49:44.797+0000] {processor.py:153} INFO - Started process (PID=3995) to work on /opt/airflow/dags/examples/geracao_txt.py
[2023-03-12T22:49:44.800+0000] {processor.py:743} INFO - Processing file /opt/airflow/dags/examples/geracao_txt.py for tasks to queue
[2023-03-12T22:49:44.800+0000] {logging_mixin.py:137} INFO - [2023-03-12T22:49:44.800+0000] {dagbag.py:538} INFO - Filling up the DagBag from /opt/airflow/dags/examples/geracao_txt.py
[2023-03-12T22:49:44.826+0000] {processor.py:753} INFO - DAG(s) dict_keys(['geracao_txt_b3']) retrieved from /opt/airflow/dags/examples/geracao_txt.py
[2023-03-12T22:49:44.847+0000] {logging_mixin.py:137} INFO - [2023-03-12T22:49:44.847+0000] {dag.py:2690} INFO - Sync 1 DAGs
[2023-03-12T22:49:44.868+0000] {logging_mixin.py:137} INFO - [2023-03-12T22:49:44.867+0000] {dag.py:3441} INFO - Setting next_dagrun for geracao_txt_b3 to 2023-03-01T00:00:00+00:00, run_after=2023-03-02T00:00:00+00:00
[2023-03-12T22:49:44.885+0000] {processor.py:175} INFO - Processing /opt/airflow/dags/examples/geracao_txt.py took 0.090 seconds
[2023-03-12T22:50:15.231+0000] {processor.py:153} INFO - Started process (PID=4078) to work on /opt/airflow/dags/examples/geracao_txt.py
[2023-03-12T22:50:15.234+0000] {processor.py:743} INFO - Processing file /opt/airflow/dags/examples/geracao_txt.py for tasks to queue
[2023-03-12T22:50:15.234+0000] {logging_mixin.py:137} INFO - [2023-03-12T22:50:15.234+0000] {dagbag.py:538} INFO - Filling up the DagBag from /opt/airflow/dags/examples/geracao_txt.py
[2023-03-12T22:50:15.260+0000] {processor.py:753} INFO - DAG(s) dict_keys(['geracao_txt_b3']) retrieved from /opt/airflow/dags/examples/geracao_txt.py
[2023-03-12T22:50:15.281+0000] {logging_mixin.py:137} INFO - [2023-03-12T22:50:15.281+0000] {dag.py:2690} INFO - Sync 1 DAGs
[2023-03-12T22:50:15.300+0000] {logging_mixin.py:137} INFO - [2023-03-12T22:50:15.300+0000] {dag.py:3441} INFO - Setting next_dagrun for geracao_txt_b3 to 2023-03-01T00:00:00+00:00, run_after=2023-03-02T00:00:00+00:00
[2023-03-12T22:50:15.318+0000] {processor.py:175} INFO - Processing /opt/airflow/dags/examples/geracao_txt.py took 0.089 seconds
[2023-03-12T22:50:45.685+0000] {processor.py:153} INFO - Started process (PID=4170) to work on /opt/airflow/dags/examples/geracao_txt.py
[2023-03-12T22:50:45.688+0000] {processor.py:743} INFO - Processing file /opt/airflow/dags/examples/geracao_txt.py for tasks to queue
[2023-03-12T22:50:45.689+0000] {logging_mixin.py:137} INFO - [2023-03-12T22:50:45.689+0000] {dagbag.py:538} INFO - Filling up the DagBag from /opt/airflow/dags/examples/geracao_txt.py
[2023-03-12T22:50:45.709+0000] {processor.py:753} INFO - DAG(s) dict_keys(['geracao_txt_b3']) retrieved from /opt/airflow/dags/examples/geracao_txt.py
[2023-03-12T22:50:45.733+0000] {logging_mixin.py:137} INFO - [2023-03-12T22:50:45.733+0000] {dag.py:2690} INFO - Sync 1 DAGs
[2023-03-12T22:50:45.753+0000] {logging_mixin.py:137} INFO - [2023-03-12T22:50:45.753+0000] {dag.py:3441} INFO - Setting next_dagrun for geracao_txt_b3 to 2023-03-01T00:00:00+00:00, run_after=2023-03-02T00:00:00+00:00
[2023-03-12T22:50:45.774+0000] {processor.py:175} INFO - Processing /opt/airflow/dags/examples/geracao_txt.py took 0.091 seconds
[2023-03-12T22:51:16.119+0000] {processor.py:153} INFO - Started process (PID=4246) to work on /opt/airflow/dags/examples/geracao_txt.py
[2023-03-12T22:51:16.122+0000] {processor.py:743} INFO - Processing file /opt/airflow/dags/examples/geracao_txt.py for tasks to queue
[2023-03-12T22:51:16.122+0000] {logging_mixin.py:137} INFO - [2023-03-12T22:51:16.122+0000] {dagbag.py:538} INFO - Filling up the DagBag from /opt/airflow/dags/examples/geracao_txt.py
[2023-03-12T22:51:16.147+0000] {processor.py:753} INFO - DAG(s) dict_keys(['geracao_txt_b3']) retrieved from /opt/airflow/dags/examples/geracao_txt.py
[2023-03-12T22:51:16.169+0000] {logging_mixin.py:137} INFO - [2023-03-12T22:51:16.169+0000] {dag.py:2690} INFO - Sync 1 DAGs
[2023-03-12T22:51:16.189+0000] {logging_mixin.py:137} INFO - [2023-03-12T22:51:16.189+0000] {dag.py:3441} INFO - Setting next_dagrun for geracao_txt_b3 to 2023-03-01T00:00:00+00:00, run_after=2023-03-02T00:00:00+00:00
[2023-03-12T22:51:16.210+0000] {processor.py:175} INFO - Processing /opt/airflow/dags/examples/geracao_txt.py took 0.093 seconds
[2023-03-12T22:51:46.390+0000] {processor.py:153} INFO - Started process (PID=4338) to work on /opt/airflow/dags/examples/geracao_txt.py
[2023-03-12T22:51:46.392+0000] {processor.py:743} INFO - Processing file /opt/airflow/dags/examples/geracao_txt.py for tasks to queue
[2023-03-12T22:51:46.393+0000] {logging_mixin.py:137} INFO - [2023-03-12T22:51:46.393+0000] {dagbag.py:538} INFO - Filling up the DagBag from /opt/airflow/dags/examples/geracao_txt.py
[2023-03-12T22:51:46.413+0000] {processor.py:753} INFO - DAG(s) dict_keys(['geracao_txt_b3']) retrieved from /opt/airflow/dags/examples/geracao_txt.py
[2023-03-12T22:51:46.434+0000] {logging_mixin.py:137} INFO - [2023-03-12T22:51:46.434+0000] {dag.py:2690} INFO - Sync 1 DAGs
[2023-03-12T22:51:46.453+0000] {logging_mixin.py:137} INFO - [2023-03-12T22:51:46.453+0000] {dag.py:3441} INFO - Setting next_dagrun for geracao_txt_b3 to 2023-03-01T00:00:00+00:00, run_after=2023-03-02T00:00:00+00:00
[2023-03-12T22:51:46.471+0000] {processor.py:175} INFO - Processing /opt/airflow/dags/examples/geracao_txt.py took 0.084 seconds
[2023-03-12T22:52:16.919+0000] {processor.py:153} INFO - Started process (PID=4414) to work on /opt/airflow/dags/examples/geracao_txt.py
[2023-03-12T22:52:16.920+0000] {processor.py:743} INFO - Processing file /opt/airflow/dags/examples/geracao_txt.py for tasks to queue
[2023-03-12T22:52:16.921+0000] {logging_mixin.py:137} INFO - [2023-03-12T22:52:16.921+0000] {dagbag.py:538} INFO - Filling up the DagBag from /opt/airflow/dags/examples/geracao_txt.py
[2023-03-12T22:52:16.943+0000] {processor.py:753} INFO - DAG(s) dict_keys(['geracao_txt_b3']) retrieved from /opt/airflow/dags/examples/geracao_txt.py
[2023-03-12T22:52:16.965+0000] {logging_mixin.py:137} INFO - [2023-03-12T22:52:16.965+0000] {dag.py:2690} INFO - Sync 1 DAGs
[2023-03-12T22:52:16.988+0000] {logging_mixin.py:137} INFO - [2023-03-12T22:52:16.988+0000] {dag.py:3441} INFO - Setting next_dagrun for geracao_txt_b3 to 2023-03-01T00:00:00+00:00, run_after=2023-03-02T00:00:00+00:00
[2023-03-12T22:52:17.008+0000] {processor.py:175} INFO - Processing /opt/airflow/dags/examples/geracao_txt.py took 0.091 seconds
[2023-03-12T22:52:47.281+0000] {processor.py:153} INFO - Started process (PID=4507) to work on /opt/airflow/dags/examples/geracao_txt.py
[2023-03-12T22:52:47.284+0000] {processor.py:743} INFO - Processing file /opt/airflow/dags/examples/geracao_txt.py for tasks to queue
[2023-03-12T22:52:47.284+0000] {logging_mixin.py:137} INFO - [2023-03-12T22:52:47.284+0000] {dagbag.py:538} INFO - Filling up the DagBag from /opt/airflow/dags/examples/geracao_txt.py
[2023-03-12T22:52:47.304+0000] {processor.py:753} INFO - DAG(s) dict_keys(['geracao_txt_b3']) retrieved from /opt/airflow/dags/examples/geracao_txt.py
[2023-03-12T22:52:47.325+0000] {logging_mixin.py:137} INFO - [2023-03-12T22:52:47.325+0000] {dag.py:2690} INFO - Sync 1 DAGs
[2023-03-12T22:52:47.346+0000] {logging_mixin.py:137} INFO - [2023-03-12T22:52:47.346+0000] {dag.py:3441} INFO - Setting next_dagrun for geracao_txt_b3 to 2023-03-01T00:00:00+00:00, run_after=2023-03-02T00:00:00+00:00
[2023-03-12T22:52:47.366+0000] {processor.py:175} INFO - Processing /opt/airflow/dags/examples/geracao_txt.py took 0.088 seconds
[2023-03-12T22:53:17.761+0000] {processor.py:153} INFO - Started process (PID=4599) to work on /opt/airflow/dags/examples/geracao_txt.py
[2023-03-12T22:53:17.762+0000] {processor.py:743} INFO - Processing file /opt/airflow/dags/examples/geracao_txt.py for tasks to queue
[2023-03-12T22:53:17.763+0000] {logging_mixin.py:137} INFO - [2023-03-12T22:53:17.762+0000] {dagbag.py:538} INFO - Filling up the DagBag from /opt/airflow/dags/examples/geracao_txt.py
[2023-03-12T22:53:17.795+0000] {processor.py:753} INFO - DAG(s) dict_keys(['geracao_txt_b3']) retrieved from /opt/airflow/dags/examples/geracao_txt.py
[2023-03-12T22:53:17.819+0000] {logging_mixin.py:137} INFO - [2023-03-12T22:53:17.818+0000] {dag.py:2690} INFO - Sync 1 DAGs
[2023-03-12T22:53:17.856+0000] {logging_mixin.py:137} INFO - [2023-03-12T22:53:17.856+0000] {dag.py:3441} INFO - Setting next_dagrun for geracao_txt_b3 to 2023-03-01T00:00:00+00:00, run_after=2023-03-02T00:00:00+00:00
[2023-03-12T22:53:17.880+0000] {processor.py:175} INFO - Processing /opt/airflow/dags/examples/geracao_txt.py took 0.124 seconds
[2023-03-12T22:53:48.226+0000] {processor.py:153} INFO - Started process (PID=4676) to work on /opt/airflow/dags/examples/geracao_txt.py
[2023-03-12T22:53:48.227+0000] {processor.py:743} INFO - Processing file /opt/airflow/dags/examples/geracao_txt.py for tasks to queue
[2023-03-12T22:53:48.228+0000] {logging_mixin.py:137} INFO - [2023-03-12T22:53:48.228+0000] {dagbag.py:538} INFO - Filling up the DagBag from /opt/airflow/dags/examples/geracao_txt.py
[2023-03-12T22:53:48.250+0000] {processor.py:753} INFO - DAG(s) dict_keys(['geracao_txt_b3']) retrieved from /opt/airflow/dags/examples/geracao_txt.py
[2023-03-12T22:53:48.274+0000] {logging_mixin.py:137} INFO - [2023-03-12T22:53:48.274+0000] {dag.py:2690} INFO - Sync 1 DAGs
[2023-03-12T22:53:48.294+0000] {logging_mixin.py:137} INFO - [2023-03-12T22:53:48.294+0000] {dag.py:3441} INFO - Setting next_dagrun for geracao_txt_b3 to 2023-03-01T00:00:00+00:00, run_after=2023-03-02T00:00:00+00:00
[2023-03-12T22:53:48.311+0000] {processor.py:175} INFO - Processing /opt/airflow/dags/examples/geracao_txt.py took 0.088 seconds
[2023-03-12T22:54:18.745+0000] {processor.py:153} INFO - Started process (PID=4768) to work on /opt/airflow/dags/examples/geracao_txt.py
[2023-03-12T22:54:18.747+0000] {processor.py:743} INFO - Processing file /opt/airflow/dags/examples/geracao_txt.py for tasks to queue
[2023-03-12T22:54:18.747+0000] {logging_mixin.py:137} INFO - [2023-03-12T22:54:18.747+0000] {dagbag.py:538} INFO - Filling up the DagBag from /opt/airflow/dags/examples/geracao_txt.py
[2023-03-12T22:54:18.783+0000] {processor.py:753} INFO - DAG(s) dict_keys(['geracao_txt_b3']) retrieved from /opt/airflow/dags/examples/geracao_txt.py
[2023-03-12T22:54:18.813+0000] {logging_mixin.py:137} INFO - [2023-03-12T22:54:18.813+0000] {dag.py:2690} INFO - Sync 1 DAGs
[2023-03-12T22:54:18.842+0000] {logging_mixin.py:137} INFO - [2023-03-12T22:54:18.842+0000] {dag.py:3441} INFO - Setting next_dagrun for geracao_txt_b3 to 2023-03-01T00:00:00+00:00, run_after=2023-03-02T00:00:00+00:00
[2023-03-12T22:54:18.867+0000] {processor.py:175} INFO - Processing /opt/airflow/dags/examples/geracao_txt.py took 0.126 seconds
[2023-03-12T22:54:49.485+0000] {processor.py:153} INFO - Started process (PID=4844) to work on /opt/airflow/dags/examples/geracao_txt.py
[2023-03-12T22:54:49.492+0000] {processor.py:743} INFO - Processing file /opt/airflow/dags/examples/geracao_txt.py for tasks to queue
[2023-03-12T22:54:49.494+0000] {logging_mixin.py:137} INFO - [2023-03-12T22:54:49.494+0000] {dagbag.py:538} INFO - Filling up the DagBag from /opt/airflow/dags/examples/geracao_txt.py
[2023-03-12T22:54:49.536+0000] {processor.py:753} INFO - DAG(s) dict_keys(['geracao_txt_b3']) retrieved from /opt/airflow/dags/examples/geracao_txt.py
[2023-03-12T22:54:49.560+0000] {logging_mixin.py:137} INFO - [2023-03-12T22:54:49.560+0000] {dag.py:2690} INFO - Sync 1 DAGs
[2023-03-12T22:54:49.586+0000] {logging_mixin.py:137} INFO - [2023-03-12T22:54:49.586+0000] {dag.py:3441} INFO - Setting next_dagrun for geracao_txt_b3 to 2023-03-01T00:00:00+00:00, run_after=2023-03-02T00:00:00+00:00
[2023-03-12T22:54:49.603+0000] {processor.py:175} INFO - Processing /opt/airflow/dags/examples/geracao_txt.py took 0.123 seconds
[2023-03-12T22:55:20.180+0000] {processor.py:153} INFO - Started process (PID=4936) to work on /opt/airflow/dags/examples/geracao_txt.py
[2023-03-12T22:55:20.182+0000] {processor.py:743} INFO - Processing file /opt/airflow/dags/examples/geracao_txt.py for tasks to queue
[2023-03-12T22:55:20.182+0000] {logging_mixin.py:137} INFO - [2023-03-12T22:55:20.182+0000] {dagbag.py:538} INFO - Filling up the DagBag from /opt/airflow/dags/examples/geracao_txt.py
[2023-03-12T22:55:20.205+0000] {processor.py:753} INFO - DAG(s) dict_keys(['geracao_txt_b3']) retrieved from /opt/airflow/dags/examples/geracao_txt.py
[2023-03-12T22:55:20.229+0000] {logging_mixin.py:137} INFO - [2023-03-12T22:55:20.229+0000] {dag.py:2690} INFO - Sync 1 DAGs
[2023-03-12T22:55:20.249+0000] {logging_mixin.py:137} INFO - [2023-03-12T22:55:20.249+0000] {dag.py:3441} INFO - Setting next_dagrun for geracao_txt_b3 to 2023-03-01T00:00:00+00:00, run_after=2023-03-02T00:00:00+00:00
[2023-03-12T22:55:20.273+0000] {processor.py:175} INFO - Processing /opt/airflow/dags/examples/geracao_txt.py took 0.098 seconds
[2023-03-12T22:55:50.805+0000] {processor.py:153} INFO - Started process (PID=5012) to work on /opt/airflow/dags/examples/geracao_txt.py
[2023-03-12T22:55:50.808+0000] {processor.py:743} INFO - Processing file /opt/airflow/dags/examples/geracao_txt.py for tasks to queue
[2023-03-12T22:55:50.809+0000] {logging_mixin.py:137} INFO - [2023-03-12T22:55:50.809+0000] {dagbag.py:538} INFO - Filling up the DagBag from /opt/airflow/dags/examples/geracao_txt.py
[2023-03-12T22:55:50.832+0000] {processor.py:753} INFO - DAG(s) dict_keys(['geracao_txt_b3']) retrieved from /opt/airflow/dags/examples/geracao_txt.py
[2023-03-12T22:55:50.855+0000] {logging_mixin.py:137} INFO - [2023-03-12T22:55:50.855+0000] {dag.py:2690} INFO - Sync 1 DAGs
[2023-03-12T22:55:50.874+0000] {logging_mixin.py:137} INFO - [2023-03-12T22:55:50.874+0000] {dag.py:3441} INFO - Setting next_dagrun for geracao_txt_b3 to 2023-03-01T00:00:00+00:00, run_after=2023-03-02T00:00:00+00:00
[2023-03-12T22:55:50.894+0000] {processor.py:175} INFO - Processing /opt/airflow/dags/examples/geracao_txt.py took 0.091 seconds
[2023-03-12T22:56:21.636+0000] {processor.py:153} INFO - Started process (PID=5104) to work on /opt/airflow/dags/examples/geracao_txt.py
[2023-03-12T22:56:21.637+0000] {processor.py:743} INFO - Processing file /opt/airflow/dags/examples/geracao_txt.py for tasks to queue
[2023-03-12T22:56:21.638+0000] {logging_mixin.py:137} INFO - [2023-03-12T22:56:21.638+0000] {dagbag.py:538} INFO - Filling up the DagBag from /opt/airflow/dags/examples/geracao_txt.py
[2023-03-12T22:56:21.665+0000] {processor.py:753} INFO - DAG(s) dict_keys(['geracao_txt_b3']) retrieved from /opt/airflow/dags/examples/geracao_txt.py
[2023-03-12T22:56:21.692+0000] {logging_mixin.py:137} INFO - [2023-03-12T22:56:21.692+0000] {dag.py:2690} INFO - Sync 1 DAGs
[2023-03-12T22:56:21.718+0000] {logging_mixin.py:137} INFO - [2023-03-12T22:56:21.717+0000] {dag.py:3441} INFO - Setting next_dagrun for geracao_txt_b3 to 2023-03-01T00:00:00+00:00, run_after=2023-03-02T00:00:00+00:00
[2023-03-12T22:56:21.740+0000] {processor.py:175} INFO - Processing /opt/airflow/dags/examples/geracao_txt.py took 0.107 seconds
[2023-03-12T22:56:52.399+0000] {processor.py:153} INFO - Started process (PID=5180) to work on /opt/airflow/dags/examples/geracao_txt.py
[2023-03-12T22:56:52.402+0000] {processor.py:743} INFO - Processing file /opt/airflow/dags/examples/geracao_txt.py for tasks to queue
[2023-03-12T22:56:52.402+0000] {logging_mixin.py:137} INFO - [2023-03-12T22:56:52.402+0000] {dagbag.py:538} INFO - Filling up the DagBag from /opt/airflow/dags/examples/geracao_txt.py
[2023-03-12T22:56:52.423+0000] {processor.py:753} INFO - DAG(s) dict_keys(['geracao_txt_b3']) retrieved from /opt/airflow/dags/examples/geracao_txt.py
[2023-03-12T22:56:52.446+0000] {logging_mixin.py:137} INFO - [2023-03-12T22:56:52.446+0000] {dag.py:2690} INFO - Sync 1 DAGs
[2023-03-12T22:56:52.466+0000] {logging_mixin.py:137} INFO - [2023-03-12T22:56:52.466+0000] {dag.py:3441} INFO - Setting next_dagrun for geracao_txt_b3 to 2023-03-01T00:00:00+00:00, run_after=2023-03-02T00:00:00+00:00
[2023-03-12T22:56:52.486+0000] {processor.py:175} INFO - Processing /opt/airflow/dags/examples/geracao_txt.py took 0.090 seconds
[2023-03-12T22:57:23.190+0000] {processor.py:153} INFO - Started process (PID=5272) to work on /opt/airflow/dags/examples/geracao_txt.py
[2023-03-12T22:57:23.191+0000] {processor.py:743} INFO - Processing file /opt/airflow/dags/examples/geracao_txt.py for tasks to queue
[2023-03-12T22:57:23.192+0000] {logging_mixin.py:137} INFO - [2023-03-12T22:57:23.192+0000] {dagbag.py:538} INFO - Filling up the DagBag from /opt/airflow/dags/examples/geracao_txt.py
[2023-03-12T22:57:23.216+0000] {processor.py:753} INFO - DAG(s) dict_keys(['geracao_txt_b3']) retrieved from /opt/airflow/dags/examples/geracao_txt.py
[2023-03-12T22:57:23.240+0000] {logging_mixin.py:137} INFO - [2023-03-12T22:57:23.240+0000] {dag.py:2690} INFO - Sync 1 DAGs
[2023-03-12T22:57:23.264+0000] {logging_mixin.py:137} INFO - [2023-03-12T22:57:23.264+0000] {dag.py:3441} INFO - Setting next_dagrun for geracao_txt_b3 to 2023-03-01T00:00:00+00:00, run_after=2023-03-02T00:00:00+00:00
[2023-03-12T22:57:23.287+0000] {processor.py:175} INFO - Processing /opt/airflow/dags/examples/geracao_txt.py took 0.100 seconds
[2023-03-12T22:57:53.899+0000] {processor.py:153} INFO - Started process (PID=5350) to work on /opt/airflow/dags/examples/geracao_txt.py
[2023-03-12T22:57:53.902+0000] {processor.py:743} INFO - Processing file /opt/airflow/dags/examples/geracao_txt.py for tasks to queue
[2023-03-12T22:57:53.903+0000] {logging_mixin.py:137} INFO - [2023-03-12T22:57:53.903+0000] {dagbag.py:538} INFO - Filling up the DagBag from /opt/airflow/dags/examples/geracao_txt.py
[2023-03-12T22:57:53.924+0000] {processor.py:753} INFO - DAG(s) dict_keys(['geracao_txt_b3']) retrieved from /opt/airflow/dags/examples/geracao_txt.py
[2023-03-12T22:57:53.947+0000] {logging_mixin.py:137} INFO - [2023-03-12T22:57:53.947+0000] {dag.py:2690} INFO - Sync 1 DAGs
[2023-03-12T22:57:53.969+0000] {logging_mixin.py:137} INFO - [2023-03-12T22:57:53.969+0000] {dag.py:3441} INFO - Setting next_dagrun for geracao_txt_b3 to 2023-03-01T00:00:00+00:00, run_after=2023-03-02T00:00:00+00:00
[2023-03-12T22:57:53.989+0000] {processor.py:175} INFO - Processing /opt/airflow/dags/examples/geracao_txt.py took 0.092 seconds
[2023-03-12T22:58:24.416+0000] {processor.py:153} INFO - Started process (PID=5442) to work on /opt/airflow/dags/examples/geracao_txt.py
[2023-03-12T22:58:24.419+0000] {processor.py:743} INFO - Processing file /opt/airflow/dags/examples/geracao_txt.py for tasks to queue
[2023-03-12T22:58:24.419+0000] {logging_mixin.py:137} INFO - [2023-03-12T22:58:24.419+0000] {dagbag.py:538} INFO - Filling up the DagBag from /opt/airflow/dags/examples/geracao_txt.py
[2023-03-12T22:58:24.441+0000] {processor.py:753} INFO - DAG(s) dict_keys(['geracao_txt_b3']) retrieved from /opt/airflow/dags/examples/geracao_txt.py
[2023-03-12T22:58:24.464+0000] {logging_mixin.py:137} INFO - [2023-03-12T22:58:24.463+0000] {dag.py:2690} INFO - Sync 1 DAGs
[2023-03-12T22:58:24.484+0000] {logging_mixin.py:137} INFO - [2023-03-12T22:58:24.484+0000] {dag.py:3441} INFO - Setting next_dagrun for geracao_txt_b3 to 2023-03-01T00:00:00+00:00, run_after=2023-03-02T00:00:00+00:00
[2023-03-12T22:58:24.506+0000] {processor.py:175} INFO - Processing /opt/airflow/dags/examples/geracao_txt.py took 0.093 seconds
[2023-03-12T22:58:55.013+0000] {processor.py:153} INFO - Started process (PID=5518) to work on /opt/airflow/dags/examples/geracao_txt.py
[2023-03-12T22:58:55.014+0000] {processor.py:743} INFO - Processing file /opt/airflow/dags/examples/geracao_txt.py for tasks to queue
[2023-03-12T22:58:55.015+0000] {logging_mixin.py:137} INFO - [2023-03-12T22:58:55.015+0000] {dagbag.py:538} INFO - Filling up the DagBag from /opt/airflow/dags/examples/geracao_txt.py
[2023-03-12T22:58:55.039+0000] {processor.py:753} INFO - DAG(s) dict_keys(['geracao_txt_b3']) retrieved from /opt/airflow/dags/examples/geracao_txt.py
[2023-03-12T22:58:55.071+0000] {logging_mixin.py:137} INFO - [2023-03-12T22:58:55.070+0000] {dag.py:2690} INFO - Sync 1 DAGs
[2023-03-12T22:58:55.095+0000] {logging_mixin.py:137} INFO - [2023-03-12T22:58:55.095+0000] {dag.py:3441} INFO - Setting next_dagrun for geracao_txt_b3 to 2023-03-01T00:00:00+00:00, run_after=2023-03-02T00:00:00+00:00
[2023-03-12T22:58:55.114+0000] {processor.py:175} INFO - Processing /opt/airflow/dags/examples/geracao_txt.py took 0.104 seconds
[2023-03-12T22:59:25.535+0000] {processor.py:153} INFO - Started process (PID=5611) to work on /opt/airflow/dags/examples/geracao_txt.py
[2023-03-12T22:59:25.538+0000] {processor.py:743} INFO - Processing file /opt/airflow/dags/examples/geracao_txt.py for tasks to queue
[2023-03-12T22:59:25.538+0000] {logging_mixin.py:137} INFO - [2023-03-12T22:59:25.538+0000] {dagbag.py:538} INFO - Filling up the DagBag from /opt/airflow/dags/examples/geracao_txt.py
[2023-03-12T22:59:25.558+0000] {processor.py:753} INFO - DAG(s) dict_keys(['geracao_txt_b3']) retrieved from /opt/airflow/dags/examples/geracao_txt.py
[2023-03-12T22:59:25.579+0000] {logging_mixin.py:137} INFO - [2023-03-12T22:59:25.579+0000] {dag.py:2690} INFO - Sync 1 DAGs
[2023-03-12T22:59:25.597+0000] {logging_mixin.py:137} INFO - [2023-03-12T22:59:25.596+0000] {dag.py:3441} INFO - Setting next_dagrun for geracao_txt_b3 to 2023-03-01T00:00:00+00:00, run_after=2023-03-02T00:00:00+00:00
[2023-03-12T22:59:25.616+0000] {processor.py:175} INFO - Processing /opt/airflow/dags/examples/geracao_txt.py took 0.084 seconds
[2023-03-12T22:59:56.095+0000] {processor.py:153} INFO - Started process (PID=5703) to work on /opt/airflow/dags/examples/geracao_txt.py
[2023-03-12T22:59:56.098+0000] {processor.py:743} INFO - Processing file /opt/airflow/dags/examples/geracao_txt.py for tasks to queue
[2023-03-12T22:59:56.098+0000] {logging_mixin.py:137} INFO - [2023-03-12T22:59:56.098+0000] {dagbag.py:538} INFO - Filling up the DagBag from /opt/airflow/dags/examples/geracao_txt.py
[2023-03-12T22:59:56.126+0000] {processor.py:753} INFO - DAG(s) dict_keys(['geracao_txt_b3']) retrieved from /opt/airflow/dags/examples/geracao_txt.py
[2023-03-12T22:59:56.154+0000] {logging_mixin.py:137} INFO - [2023-03-12T22:59:56.153+0000] {dag.py:2690} INFO - Sync 1 DAGs
[2023-03-12T22:59:56.189+0000] {logging_mixin.py:137} INFO - [2023-03-12T22:59:56.188+0000] {dag.py:3441} INFO - Setting next_dagrun for geracao_txt_b3 to 2023-03-01T00:00:00+00:00, run_after=2023-03-02T00:00:00+00:00
[2023-03-12T22:59:56.210+0000] {processor.py:175} INFO - Processing /opt/airflow/dags/examples/geracao_txt.py took 0.117 seconds
[2023-03-12T23:00:26.485+0000] {processor.py:153} INFO - Started process (PID=5779) to work on /opt/airflow/dags/examples/geracao_txt.py
[2023-03-12T23:00:26.486+0000] {processor.py:743} INFO - Processing file /opt/airflow/dags/examples/geracao_txt.py for tasks to queue
[2023-03-12T23:00:26.487+0000] {logging_mixin.py:137} INFO - [2023-03-12T23:00:26.487+0000] {dagbag.py:538} INFO - Filling up the DagBag from /opt/airflow/dags/examples/geracao_txt.py
[2023-03-12T23:00:26.506+0000] {processor.py:753} INFO - DAG(s) dict_keys(['geracao_txt_b3']) retrieved from /opt/airflow/dags/examples/geracao_txt.py
[2023-03-12T23:00:26.529+0000] {logging_mixin.py:137} INFO - [2023-03-12T23:00:26.529+0000] {dag.py:2690} INFO - Sync 1 DAGs
[2023-03-12T23:00:26.548+0000] {logging_mixin.py:137} INFO - [2023-03-12T23:00:26.548+0000] {dag.py:3441} INFO - Setting next_dagrun for geracao_txt_b3 to 2023-03-01T00:00:00+00:00, run_after=2023-03-02T00:00:00+00:00
[2023-03-12T23:00:26.568+0000] {processor.py:175} INFO - Processing /opt/airflow/dags/examples/geracao_txt.py took 0.085 seconds
[2023-03-12T23:00:56.830+0000] {processor.py:153} INFO - Started process (PID=5871) to work on /opt/airflow/dags/examples/geracao_txt.py
[2023-03-12T23:00:56.834+0000] {processor.py:743} INFO - Processing file /opt/airflow/dags/examples/geracao_txt.py for tasks to queue
[2023-03-12T23:00:56.834+0000] {logging_mixin.py:137} INFO - [2023-03-12T23:00:56.834+0000] {dagbag.py:538} INFO - Filling up the DagBag from /opt/airflow/dags/examples/geracao_txt.py
[2023-03-12T23:00:56.854+0000] {processor.py:753} INFO - DAG(s) dict_keys(['geracao_txt_b3']) retrieved from /opt/airflow/dags/examples/geracao_txt.py
[2023-03-12T23:00:56.875+0000] {logging_mixin.py:137} INFO - [2023-03-12T23:00:56.875+0000] {dag.py:2690} INFO - Sync 1 DAGs
[2023-03-12T23:00:56.894+0000] {logging_mixin.py:137} INFO - [2023-03-12T23:00:56.894+0000] {dag.py:3441} INFO - Setting next_dagrun for geracao_txt_b3 to 2023-03-01T00:00:00+00:00, run_after=2023-03-02T00:00:00+00:00
[2023-03-12T23:00:56.912+0000] {processor.py:175} INFO - Processing /opt/airflow/dags/examples/geracao_txt.py took 0.084 seconds
[2023-03-12T23:01:27.404+0000] {processor.py:153} INFO - Started process (PID=5947) to work on /opt/airflow/dags/examples/geracao_txt.py
[2023-03-12T23:01:27.407+0000] {processor.py:743} INFO - Processing file /opt/airflow/dags/examples/geracao_txt.py for tasks to queue
[2023-03-12T23:01:27.407+0000] {logging_mixin.py:137} INFO - [2023-03-12T23:01:27.407+0000] {dagbag.py:538} INFO - Filling up the DagBag from /opt/airflow/dags/examples/geracao_txt.py
[2023-03-12T23:01:27.429+0000] {processor.py:753} INFO - DAG(s) dict_keys(['geracao_txt_b3']) retrieved from /opt/airflow/dags/examples/geracao_txt.py
[2023-03-12T23:01:27.453+0000] {logging_mixin.py:137} INFO - [2023-03-12T23:01:27.453+0000] {dag.py:2690} INFO - Sync 1 DAGs
[2023-03-12T23:01:27.473+0000] {logging_mixin.py:137} INFO - [2023-03-12T23:01:27.473+0000] {dag.py:3441} INFO - Setting next_dagrun for geracao_txt_b3 to 2023-03-01T00:00:00+00:00, run_after=2023-03-02T00:00:00+00:00
[2023-03-12T23:01:27.492+0000] {processor.py:175} INFO - Processing /opt/airflow/dags/examples/geracao_txt.py took 0.090 seconds
[2023-03-12T23:01:57.744+0000] {processor.py:153} INFO - Started process (PID=6039) to work on /opt/airflow/dags/examples/geracao_txt.py
[2023-03-12T23:01:57.745+0000] {processor.py:743} INFO - Processing file /opt/airflow/dags/examples/geracao_txt.py for tasks to queue
[2023-03-12T23:01:57.745+0000] {logging_mixin.py:137} INFO - [2023-03-12T23:01:57.745+0000] {dagbag.py:538} INFO - Filling up the DagBag from /opt/airflow/dags/examples/geracao_txt.py
[2023-03-12T23:01:57.765+0000] {processor.py:753} INFO - DAG(s) dict_keys(['geracao_txt_b3']) retrieved from /opt/airflow/dags/examples/geracao_txt.py
[2023-03-12T23:01:57.786+0000] {logging_mixin.py:137} INFO - [2023-03-12T23:01:57.785+0000] {dag.py:2690} INFO - Sync 1 DAGs
[2023-03-12T23:01:57.804+0000] {logging_mixin.py:137} INFO - [2023-03-12T23:01:57.804+0000] {dag.py:3441} INFO - Setting next_dagrun for geracao_txt_b3 to 2023-03-01T00:00:00+00:00, run_after=2023-03-02T00:00:00+00:00
[2023-03-12T23:01:57.823+0000] {processor.py:175} INFO - Processing /opt/airflow/dags/examples/geracao_txt.py took 0.082 seconds
[2023-03-12T23:02:28.214+0000] {processor.py:153} INFO - Started process (PID=6124) to work on /opt/airflow/dags/examples/geracao_txt.py
[2023-03-12T23:02:28.216+0000] {processor.py:743} INFO - Processing file /opt/airflow/dags/examples/geracao_txt.py for tasks to queue
[2023-03-12T23:02:28.217+0000] {logging_mixin.py:137} INFO - [2023-03-12T23:02:28.217+0000] {dagbag.py:538} INFO - Filling up the DagBag from /opt/airflow/dags/examples/geracao_txt.py
[2023-03-12T23:02:28.238+0000] {processor.py:753} INFO - DAG(s) dict_keys(['geracao_txt_b3']) retrieved from /opt/airflow/dags/examples/geracao_txt.py
[2023-03-12T23:02:28.260+0000] {logging_mixin.py:137} INFO - [2023-03-12T23:02:28.259+0000] {dag.py:2690} INFO - Sync 1 DAGs
[2023-03-12T23:02:28.278+0000] {logging_mixin.py:137} INFO - [2023-03-12T23:02:28.278+0000] {dag.py:3441} INFO - Setting next_dagrun for geracao_txt_b3 to 2023-03-01T00:00:00+00:00, run_after=2023-03-02T00:00:00+00:00
[2023-03-12T23:02:28.299+0000] {processor.py:175} INFO - Processing /opt/airflow/dags/examples/geracao_txt.py took 0.087 seconds
[2023-03-12T23:02:58.714+0000] {processor.py:153} INFO - Started process (PID=6207) to work on /opt/airflow/dags/examples/geracao_txt.py
[2023-03-12T23:02:58.717+0000] {processor.py:743} INFO - Processing file /opt/airflow/dags/examples/geracao_txt.py for tasks to queue
[2023-03-12T23:02:58.718+0000] {logging_mixin.py:137} INFO - [2023-03-12T23:02:58.718+0000] {dagbag.py:538} INFO - Filling up the DagBag from /opt/airflow/dags/examples/geracao_txt.py
[2023-03-12T23:02:58.739+0000] {processor.py:753} INFO - DAG(s) dict_keys(['geracao_txt_b3']) retrieved from /opt/airflow/dags/examples/geracao_txt.py
[2023-03-12T23:02:58.760+0000] {logging_mixin.py:137} INFO - [2023-03-12T23:02:58.760+0000] {dag.py:2690} INFO - Sync 1 DAGs
[2023-03-12T23:02:58.779+0000] {logging_mixin.py:137} INFO - [2023-03-12T23:02:58.779+0000] {dag.py:3441} INFO - Setting next_dagrun for geracao_txt_b3 to 2023-03-01T00:00:00+00:00, run_after=2023-03-02T00:00:00+00:00
[2023-03-12T23:02:58.795+0000] {processor.py:175} INFO - Processing /opt/airflow/dags/examples/geracao_txt.py took 0.084 seconds
[2023-03-12T23:03:29.125+0000] {processor.py:153} INFO - Started process (PID=6299) to work on /opt/airflow/dags/examples/geracao_txt.py
[2023-03-12T23:03:29.128+0000] {processor.py:743} INFO - Processing file /opt/airflow/dags/examples/geracao_txt.py for tasks to queue
[2023-03-12T23:03:29.128+0000] {logging_mixin.py:137} INFO - [2023-03-12T23:03:29.128+0000] {dagbag.py:538} INFO - Filling up the DagBag from /opt/airflow/dags/examples/geracao_txt.py
[2023-03-12T23:03:29.148+0000] {processor.py:753} INFO - DAG(s) dict_keys(['geracao_txt_b3']) retrieved from /opt/airflow/dags/examples/geracao_txt.py
[2023-03-12T23:03:29.168+0000] {logging_mixin.py:137} INFO - [2023-03-12T23:03:29.168+0000] {dag.py:2690} INFO - Sync 1 DAGs
[2023-03-12T23:03:29.187+0000] {logging_mixin.py:137} INFO - [2023-03-12T23:03:29.186+0000] {dag.py:3441} INFO - Setting next_dagrun for geracao_txt_b3 to 2023-03-01T00:00:00+00:00, run_after=2023-03-02T00:00:00+00:00
[2023-03-12T23:03:29.206+0000] {processor.py:175} INFO - Processing /opt/airflow/dags/examples/geracao_txt.py took 0.085 seconds
[2023-03-12T23:03:59.494+0000] {processor.py:153} INFO - Started process (PID=6375) to work on /opt/airflow/dags/examples/geracao_txt.py
[2023-03-12T23:03:59.494+0000] {processor.py:743} INFO - Processing file /opt/airflow/dags/examples/geracao_txt.py for tasks to queue
[2023-03-12T23:03:59.495+0000] {logging_mixin.py:137} INFO - [2023-03-12T23:03:59.495+0000] {dagbag.py:538} INFO - Filling up the DagBag from /opt/airflow/dags/examples/geracao_txt.py
[2023-03-12T23:03:59.515+0000] {processor.py:753} INFO - DAG(s) dict_keys(['geracao_txt_b3']) retrieved from /opt/airflow/dags/examples/geracao_txt.py
[2023-03-12T23:03:59.536+0000] {logging_mixin.py:137} INFO - [2023-03-12T23:03:59.536+0000] {dag.py:2690} INFO - Sync 1 DAGs
[2023-03-12T23:03:59.555+0000] {logging_mixin.py:137} INFO - [2023-03-12T23:03:59.555+0000] {dag.py:3441} INFO - Setting next_dagrun for geracao_txt_b3 to 2023-03-01T00:00:00+00:00, run_after=2023-03-02T00:00:00+00:00
[2023-03-12T23:03:59.574+0000] {processor.py:175} INFO - Processing /opt/airflow/dags/examples/geracao_txt.py took 0.083 seconds
[2023-03-12T23:04:29.885+0000] {processor.py:153} INFO - Started process (PID=6467) to work on /opt/airflow/dags/examples/geracao_txt.py
[2023-03-12T23:04:29.888+0000] {processor.py:743} INFO - Processing file /opt/airflow/dags/examples/geracao_txt.py for tasks to queue
[2023-03-12T23:04:29.888+0000] {logging_mixin.py:137} INFO - [2023-03-12T23:04:29.888+0000] {dagbag.py:538} INFO - Filling up the DagBag from /opt/airflow/dags/examples/geracao_txt.py
[2023-03-12T23:04:29.908+0000] {processor.py:753} INFO - DAG(s) dict_keys(['geracao_txt_b3']) retrieved from /opt/airflow/dags/examples/geracao_txt.py
[2023-03-12T23:04:29.928+0000] {logging_mixin.py:137} INFO - [2023-03-12T23:04:29.928+0000] {dag.py:2690} INFO - Sync 1 DAGs
[2023-03-12T23:04:29.946+0000] {logging_mixin.py:137} INFO - [2023-03-12T23:04:29.946+0000] {dag.py:3441} INFO - Setting next_dagrun for geracao_txt_b3 to 2023-03-01T00:00:00+00:00, run_after=2023-03-02T00:00:00+00:00
[2023-03-12T23:04:29.964+0000] {processor.py:175} INFO - Processing /opt/airflow/dags/examples/geracao_txt.py took 0.084 seconds
