[2023-03-14T14:47:39.610+0000] {taskinstance.py:1083} INFO - Dependencies all met for <TaskInstance: geracao_txt_b3_v2.task_enviar_email_analistas scheduled__2023-03-01T00:00:00+00:00 [queued]>
[2023-03-14T14:47:39.646+0000] {taskinstance.py:1083} INFO - Dependencies all met for <TaskInstance: geracao_txt_b3_v2.task_enviar_email_analistas scheduled__2023-03-01T00:00:00+00:00 [queued]>
[2023-03-14T14:47:39.647+0000] {taskinstance.py:1279} INFO - 
--------------------------------------------------------------------------------
[2023-03-14T14:47:39.647+0000] {taskinstance.py:1280} INFO - Starting attempt 1 of 6
[2023-03-14T14:47:39.647+0000] {taskinstance.py:1281} INFO - 
--------------------------------------------------------------------------------
[2023-03-14T14:47:39.675+0000] {taskinstance.py:1300} INFO - Executing <Task(_PythonDecoratedOperator): task_enviar_email_analistas> on 2023-03-01 00:00:00+00:00
[2023-03-14T14:47:39.707+0000] {standard_task_runner.py:55} INFO - Started process 632 to run task
[2023-03-14T14:47:39.743+0000] {standard_task_runner.py:82} INFO - Running: ['***', 'tasks', 'run', 'geracao_txt_b3_v2', 'task_enviar_email_analistas', 'scheduled__2023-03-01T00:00:00+00:00', '--job-id', '397', '--raw', '--subdir', 'DAGS_FOLDER/examples/geracao_txt_v2.py', '--cfg-path', '/tmp/tmpoollp_xy']
[2023-03-14T14:47:39.743+0000] {standard_task_runner.py:83} INFO - Job 397: Subtask task_enviar_email_analistas
[2023-03-14T14:47:39.963+0000] {task_command.py:388} INFO - Running <TaskInstance: geracao_txt_b3_v2.task_enviar_email_analistas scheduled__2023-03-01T00:00:00+00:00 [running]> on host 40565fc59ef6
[2023-03-14T14:47:40.165+0000] {taskinstance.py:1509} INFO - Exporting the following env vars:
AIRFLOW_CTX_DAG_OWNER=alexandre.yoshimatsu
AIRFLOW_CTX_DAG_ID=geracao_txt_b3_v2
AIRFLOW_CTX_TASK_ID=task_enviar_email_analistas
AIRFLOW_CTX_EXECUTION_DATE=2023-03-01T00:00:00+00:00
AIRFLOW_CTX_TRY_NUMBER=1
AIRFLOW_CTX_DAG_RUN_ID=scheduled__2023-03-01T00:00:00+00:00
[2023-03-14T14:47:40.189+0000] {logging_mixin.py:137} INFO - ['xyz', 'abc', 'dfg', 'hij', 'opq']
[2023-03-14T14:47:40.190+0000] {python.py:177} INFO - Done. Returned value was: None
[2023-03-14T14:47:40.217+0000] {taskinstance.py:1323} INFO - Marking task as SUCCESS. dag_id=geracao_txt_b3_v2, task_id=task_enviar_email_analistas, execution_date=20230301T000000, start_date=20230314T144739, end_date=20230314T144740
[2023-03-14T14:47:40.267+0000] {local_task_job.py:208} INFO - Task exited with return code 0
[2023-03-14T14:47:40.304+0000] {taskinstance.py:2578} INFO - 0 downstream tasks scheduled from follow-on schedule check
