[2023-03-11T18:45:22.904+0000] {taskinstance.py:1083} INFO - Dependencies all met for <TaskInstance: our_dag_with_python_operator_v07.greet scheduled__2022-11-01T00:00:00+00:00 [queued]>
[2023-03-11T18:45:23.016+0000] {taskinstance.py:1083} INFO - Dependencies all met for <TaskInstance: our_dag_with_python_operator_v07.greet scheduled__2022-11-01T00:00:00+00:00 [queued]>
[2023-03-11T18:45:23.016+0000] {taskinstance.py:1279} INFO - 
--------------------------------------------------------------------------------
[2023-03-11T18:45:23.018+0000] {taskinstance.py:1280} INFO - Starting attempt 1 of 6
[2023-03-11T18:45:23.018+0000] {taskinstance.py:1281} INFO - 
--------------------------------------------------------------------------------
[2023-03-11T18:45:23.411+0000] {taskinstance.py:1300} INFO - Executing <Task(PythonOperator): greet> on 2022-11-01 00:00:00+00:00
[2023-03-11T18:45:23.494+0000] {standard_task_runner.py:55} INFO - Started process 3072 to run task
[2023-03-11T18:45:23.516+0000] {standard_task_runner.py:82} INFO - Running: ['***', 'tasks', 'run', 'our_dag_with_python_operator_v07', 'greet', 'scheduled__2022-11-01T00:00:00+00:00', '--job-id', '1205', '--raw', '--subdir', 'DAGS_FOLDER/examples/create_dag_with_python_operator.py', '--cfg-path', '/tmp/tmpcgx2o1wr']
[2023-03-11T18:45:23.520+0000] {standard_task_runner.py:83} INFO - Job 1205: Subtask greet
[2023-03-11T18:45:23.782+0000] {task_command.py:388} INFO - Running <TaskInstance: our_dag_with_python_operator_v07.greet scheduled__2022-11-01T00:00:00+00:00 [running]> on host 64900e5b98c9
[2023-03-11T18:45:24.346+0000] {taskinstance.py:1509} INFO - Exporting the following env vars:
AIRFLOW_CTX_DAG_OWNER=coder2j
AIRFLOW_CTX_DAG_ID=our_dag_with_python_operator_v07
AIRFLOW_CTX_TASK_ID=greet
AIRFLOW_CTX_EXECUTION_DATE=2022-11-01T00:00:00+00:00
AIRFLOW_CTX_TRY_NUMBER=1
AIRFLOW_CTX_DAG_RUN_ID=scheduled__2022-11-01T00:00:00+00:00
[2023-03-11T18:45:24.348+0000] {logging_mixin.py:137} INFO - some dict:  {'a': 1, 'b': 2}
[2023-03-11T18:45:24.608+0000] {logging_mixin.py:137} INFO - Hello World! My name is Jerry Fridman, and I am 19 years old!
[2023-03-11T18:45:24.608+0000] {python.py:177} INFO - Done. Returned value was: None
[2023-03-11T18:45:24.713+0000] {taskinstance.py:1323} INFO - Marking task as SUCCESS. dag_id=our_dag_with_python_operator_v07, task_id=greet, execution_date=20221101T000000, start_date=20230311T184522, end_date=20230311T184524
[2023-03-11T18:45:25.034+0000] {local_task_job.py:208} INFO - Task exited with return code 0
[2023-03-11T18:45:25.124+0000] {taskinstance.py:2578} INFO - 0 downstream tasks scheduled from follow-on schedule check
