[2023-03-11T18:45:23.736+0000] {taskinstance.py:1083} INFO - Dependencies all met for <TaskInstance: our_dag_with_python_operator_v07.greet scheduled__2022-11-02T00:00:00+00:00 [queued]>
[2023-03-11T18:45:23.844+0000] {taskinstance.py:1083} INFO - Dependencies all met for <TaskInstance: our_dag_with_python_operator_v07.greet scheduled__2022-11-02T00:00:00+00:00 [queued]>
[2023-03-11T18:45:23.844+0000] {taskinstance.py:1279} INFO - 
--------------------------------------------------------------------------------
[2023-03-11T18:45:23.844+0000] {taskinstance.py:1280} INFO - Starting attempt 1 of 6
[2023-03-11T18:45:23.844+0000] {taskinstance.py:1281} INFO - 
--------------------------------------------------------------------------------
[2023-03-11T18:45:24.047+0000] {taskinstance.py:1300} INFO - Executing <Task(PythonOperator): greet> on 2022-11-02 00:00:00+00:00
[2023-03-11T18:45:24.099+0000] {standard_task_runner.py:55} INFO - Started process 3074 to run task
[2023-03-11T18:45:24.214+0000] {standard_task_runner.py:82} INFO - Running: ['***', 'tasks', 'run', 'our_dag_with_python_operator_v07', 'greet', 'scheduled__2022-11-02T00:00:00+00:00', '--job-id', '1206', '--raw', '--subdir', 'DAGS_FOLDER/examples/create_dag_with_python_operator.py', '--cfg-path', '/tmp/tmpfa3i7jnd']
[2023-03-11T18:45:24.215+0000] {standard_task_runner.py:83} INFO - Job 1206: Subtask greet
[2023-03-11T18:45:25.046+0000] {task_command.py:388} INFO - Running <TaskInstance: our_dag_with_python_operator_v07.greet scheduled__2022-11-02T00:00:00+00:00 [running]> on host 64900e5b98c9
[2023-03-11T18:45:25.792+0000] {taskinstance.py:1509} INFO - Exporting the following env vars:
AIRFLOW_CTX_DAG_OWNER=coder2j
AIRFLOW_CTX_DAG_ID=our_dag_with_python_operator_v07
AIRFLOW_CTX_TASK_ID=greet
AIRFLOW_CTX_EXECUTION_DATE=2022-11-02T00:00:00+00:00
AIRFLOW_CTX_TRY_NUMBER=1
AIRFLOW_CTX_DAG_RUN_ID=scheduled__2022-11-02T00:00:00+00:00
[2023-03-11T18:45:25.793+0000] {logging_mixin.py:137} INFO - some dict:  {'a': 1, 'b': 2}
[2023-03-11T18:45:25.900+0000] {logging_mixin.py:137} INFO - Hello World! My name is Jerry Fridman, and I am 19 years old!
[2023-03-11T18:45:25.901+0000] {python.py:177} INFO - Done. Returned value was: None
[2023-03-11T18:45:25.943+0000] {taskinstance.py:1323} INFO - Marking task as SUCCESS. dag_id=our_dag_with_python_operator_v07, task_id=greet, execution_date=20221102T000000, start_date=20230311T184523, end_date=20230311T184525
[2023-03-11T18:45:26.022+0000] {local_task_job.py:208} INFO - Task exited with return code 0
[2023-03-11T18:45:26.135+0000] {taskinstance.py:2578} INFO - 0 downstream tasks scheduled from follow-on schedule check
