[2023-03-11T18:40:30.427+0000] {taskinstance.py:1083} INFO - Dependencies all met for <TaskInstance: our_dag_with_python_operator_v07.get_age scheduled__2022-07-05T00:00:00+00:00 [queued]>
[2023-03-11T18:40:30.507+0000] {taskinstance.py:1083} INFO - Dependencies all met for <TaskInstance: our_dag_with_python_operator_v07.get_age scheduled__2022-07-05T00:00:00+00:00 [queued]>
[2023-03-11T18:40:30.507+0000] {taskinstance.py:1279} INFO - 
--------------------------------------------------------------------------------
[2023-03-11T18:40:30.511+0000] {taskinstance.py:1280} INFO - Starting attempt 1 of 6
[2023-03-11T18:40:30.512+0000] {taskinstance.py:1281} INFO - 
--------------------------------------------------------------------------------
[2023-03-11T18:40:30.768+0000] {taskinstance.py:1300} INFO - Executing <Task(PythonOperator): get_age> on 2022-07-05 00:00:00+00:00
[2023-03-11T18:40:30.828+0000] {standard_task_runner.py:55} INFO - Started process 2151 to run task
[2023-03-11T18:40:30.924+0000] {standard_task_runner.py:82} INFO - Running: ['***', 'tasks', 'run', 'our_dag_with_python_operator_v07', 'get_age', 'scheduled__2022-07-05T00:00:00+00:00', '--job-id', '824', '--raw', '--subdir', 'DAGS_FOLDER/examples/create_dag_with_python_operator.py', '--cfg-path', '/tmp/tmpmc2_ckts']
[2023-03-11T18:40:30.925+0000] {standard_task_runner.py:83} INFO - Job 824: Subtask get_age
[2023-03-11T18:40:31.531+0000] {task_command.py:388} INFO - Running <TaskInstance: our_dag_with_python_operator_v07.get_age scheduled__2022-07-05T00:00:00+00:00 [running]> on host 64900e5b98c9
[2023-03-11T18:40:32.326+0000] {taskinstance.py:1509} INFO - Exporting the following env vars:
AIRFLOW_CTX_DAG_OWNER=coder2j
AIRFLOW_CTX_DAG_ID=our_dag_with_python_operator_v07
AIRFLOW_CTX_TASK_ID=get_age
AIRFLOW_CTX_EXECUTION_DATE=2022-07-05T00:00:00+00:00
AIRFLOW_CTX_TRY_NUMBER=1
AIRFLOW_CTX_DAG_RUN_ID=scheduled__2022-07-05T00:00:00+00:00
[2023-03-11T18:40:32.371+0000] {python.py:177} INFO - Done. Returned value was: None
[2023-03-11T18:40:32.416+0000] {taskinstance.py:1323} INFO - Marking task as SUCCESS. dag_id=our_dag_with_python_operator_v07, task_id=get_age, execution_date=20220705T000000, start_date=20230311T184030, end_date=20230311T184032
[2023-03-11T18:40:32.607+0000] {local_task_job.py:208} INFO - Task exited with return code 0
[2023-03-11T18:40:32.843+0000] {taskinstance.py:2578} INFO - 0 downstream tasks scheduled from follow-on schedule check
