[2023-03-11T18:33:33.053+0000] {taskinstance.py:1083} INFO - Dependencies all met for <TaskInstance: our_dag_with_python_operator_v07.get_age scheduled__2022-01-13T00:00:00+00:00 [queued]>
[2023-03-11T18:33:33.218+0000] {taskinstance.py:1083} INFO - Dependencies all met for <TaskInstance: our_dag_with_python_operator_v07.get_age scheduled__2022-01-13T00:00:00+00:00 [queued]>
[2023-03-11T18:33:33.219+0000] {taskinstance.py:1279} INFO - 
--------------------------------------------------------------------------------
[2023-03-11T18:33:33.219+0000] {taskinstance.py:1280} INFO - Starting attempt 1 of 6
[2023-03-11T18:33:33.219+0000] {taskinstance.py:1281} INFO - 
--------------------------------------------------------------------------------
[2023-03-11T18:33:33.518+0000] {taskinstance.py:1300} INFO - Executing <Task(PythonOperator): get_age> on 2022-01-13 00:00:00+00:00
[2023-03-11T18:33:33.616+0000] {standard_task_runner.py:55} INFO - Started process 900 to run task
[2023-03-11T18:33:33.659+0000] {standard_task_runner.py:82} INFO - Running: ['***', 'tasks', 'run', 'our_dag_with_python_operator_v07', 'get_age', 'scheduled__2022-01-13T00:00:00+00:00', '--job-id', '304', '--raw', '--subdir', 'DAGS_FOLDER/examples/create_dag_with_python_operator.py', '--cfg-path', '/tmp/tmpzhp15h6q']
[2023-03-11T18:33:33.660+0000] {standard_task_runner.py:83} INFO - Job 304: Subtask get_age
[2023-03-11T18:33:34.120+0000] {task_command.py:388} INFO - Running <TaskInstance: our_dag_with_python_operator_v07.get_age scheduled__2022-01-13T00:00:00+00:00 [running]> on host 64900e5b98c9
[2023-03-11T18:33:34.942+0000] {taskinstance.py:1509} INFO - Exporting the following env vars:
AIRFLOW_CTX_DAG_OWNER=coder2j
AIRFLOW_CTX_DAG_ID=our_dag_with_python_operator_v07
AIRFLOW_CTX_TASK_ID=get_age
AIRFLOW_CTX_EXECUTION_DATE=2022-01-13T00:00:00+00:00
AIRFLOW_CTX_TRY_NUMBER=1
AIRFLOW_CTX_DAG_RUN_ID=scheduled__2022-01-13T00:00:00+00:00
[2023-03-11T18:33:35.117+0000] {python.py:177} INFO - Done. Returned value was: None
[2023-03-11T18:33:35.205+0000] {taskinstance.py:1323} INFO - Marking task as SUCCESS. dag_id=our_dag_with_python_operator_v07, task_id=get_age, execution_date=20220113T000000, start_date=20230311T183333, end_date=20230311T183335
[2023-03-11T18:33:35.430+0000] {local_task_job.py:208} INFO - Task exited with return code 0
[2023-03-11T18:33:35.653+0000] {taskinstance.py:2578} INFO - 0 downstream tasks scheduled from follow-on schedule check
