[2023-03-11T18:33:12.887+0000] {taskinstance.py:1083} INFO - Dependencies all met for <TaskInstance: our_dag_with_python_operator_v07.greet scheduled__2022-01-01T00:00:00+00:00 [queued]>
[2023-03-11T18:33:13.076+0000] {taskinstance.py:1083} INFO - Dependencies all met for <TaskInstance: our_dag_with_python_operator_v07.greet scheduled__2022-01-01T00:00:00+00:00 [queued]>
[2023-03-11T18:33:13.076+0000] {taskinstance.py:1279} INFO - 
--------------------------------------------------------------------------------
[2023-03-11T18:33:13.076+0000] {taskinstance.py:1280} INFO - Starting attempt 1 of 6
[2023-03-11T18:33:13.076+0000] {taskinstance.py:1281} INFO - 
--------------------------------------------------------------------------------
[2023-03-11T18:33:13.492+0000] {taskinstance.py:1300} INFO - Executing <Task(PythonOperator): greet> on 2022-01-01 00:00:00+00:00
[2023-03-11T18:33:13.601+0000] {standard_task_runner.py:55} INFO - Started process 856 to run task
[2023-03-11T18:33:13.661+0000] {standard_task_runner.py:82} INFO - Running: ['***', 'tasks', 'run', 'our_dag_with_python_operator_v07', 'greet', 'scheduled__2022-01-01T00:00:00+00:00', '--job-id', '290', '--raw', '--subdir', 'DAGS_FOLDER/examples/create_dag_with_python_operator.py', '--cfg-path', '/tmp/tmpb0bgklw6']
[2023-03-11T18:33:13.662+0000] {standard_task_runner.py:83} INFO - Job 290: Subtask greet
[2023-03-11T18:33:14.396+0000] {task_command.py:388} INFO - Running <TaskInstance: our_dag_with_python_operator_v07.greet scheduled__2022-01-01T00:00:00+00:00 [running]> on host 64900e5b98c9
[2023-03-11T18:33:15.675+0000] {taskinstance.py:1509} INFO - Exporting the following env vars:
AIRFLOW_CTX_DAG_OWNER=coder2j
AIRFLOW_CTX_DAG_ID=our_dag_with_python_operator_v07
AIRFLOW_CTX_TASK_ID=greet
AIRFLOW_CTX_EXECUTION_DATE=2022-01-01T00:00:00+00:00
AIRFLOW_CTX_TRY_NUMBER=1
AIRFLOW_CTX_DAG_RUN_ID=scheduled__2022-01-01T00:00:00+00:00
[2023-03-11T18:33:15.677+0000] {logging_mixin.py:137} INFO - some dict:  {'a': 1, 'b': 2}
[2023-03-11T18:33:15.899+0000] {logging_mixin.py:137} INFO - Hello World! My name is Jerry Fridman, and I am 19 years old!
[2023-03-11T18:33:15.900+0000] {python.py:177} INFO - Done. Returned value was: None
[2023-03-11T18:33:15.984+0000] {taskinstance.py:1323} INFO - Marking task as SUCCESS. dag_id=our_dag_with_python_operator_v07, task_id=greet, execution_date=20220101T000000, start_date=20230311T183312, end_date=20230311T183315
[2023-03-11T18:33:16.141+0000] {local_task_job.py:208} INFO - Task exited with return code 0
[2023-03-11T18:33:16.229+0000] {taskinstance.py:2578} INFO - 0 downstream tasks scheduled from follow-on schedule check
