[2023-03-11T18:43:13.650+0000] {taskinstance.py:1083} INFO - Dependencies all met for <TaskInstance: our_dag_with_python_operator_v07.get_age scheduled__2022-09-17T00:00:00+00:00 [queued]>
[2023-03-11T18:43:13.772+0000] {taskinstance.py:1083} INFO - Dependencies all met for <TaskInstance: our_dag_with_python_operator_v07.get_age scheduled__2022-09-17T00:00:00+00:00 [queued]>
[2023-03-11T18:43:13.772+0000] {taskinstance.py:1279} INFO - 
--------------------------------------------------------------------------------
[2023-03-11T18:43:13.772+0000] {taskinstance.py:1280} INFO - Starting attempt 1 of 6
[2023-03-11T18:43:13.773+0000] {taskinstance.py:1281} INFO - 
--------------------------------------------------------------------------------
[2023-03-11T18:43:13.924+0000] {taskinstance.py:1300} INFO - Executing <Task(PythonOperator): get_age> on 2022-09-17 00:00:00+00:00
[2023-03-11T18:43:13.932+0000] {standard_task_runner.py:55} INFO - Started process 2666 to run task
[2023-03-11T18:43:13.948+0000] {standard_task_runner.py:82} INFO - Running: ['***', 'tasks', 'run', 'our_dag_with_python_operator_v07', 'get_age', 'scheduled__2022-09-17T00:00:00+00:00', '--job-id', '1039', '--raw', '--subdir', 'DAGS_FOLDER/examples/create_dag_with_python_operator.py', '--cfg-path', '/tmp/tmptxj7eplk']
[2023-03-11T18:43:13.949+0000] {standard_task_runner.py:83} INFO - Job 1039: Subtask get_age
[2023-03-11T18:43:14.521+0000] {task_command.py:388} INFO - Running <TaskInstance: our_dag_with_python_operator_v07.get_age scheduled__2022-09-17T00:00:00+00:00 [running]> on host 64900e5b98c9
[2023-03-11T18:43:15.697+0000] {taskinstance.py:1509} INFO - Exporting the following env vars:
AIRFLOW_CTX_DAG_OWNER=coder2j
AIRFLOW_CTX_DAG_ID=our_dag_with_python_operator_v07
AIRFLOW_CTX_TASK_ID=get_age
AIRFLOW_CTX_EXECUTION_DATE=2022-09-17T00:00:00+00:00
AIRFLOW_CTX_TRY_NUMBER=1
AIRFLOW_CTX_DAG_RUN_ID=scheduled__2022-09-17T00:00:00+00:00
[2023-03-11T18:43:15.851+0000] {python.py:177} INFO - Done. Returned value was: None
[2023-03-11T18:43:15.941+0000] {taskinstance.py:1323} INFO - Marking task as SUCCESS. dag_id=our_dag_with_python_operator_v07, task_id=get_age, execution_date=20220917T000000, start_date=20230311T184313, end_date=20230311T184315
[2023-03-11T18:43:16.168+0000] {local_task_job.py:208} INFO - Task exited with return code 0
[2023-03-11T18:43:16.427+0000] {taskinstance.py:2578} INFO - 0 downstream tasks scheduled from follow-on schedule check
