[2023-03-11T18:44:08.004+0000] {taskinstance.py:1083} INFO - Dependencies all met for <TaskInstance: our_dag_with_python_operator_v07.greet scheduled__2022-10-07T00:00:00+00:00 [queued]>
[2023-03-11T18:44:08.084+0000] {taskinstance.py:1083} INFO - Dependencies all met for <TaskInstance: our_dag_with_python_operator_v07.greet scheduled__2022-10-07T00:00:00+00:00 [queued]>
[2023-03-11T18:44:08.085+0000] {taskinstance.py:1279} INFO - 
--------------------------------------------------------------------------------
[2023-03-11T18:44:08.086+0000] {taskinstance.py:1280} INFO - Starting attempt 1 of 6
[2023-03-11T18:44:08.086+0000] {taskinstance.py:1281} INFO - 
--------------------------------------------------------------------------------
[2023-03-11T18:44:08.255+0000] {taskinstance.py:1300} INFO - Executing <Task(PythonOperator): greet> on 2022-10-07 00:00:00+00:00
[2023-03-11T18:44:08.278+0000] {standard_task_runner.py:55} INFO - Started process 2838 to run task
[2023-03-11T18:44:08.335+0000] {standard_task_runner.py:82} INFO - Running: ['***', 'tasks', 'run', 'our_dag_with_python_operator_v07', 'greet', 'scheduled__2022-10-07T00:00:00+00:00', '--job-id', '1110', '--raw', '--subdir', 'DAGS_FOLDER/examples/create_dag_with_python_operator.py', '--cfg-path', '/tmp/tmp2abcm3q_']
[2023-03-11T18:44:08.345+0000] {standard_task_runner.py:83} INFO - Job 1110: Subtask greet
[2023-03-11T18:44:08.719+0000] {task_command.py:388} INFO - Running <TaskInstance: our_dag_with_python_operator_v07.greet scheduled__2022-10-07T00:00:00+00:00 [running]> on host 64900e5b98c9
[2023-03-11T18:44:09.512+0000] {taskinstance.py:1509} INFO - Exporting the following env vars:
AIRFLOW_CTX_DAG_OWNER=coder2j
AIRFLOW_CTX_DAG_ID=our_dag_with_python_operator_v07
AIRFLOW_CTX_TASK_ID=greet
AIRFLOW_CTX_EXECUTION_DATE=2022-10-07T00:00:00+00:00
AIRFLOW_CTX_TRY_NUMBER=1
AIRFLOW_CTX_DAG_RUN_ID=scheduled__2022-10-07T00:00:00+00:00
[2023-03-11T18:44:09.513+0000] {logging_mixin.py:137} INFO - some dict:  {'a': 1, 'b': 2}
[2023-03-11T18:44:09.663+0000] {logging_mixin.py:137} INFO - Hello World! My name is Jerry Fridman, and I am 19 years old!
[2023-03-11T18:44:09.664+0000] {python.py:177} INFO - Done. Returned value was: None
[2023-03-11T18:44:09.698+0000] {taskinstance.py:1323} INFO - Marking task as SUCCESS. dag_id=our_dag_with_python_operator_v07, task_id=greet, execution_date=20221007T000000, start_date=20230311T184408, end_date=20230311T184409
[2023-03-11T18:44:09.842+0000] {local_task_job.py:208} INFO - Task exited with return code 0
[2023-03-11T18:44:09.919+0000] {taskinstance.py:2578} INFO - 0 downstream tasks scheduled from follow-on schedule check
