[2023-03-11T18:48:16.674+0000] {taskinstance.py:1083} INFO - Dependencies all met for <TaskInstance: our_dag_with_python_operator_v07.get_age scheduled__2023-01-07T00:00:00+00:00 [queued]>
[2023-03-11T18:48:17.037+0000] {taskinstance.py:1083} INFO - Dependencies all met for <TaskInstance: our_dag_with_python_operator_v07.get_age scheduled__2023-01-07T00:00:00+00:00 [queued]>
[2023-03-11T18:48:17.037+0000] {taskinstance.py:1279} INFO - 
--------------------------------------------------------------------------------
[2023-03-11T18:48:17.038+0000] {taskinstance.py:1280} INFO - Starting attempt 1 of 6
[2023-03-11T18:48:17.038+0000] {taskinstance.py:1281} INFO - 
--------------------------------------------------------------------------------
[2023-03-11T18:48:17.681+0000] {taskinstance.py:1300} INFO - Executing <Task(PythonOperator): get_age> on 2023-01-07 00:00:00+00:00
[2023-03-11T18:48:17.780+0000] {standard_task_runner.py:55} INFO - Started process 3499 to run task
[2023-03-11T18:48:17.822+0000] {standard_task_runner.py:82} INFO - Running: ['***', 'tasks', 'run', 'our_dag_with_python_operator_v07', 'get_age', 'scheduled__2023-01-07T00:00:00+00:00', '--job-id', '1376', '--raw', '--subdir', 'DAGS_FOLDER/examples/create_dag_with_python_operator.py', '--cfg-path', '/tmp/tmpnzzkv9vr']
[2023-03-11T18:48:17.824+0000] {standard_task_runner.py:83} INFO - Job 1376: Subtask get_age
[2023-03-11T18:48:18.488+0000] {task_command.py:388} INFO - Running <TaskInstance: our_dag_with_python_operator_v07.get_age scheduled__2023-01-07T00:00:00+00:00 [running]> on host 64900e5b98c9
[2023-03-11T18:48:19.516+0000] {taskinstance.py:1509} INFO - Exporting the following env vars:
AIRFLOW_CTX_DAG_OWNER=coder2j
AIRFLOW_CTX_DAG_ID=our_dag_with_python_operator_v07
AIRFLOW_CTX_TASK_ID=get_age
AIRFLOW_CTX_EXECUTION_DATE=2023-01-07T00:00:00+00:00
AIRFLOW_CTX_TRY_NUMBER=1
AIRFLOW_CTX_DAG_RUN_ID=scheduled__2023-01-07T00:00:00+00:00
[2023-03-11T18:48:19.635+0000] {python.py:177} INFO - Done. Returned value was: None
[2023-03-11T18:48:19.775+0000] {taskinstance.py:1323} INFO - Marking task as SUCCESS. dag_id=our_dag_with_python_operator_v07, task_id=get_age, execution_date=20230107T000000, start_date=20230311T184816, end_date=20230311T184819
[2023-03-11T18:48:19.992+0000] {local_task_job.py:208} INFO - Task exited with return code 0
[2023-03-11T18:48:20.287+0000] {taskinstance.py:2578} INFO - 1 downstream tasks scheduled from follow-on schedule check
