[2023-03-11T18:32:25.927+0000] {taskinstance.py:1083} INFO - Dependencies all met for <TaskInstance: our_dag_with_python_operator_v07.get_age scheduled__2021-12-25T00:00:00+00:00 [queued]>
[2023-03-11T18:32:25.991+0000] {taskinstance.py:1083} INFO - Dependencies all met for <TaskInstance: our_dag_with_python_operator_v07.get_age scheduled__2021-12-25T00:00:00+00:00 [queued]>
[2023-03-11T18:32:25.991+0000] {taskinstance.py:1279} INFO - 
--------------------------------------------------------------------------------
[2023-03-11T18:32:25.991+0000] {taskinstance.py:1280} INFO - Starting attempt 1 of 6
[2023-03-11T18:32:25.991+0000] {taskinstance.py:1281} INFO - 
--------------------------------------------------------------------------------
[2023-03-11T18:32:26.281+0000] {taskinstance.py:1300} INFO - Executing <Task(PythonOperator): get_age> on 2021-12-25 00:00:00+00:00
[2023-03-11T18:32:26.357+0000] {standard_task_runner.py:82} INFO - Running: ['***', 'tasks', 'run', 'our_dag_with_python_operator_v07', 'get_age', 'scheduled__2021-12-25T00:00:00+00:00', '--job-id', '231', '--raw', '--subdir', 'DAGS_FOLDER/examples/create_dag_with_python_operator.py', '--cfg-path', '/tmp/tmpbyeafzsk']
[2023-03-11T18:32:26.358+0000] {standard_task_runner.py:83} INFO - Job 231: Subtask get_age
[2023-03-11T18:32:26.372+0000] {standard_task_runner.py:55} INFO - Started process 708 to run task
[2023-03-11T18:32:27.108+0000] {task_command.py:388} INFO - Running <TaskInstance: our_dag_with_python_operator_v07.get_age scheduled__2021-12-25T00:00:00+00:00 [running]> on host 64900e5b98c9
[2023-03-11T18:32:28.716+0000] {taskinstance.py:1509} INFO - Exporting the following env vars:
AIRFLOW_CTX_DAG_OWNER=coder2j
AIRFLOW_CTX_DAG_ID=our_dag_with_python_operator_v07
AIRFLOW_CTX_TASK_ID=get_age
AIRFLOW_CTX_EXECUTION_DATE=2021-12-25T00:00:00+00:00
AIRFLOW_CTX_TRY_NUMBER=1
AIRFLOW_CTX_DAG_RUN_ID=scheduled__2021-12-25T00:00:00+00:00
[2023-03-11T18:32:28.945+0000] {python.py:177} INFO - Done. Returned value was: None
[2023-03-11T18:32:29.073+0000] {taskinstance.py:1323} INFO - Marking task as SUCCESS. dag_id=our_dag_with_python_operator_v07, task_id=get_age, execution_date=20211225T000000, start_date=20230311T183225, end_date=20230311T183229
[2023-03-11T18:32:29.282+0000] {local_task_job.py:208} INFO - Task exited with return code 0
[2023-03-11T18:32:29.509+0000] {taskinstance.py:2578} INFO - 0 downstream tasks scheduled from follow-on schedule check
