[2023-03-11T18:30:52.027+0000] {taskinstance.py:1083} INFO - Dependencies all met for <TaskInstance: our_dag_with_python_operator_v07.get_name scheduled__2021-11-15T00:00:00+00:00 [queued]>
[2023-03-11T18:30:52.146+0000] {taskinstance.py:1083} INFO - Dependencies all met for <TaskInstance: our_dag_with_python_operator_v07.get_name scheduled__2021-11-15T00:00:00+00:00 [queued]>
[2023-03-11T18:30:52.147+0000] {taskinstance.py:1279} INFO - 
--------------------------------------------------------------------------------
[2023-03-11T18:30:52.147+0000] {taskinstance.py:1280} INFO - Starting attempt 1 of 6
[2023-03-11T18:30:52.148+0000] {taskinstance.py:1281} INFO - 
--------------------------------------------------------------------------------
[2023-03-11T18:30:52.622+0000] {taskinstance.py:1300} INFO - Executing <Task(PythonOperator): get_name> on 2021-11-15 00:00:00+00:00
[2023-03-11T18:30:52.638+0000] {standard_task_runner.py:55} INFO - Started process 440 to run task
[2023-03-11T18:30:52.663+0000] {standard_task_runner.py:82} INFO - Running: ['***', 'tasks', 'run', 'our_dag_with_python_operator_v07', 'get_name', 'scheduled__2021-11-15T00:00:00+00:00', '--job-id', '122', '--raw', '--subdir', 'DAGS_FOLDER/examples/create_dag_with_python_operator.py', '--cfg-path', '/tmp/tmpmybu0js2']
[2023-03-11T18:30:52.664+0000] {standard_task_runner.py:83} INFO - Job 122: Subtask get_name
[2023-03-11T18:30:53.334+0000] {task_command.py:388} INFO - Running <TaskInstance: our_dag_with_python_operator_v07.get_name scheduled__2021-11-15T00:00:00+00:00 [running]> on host 64900e5b98c9
[2023-03-11T18:30:54.742+0000] {taskinstance.py:1509} INFO - Exporting the following env vars:
AIRFLOW_CTX_DAG_OWNER=coder2j
AIRFLOW_CTX_DAG_ID=our_dag_with_python_operator_v07
AIRFLOW_CTX_TASK_ID=get_name
AIRFLOW_CTX_EXECUTION_DATE=2021-11-15T00:00:00+00:00
AIRFLOW_CTX_TRY_NUMBER=1
AIRFLOW_CTX_DAG_RUN_ID=scheduled__2021-11-15T00:00:00+00:00
[2023-03-11T18:30:55.003+0000] {python.py:177} INFO - Done. Returned value was: None
[2023-03-11T18:30:55.241+0000] {taskinstance.py:1323} INFO - Marking task as SUCCESS. dag_id=our_dag_with_python_operator_v07, task_id=get_name, execution_date=20211115T000000, start_date=20230311T183052, end_date=20230311T183055
[2023-03-11T18:30:55.427+0000] {local_task_job.py:208} INFO - Task exited with return code 0
[2023-03-11T18:30:55.728+0000] {taskinstance.py:2578} INFO - 1 downstream tasks scheduled from follow-on schedule check
