[2023-03-11T18:44:20.577+0000] {taskinstance.py:1083} INFO - Dependencies all met for <TaskInstance: our_dag_with_python_operator_v07.get_name scheduled__2022-10-15T00:00:00+00:00 [queued]>
[2023-03-11T18:44:20.676+0000] {taskinstance.py:1083} INFO - Dependencies all met for <TaskInstance: our_dag_with_python_operator_v07.get_name scheduled__2022-10-15T00:00:00+00:00 [queued]>
[2023-03-11T18:44:20.696+0000] {taskinstance.py:1279} INFO - 
--------------------------------------------------------------------------------
[2023-03-11T18:44:20.696+0000] {taskinstance.py:1280} INFO - Starting attempt 1 of 6
[2023-03-11T18:44:20.697+0000] {taskinstance.py:1281} INFO - 
--------------------------------------------------------------------------------
[2023-03-11T18:44:20.866+0000] {taskinstance.py:1300} INFO - Executing <Task(PythonOperator): get_name> on 2022-10-15 00:00:00+00:00
[2023-03-11T18:44:20.872+0000] {standard_task_runner.py:55} INFO - Started process 2880 to run task
[2023-03-11T18:44:20.935+0000] {standard_task_runner.py:82} INFO - Running: ['***', 'tasks', 'run', 'our_dag_with_python_operator_v07', 'get_name', 'scheduled__2022-10-15T00:00:00+00:00', '--job-id', '1127', '--raw', '--subdir', 'DAGS_FOLDER/examples/create_dag_with_python_operator.py', '--cfg-path', '/tmp/tmphzb9s1c3']
[2023-03-11T18:44:20.980+0000] {standard_task_runner.py:83} INFO - Job 1127: Subtask get_name
[2023-03-11T18:44:21.780+0000] {task_command.py:388} INFO - Running <TaskInstance: our_dag_with_python_operator_v07.get_name scheduled__2022-10-15T00:00:00+00:00 [running]> on host 64900e5b98c9
[2023-03-11T18:44:23.107+0000] {taskinstance.py:1509} INFO - Exporting the following env vars:
AIRFLOW_CTX_DAG_OWNER=coder2j
AIRFLOW_CTX_DAG_ID=our_dag_with_python_operator_v07
AIRFLOW_CTX_TASK_ID=get_name
AIRFLOW_CTX_EXECUTION_DATE=2022-10-15T00:00:00+00:00
AIRFLOW_CTX_TRY_NUMBER=1
AIRFLOW_CTX_DAG_RUN_ID=scheduled__2022-10-15T00:00:00+00:00
[2023-03-11T18:44:23.343+0000] {python.py:177} INFO - Done. Returned value was: None
[2023-03-11T18:44:23.461+0000] {taskinstance.py:1323} INFO - Marking task as SUCCESS. dag_id=our_dag_with_python_operator_v07, task_id=get_name, execution_date=20221015T000000, start_date=20230311T184420, end_date=20230311T184423
[2023-03-11T18:44:24.347+0000] {local_task_job.py:208} INFO - Task exited with return code 0
[2023-03-11T18:44:25.033+0000] {taskinstance.py:2578} INFO - 0 downstream tasks scheduled from follow-on schedule check
