[2023-03-11T18:31:51.238+0000] {taskinstance.py:1083} INFO - Dependencies all met for <TaskInstance: our_dag_with_python_operator_v07.greet scheduled__2021-11-27T00:00:00+00:00 [queued]>
[2023-03-11T18:31:51.452+0000] {taskinstance.py:1083} INFO - Dependencies all met for <TaskInstance: our_dag_with_python_operator_v07.greet scheduled__2021-11-27T00:00:00+00:00 [queued]>
[2023-03-11T18:31:51.452+0000] {taskinstance.py:1279} INFO - 
--------------------------------------------------------------------------------
[2023-03-11T18:31:51.452+0000] {taskinstance.py:1280} INFO - Starting attempt 1 of 6
[2023-03-11T18:31:51.453+0000] {taskinstance.py:1281} INFO - 
--------------------------------------------------------------------------------
[2023-03-11T18:31:51.627+0000] {taskinstance.py:1300} INFO - Executing <Task(PythonOperator): greet> on 2021-11-27 00:00:00+00:00
[2023-03-11T18:31:51.668+0000] {standard_task_runner.py:55} INFO - Started process 616 to run task
[2023-03-11T18:31:51.688+0000] {standard_task_runner.py:82} INFO - Running: ['***', 'tasks', 'run', 'our_dag_with_python_operator_v07', 'greet', 'scheduled__2021-11-27T00:00:00+00:00', '--job-id', '190', '--raw', '--subdir', 'DAGS_FOLDER/examples/create_dag_with_python_operator.py', '--cfg-path', '/tmp/tmpspgqmv_n']
[2023-03-11T18:31:51.703+0000] {standard_task_runner.py:83} INFO - Job 190: Subtask greet
[2023-03-11T18:31:52.059+0000] {task_command.py:388} INFO - Running <TaskInstance: our_dag_with_python_operator_v07.greet scheduled__2021-11-27T00:00:00+00:00 [running]> on host 64900e5b98c9
[2023-03-11T18:31:52.823+0000] {taskinstance.py:1509} INFO - Exporting the following env vars:
AIRFLOW_CTX_DAG_OWNER=coder2j
AIRFLOW_CTX_DAG_ID=our_dag_with_python_operator_v07
AIRFLOW_CTX_TASK_ID=greet
AIRFLOW_CTX_EXECUTION_DATE=2021-11-27T00:00:00+00:00
AIRFLOW_CTX_TRY_NUMBER=1
AIRFLOW_CTX_DAG_RUN_ID=scheduled__2021-11-27T00:00:00+00:00
[2023-03-11T18:31:52.835+0000] {logging_mixin.py:137} INFO - some dict:  {'a': 1, 'b': 2}
[2023-03-11T18:31:53.014+0000] {logging_mixin.py:137} INFO - Hello World! My name is Jerry Fridman, and I am 19 years old!
[2023-03-11T18:31:53.015+0000] {python.py:177} INFO - Done. Returned value was: None
[2023-03-11T18:31:53.068+0000] {taskinstance.py:1323} INFO - Marking task as SUCCESS. dag_id=our_dag_with_python_operator_v07, task_id=greet, execution_date=20211127T000000, start_date=20230311T183151, end_date=20230311T183153
[2023-03-11T18:31:53.298+0000] {local_task_job.py:208} INFO - Task exited with return code 0
[2023-03-11T18:31:53.397+0000] {taskinstance.py:2578} INFO - 0 downstream tasks scheduled from follow-on schedule check
