[2023-03-13T16:57:32.944+0000] {processor.py:153} INFO - Started process (PID=4284) to work on /opt/airflow/dags/examples/geracao_txt_v2.py
[2023-03-13T16:57:32.945+0000] {processor.py:743} INFO - Processing file /opt/airflow/dags/examples/geracao_txt_v2.py for tasks to queue
[2023-03-13T16:57:32.945+0000] {logging_mixin.py:137} INFO - [2023-03-13T16:57:32.945+0000] {dagbag.py:538} INFO - Filling up the DagBag from /opt/airflow/dags/examples/geracao_txt_v2.py
[2023-03-13T16:57:32.970+0000] {processor.py:753} INFO - DAG(s) dict_keys(['geracao_txt_b3']) retrieved from /opt/airflow/dags/examples/geracao_txt_v2.py
[2023-03-13T16:57:33.025+0000] {logging_mixin.py:137} INFO - [2023-03-13T16:57:33.025+0000] {dag.py:2690} INFO - Sync 1 DAGs
[2023-03-13T16:57:33.048+0000] {logging_mixin.py:137} INFO - [2023-03-13T16:57:33.048+0000] {dag.py:3441} INFO - Setting next_dagrun for geracao_txt_b3 to 2023-03-01T00:00:00+00:00, run_after=2023-03-02T00:00:00+00:00
[2023-03-13T16:57:33.066+0000] {processor.py:175} INFO - Processing /opt/airflow/dags/examples/geracao_txt_v2.py took 0.125 seconds
[2023-03-13T16:58:03.270+0000] {processor.py:153} INFO - Started process (PID=4369) to work on /opt/airflow/dags/examples/geracao_txt_v2.py
[2023-03-13T16:58:03.272+0000] {processor.py:743} INFO - Processing file /opt/airflow/dags/examples/geracao_txt_v2.py for tasks to queue
[2023-03-13T16:58:03.272+0000] {logging_mixin.py:137} INFO - [2023-03-13T16:58:03.272+0000] {dagbag.py:538} INFO - Filling up the DagBag from /opt/airflow/dags/examples/geracao_txt_v2.py
[2023-03-13T16:58:03.294+0000] {processor.py:753} INFO - DAG(s) dict_keys(['geracao_txt_b3']) retrieved from /opt/airflow/dags/examples/geracao_txt_v2.py
[2023-03-13T16:58:03.316+0000] {logging_mixin.py:137} INFO - [2023-03-13T16:58:03.316+0000] {dag.py:2690} INFO - Sync 1 DAGs
[2023-03-13T16:58:03.337+0000] {logging_mixin.py:137} INFO - [2023-03-13T16:58:03.337+0000] {dag.py:3441} INFO - Setting next_dagrun for geracao_txt_b3 to 2023-03-01T00:00:00+00:00, run_after=2023-03-02T00:00:00+00:00
[2023-03-13T16:58:03.355+0000] {processor.py:175} INFO - Processing /opt/airflow/dags/examples/geracao_txt_v2.py took 0.087 seconds
[2023-03-13T16:58:33.873+0000] {processor.py:153} INFO - Started process (PID=4456) to work on /opt/airflow/dags/examples/geracao_txt_v2.py
[2023-03-13T16:58:33.876+0000] {processor.py:743} INFO - Processing file /opt/airflow/dags/examples/geracao_txt_v2.py for tasks to queue
[2023-03-13T16:58:33.877+0000] {logging_mixin.py:137} INFO - [2023-03-13T16:58:33.876+0000] {dagbag.py:538} INFO - Filling up the DagBag from /opt/airflow/dags/examples/geracao_txt_v2.py
[2023-03-13T16:58:33.902+0000] {processor.py:753} INFO - DAG(s) dict_keys(['geracao_txt_b3']) retrieved from /opt/airflow/dags/examples/geracao_txt_v2.py
[2023-03-13T16:58:33.914+0000] {logging_mixin.py:137} INFO - [2023-03-13T16:58:33.913+0000] {dag.py:2690} INFO - Sync 1 DAGs
[2023-03-13T16:58:33.935+0000] {logging_mixin.py:137} INFO - [2023-03-13T16:58:33.935+0000] {dag.py:3441} INFO - Setting next_dagrun for geracao_txt_b3 to 2023-03-01T00:00:00+00:00, run_after=2023-03-02T00:00:00+00:00
[2023-03-13T16:58:33.956+0000] {processor.py:175} INFO - Processing /opt/airflow/dags/examples/geracao_txt_v2.py took 0.085 seconds
[2023-03-13T16:59:04.131+0000] {processor.py:153} INFO - Started process (PID=4541) to work on /opt/airflow/dags/examples/geracao_txt_v2.py
[2023-03-13T16:59:04.134+0000] {processor.py:743} INFO - Processing file /opt/airflow/dags/examples/geracao_txt_v2.py for tasks to queue
[2023-03-13T16:59:04.134+0000] {logging_mixin.py:137} INFO - [2023-03-13T16:59:04.134+0000] {dagbag.py:538} INFO - Filling up the DagBag from /opt/airflow/dags/examples/geracao_txt_v2.py
[2023-03-13T16:59:04.156+0000] {processor.py:753} INFO - DAG(s) dict_keys(['geracao_txt_b3']) retrieved from /opt/airflow/dags/examples/geracao_txt_v2.py
[2023-03-13T16:59:04.208+0000] {logging_mixin.py:137} INFO - [2023-03-13T16:59:04.207+0000] {dag.py:2690} INFO - Sync 1 DAGs
[2023-03-13T16:59:04.229+0000] {logging_mixin.py:137} INFO - [2023-03-13T16:59:04.229+0000] {dag.py:3441} INFO - Setting next_dagrun for geracao_txt_b3 to 2023-03-01T00:00:00+00:00, run_after=2023-03-02T00:00:00+00:00
[2023-03-13T16:59:04.250+0000] {processor.py:175} INFO - Processing /opt/airflow/dags/examples/geracao_txt_v2.py took 0.123 seconds
[2023-03-13T16:59:34.957+0000] {processor.py:153} INFO - Started process (PID=4635) to work on /opt/airflow/dags/examples/geracao_txt_v2.py
[2023-03-13T16:59:34.961+0000] {processor.py:743} INFO - Processing file /opt/airflow/dags/examples/geracao_txt_v2.py for tasks to queue
[2023-03-13T16:59:34.962+0000] {logging_mixin.py:137} INFO - [2023-03-13T16:59:34.962+0000] {dagbag.py:538} INFO - Filling up the DagBag from /opt/airflow/dags/examples/geracao_txt_v2.py
[2023-03-13T16:59:35.047+0000] {processor.py:753} INFO - DAG(s) dict_keys(['geracao_txt_b3']) retrieved from /opt/airflow/dags/examples/geracao_txt_v2.py
[2023-03-13T16:59:35.112+0000] {logging_mixin.py:137} INFO - [2023-03-13T16:59:35.112+0000] {dag.py:2690} INFO - Sync 1 DAGs
[2023-03-13T16:59:35.145+0000] {logging_mixin.py:137} INFO - [2023-03-13T16:59:35.145+0000] {dag.py:3441} INFO - Setting next_dagrun for geracao_txt_b3 to 2023-03-01T00:00:00+00:00, run_after=2023-03-02T00:00:00+00:00
[2023-03-13T16:59:35.165+0000] {processor.py:175} INFO - Processing /opt/airflow/dags/examples/geracao_txt_v2.py took 0.221 seconds
[2023-03-13T17:00:05.594+0000] {processor.py:153} INFO - Started process (PID=4713) to work on /opt/airflow/dags/examples/geracao_txt_v2.py
[2023-03-13T17:00:05.596+0000] {processor.py:743} INFO - Processing file /opt/airflow/dags/examples/geracao_txt_v2.py for tasks to queue
[2023-03-13T17:00:05.596+0000] {logging_mixin.py:137} INFO - [2023-03-13T17:00:05.596+0000] {dagbag.py:538} INFO - Filling up the DagBag from /opt/airflow/dags/examples/geracao_txt_v2.py
[2023-03-13T17:00:05.621+0000] {processor.py:753} INFO - DAG(s) dict_keys(['geracao_txt_b3']) retrieved from /opt/airflow/dags/examples/geracao_txt_v2.py
[2023-03-13T17:00:05.633+0000] {logging_mixin.py:137} INFO - [2023-03-13T17:00:05.633+0000] {dag.py:2690} INFO - Sync 1 DAGs
[2023-03-13T17:00:05.661+0000] {logging_mixin.py:137} INFO - [2023-03-13T17:00:05.661+0000] {dag.py:3441} INFO - Setting next_dagrun for geracao_txt_b3 to 2023-03-01T00:00:00+00:00, run_after=2023-03-02T00:00:00+00:00
[2023-03-13T17:00:05.683+0000] {processor.py:175} INFO - Processing /opt/airflow/dags/examples/geracao_txt_v2.py took 0.092 seconds
[2023-03-13T17:00:36.486+0000] {processor.py:153} INFO - Started process (PID=4807) to work on /opt/airflow/dags/examples/geracao_txt_v2.py
[2023-03-13T17:00:36.489+0000] {processor.py:743} INFO - Processing file /opt/airflow/dags/examples/geracao_txt_v2.py for tasks to queue
[2023-03-13T17:00:36.490+0000] {logging_mixin.py:137} INFO - [2023-03-13T17:00:36.490+0000] {dagbag.py:538} INFO - Filling up the DagBag from /opt/airflow/dags/examples/geracao_txt_v2.py
[2023-03-13T17:00:36.514+0000] {processor.py:753} INFO - DAG(s) dict_keys(['geracao_txt_b3']) retrieved from /opt/airflow/dags/examples/geracao_txt_v2.py
[2023-03-13T17:00:36.571+0000] {logging_mixin.py:137} INFO - [2023-03-13T17:00:36.571+0000] {dag.py:2690} INFO - Sync 1 DAGs
[2023-03-13T17:00:36.592+0000] {logging_mixin.py:137} INFO - [2023-03-13T17:00:36.592+0000] {dag.py:3441} INFO - Setting next_dagrun for geracao_txt_b3 to 2023-03-01T00:00:00+00:00, run_after=2023-03-02T00:00:00+00:00
[2023-03-13T17:00:36.613+0000] {processor.py:175} INFO - Processing /opt/airflow/dags/examples/geracao_txt_v2.py took 0.129 seconds
[2023-03-13T17:01:07.042+0000] {processor.py:153} INFO - Started process (PID=4885) to work on /opt/airflow/dags/examples/geracao_txt_v2.py
[2023-03-13T17:01:07.044+0000] {processor.py:743} INFO - Processing file /opt/airflow/dags/examples/geracao_txt_v2.py for tasks to queue
[2023-03-13T17:01:07.045+0000] {logging_mixin.py:137} INFO - [2023-03-13T17:01:07.045+0000] {dagbag.py:538} INFO - Filling up the DagBag from /opt/airflow/dags/examples/geracao_txt_v2.py
[2023-03-13T17:01:07.067+0000] {processor.py:753} INFO - DAG(s) dict_keys(['geracao_txt_b3']) retrieved from /opt/airflow/dags/examples/geracao_txt_v2.py
[2023-03-13T17:01:07.092+0000] {logging_mixin.py:137} INFO - [2023-03-13T17:01:07.092+0000] {dag.py:2690} INFO - Sync 1 DAGs
[2023-03-13T17:01:07.114+0000] {logging_mixin.py:137} INFO - [2023-03-13T17:01:07.114+0000] {dag.py:3441} INFO - Setting next_dagrun for geracao_txt_b3 to 2023-03-01T00:00:00+00:00, run_after=2023-03-02T00:00:00+00:00
[2023-03-13T17:01:07.133+0000] {processor.py:175} INFO - Processing /opt/airflow/dags/examples/geracao_txt_v2.py took 0.094 seconds
[2023-03-13T17:01:37.699+0000] {processor.py:153} INFO - Started process (PID=4979) to work on /opt/airflow/dags/examples/geracao_txt_v2.py
[2023-03-13T17:01:37.702+0000] {processor.py:743} INFO - Processing file /opt/airflow/dags/examples/geracao_txt_v2.py for tasks to queue
[2023-03-13T17:01:37.703+0000] {logging_mixin.py:137} INFO - [2023-03-13T17:01:37.703+0000] {dagbag.py:538} INFO - Filling up the DagBag from /opt/airflow/dags/examples/geracao_txt_v2.py
[2023-03-13T17:01:37.725+0000] {processor.py:753} INFO - DAG(s) dict_keys(['geracao_txt_b3']) retrieved from /opt/airflow/dags/examples/geracao_txt_v2.py
[2023-03-13T17:01:37.738+0000] {logging_mixin.py:137} INFO - [2023-03-13T17:01:37.737+0000] {dag.py:2690} INFO - Sync 1 DAGs
[2023-03-13T17:01:37.758+0000] {logging_mixin.py:137} INFO - [2023-03-13T17:01:37.758+0000] {dag.py:3441} INFO - Setting next_dagrun for geracao_txt_b3 to 2023-03-01T00:00:00+00:00, run_after=2023-03-02T00:00:00+00:00
[2023-03-13T17:01:37.777+0000] {processor.py:175} INFO - Processing /opt/airflow/dags/examples/geracao_txt_v2.py took 0.081 seconds
[2023-03-13T17:02:08.328+0000] {processor.py:153} INFO - Started process (PID=5057) to work on /opt/airflow/dags/examples/geracao_txt_v2.py
[2023-03-13T17:02:08.330+0000] {processor.py:743} INFO - Processing file /opt/airflow/dags/examples/geracao_txt_v2.py for tasks to queue
[2023-03-13T17:02:08.331+0000] {logging_mixin.py:137} INFO - [2023-03-13T17:02:08.331+0000] {dagbag.py:538} INFO - Filling up the DagBag from /opt/airflow/dags/examples/geracao_txt_v2.py
[2023-03-13T17:02:08.358+0000] {processor.py:753} INFO - DAG(s) dict_keys(['geracao_txt_b3']) retrieved from /opt/airflow/dags/examples/geracao_txt_v2.py
[2023-03-13T17:02:08.424+0000] {logging_mixin.py:137} INFO - [2023-03-13T17:02:08.424+0000] {dag.py:2690} INFO - Sync 1 DAGs
[2023-03-13T17:02:08.451+0000] {logging_mixin.py:137} INFO - [2023-03-13T17:02:08.451+0000] {dag.py:3441} INFO - Setting next_dagrun for geracao_txt_b3 to 2023-03-01T00:00:00+00:00, run_after=2023-03-02T00:00:00+00:00
[2023-03-13T17:02:08.474+0000] {processor.py:175} INFO - Processing /opt/airflow/dags/examples/geracao_txt_v2.py took 0.149 seconds
[2023-03-13T17:02:39.099+0000] {processor.py:153} INFO - Started process (PID=5151) to work on /opt/airflow/dags/examples/geracao_txt_v2.py
[2023-03-13T17:02:39.102+0000] {processor.py:743} INFO - Processing file /opt/airflow/dags/examples/geracao_txt_v2.py for tasks to queue
[2023-03-13T17:02:39.103+0000] {logging_mixin.py:137} INFO - [2023-03-13T17:02:39.102+0000] {dagbag.py:538} INFO - Filling up the DagBag from /opt/airflow/dags/examples/geracao_txt_v2.py
[2023-03-13T17:02:39.132+0000] {processor.py:753} INFO - DAG(s) dict_keys(['geracao_txt_b3']) retrieved from /opt/airflow/dags/examples/geracao_txt_v2.py
[2023-03-13T17:02:39.158+0000] {logging_mixin.py:137} INFO - [2023-03-13T17:02:39.158+0000] {dag.py:2690} INFO - Sync 1 DAGs
[2023-03-13T17:02:39.188+0000] {logging_mixin.py:137} INFO - [2023-03-13T17:02:39.188+0000] {dag.py:3441} INFO - Setting next_dagrun for geracao_txt_b3 to 2023-03-01T00:00:00+00:00, run_after=2023-03-02T00:00:00+00:00
[2023-03-13T17:02:39.211+0000] {processor.py:175} INFO - Processing /opt/airflow/dags/examples/geracao_txt_v2.py took 0.116 seconds
[2023-03-13T17:03:09.227+0000] {processor.py:153} INFO - Started process (PID=5229) to work on /opt/airflow/dags/examples/geracao_txt_v2.py
[2023-03-13T17:03:09.228+0000] {processor.py:743} INFO - Processing file /opt/airflow/dags/examples/geracao_txt_v2.py for tasks to queue
[2023-03-13T17:03:09.229+0000] {logging_mixin.py:137} INFO - [2023-03-13T17:03:09.229+0000] {dagbag.py:538} INFO - Filling up the DagBag from /opt/airflow/dags/examples/geracao_txt_v2.py
[2023-03-13T17:03:09.258+0000] {processor.py:753} INFO - DAG(s) dict_keys(['geracao_txt_b3']) retrieved from /opt/airflow/dags/examples/geracao_txt_v2.py
[2023-03-13T17:03:09.295+0000] {logging_mixin.py:137} INFO - [2023-03-13T17:03:09.295+0000] {dag.py:2690} INFO - Sync 1 DAGs
[2023-03-13T17:03:09.324+0000] {logging_mixin.py:137} INFO - [2023-03-13T17:03:09.323+0000] {dag.py:3441} INFO - Setting next_dagrun for geracao_txt_b3 to 2023-03-01T00:00:00+00:00, run_after=2023-03-02T00:00:00+00:00
[2023-03-13T17:03:09.344+0000] {processor.py:175} INFO - Processing /opt/airflow/dags/examples/geracao_txt_v2.py took 0.121 seconds
[2023-03-13T17:03:39.891+0000] {processor.py:153} INFO - Started process (PID=5318) to work on /opt/airflow/dags/examples/geracao_txt_v2.py
[2023-03-13T17:03:39.893+0000] {processor.py:743} INFO - Processing file /opt/airflow/dags/examples/geracao_txt_v2.py for tasks to queue
[2023-03-13T17:03:39.893+0000] {logging_mixin.py:137} INFO - [2023-03-13T17:03:39.893+0000] {dagbag.py:538} INFO - Filling up the DagBag from /opt/airflow/dags/examples/geracao_txt_v2.py
[2023-03-13T17:03:39.921+0000] {processor.py:753} INFO - DAG(s) dict_keys(['geracao_txt_b3']) retrieved from /opt/airflow/dags/examples/geracao_txt_v2.py
[2023-03-13T17:03:39.984+0000] {logging_mixin.py:137} INFO - [2023-03-13T17:03:39.984+0000] {dag.py:2690} INFO - Sync 1 DAGs
[2023-03-13T17:03:40.007+0000] {logging_mixin.py:137} INFO - [2023-03-13T17:03:40.007+0000] {dag.py:3441} INFO - Setting next_dagrun for geracao_txt_b3 to 2023-03-01T00:00:00+00:00, run_after=2023-03-02T00:00:00+00:00
[2023-03-13T17:03:40.029+0000] {processor.py:175} INFO - Processing /opt/airflow/dags/examples/geracao_txt_v2.py took 0.140 seconds
[2023-03-13T17:04:10.388+0000] {processor.py:153} INFO - Started process (PID=5405) to work on /opt/airflow/dags/examples/geracao_txt_v2.py
[2023-03-13T17:04:10.391+0000] {processor.py:743} INFO - Processing file /opt/airflow/dags/examples/geracao_txt_v2.py for tasks to queue
[2023-03-13T17:04:10.392+0000] {logging_mixin.py:137} INFO - [2023-03-13T17:04:10.392+0000] {dagbag.py:538} INFO - Filling up the DagBag from /opt/airflow/dags/examples/geracao_txt_v2.py
[2023-03-13T17:04:10.434+0000] {processor.py:753} INFO - DAG(s) dict_keys(['geracao_txt_b3']) retrieved from /opt/airflow/dags/examples/geracao_txt_v2.py
[2023-03-13T17:04:10.495+0000] {logging_mixin.py:137} INFO - [2023-03-13T17:04:10.495+0000] {dag.py:2690} INFO - Sync 1 DAGs
[2023-03-13T17:04:10.538+0000] {logging_mixin.py:137} INFO - [2023-03-13T17:04:10.538+0000] {dag.py:3441} INFO - Setting next_dagrun for geracao_txt_b3 to 2023-03-01T00:00:00+00:00, run_after=2023-03-02T00:00:00+00:00
[2023-03-13T17:04:10.571+0000] {processor.py:175} INFO - Processing /opt/airflow/dags/examples/geracao_txt_v2.py took 0.187 seconds
[2023-03-13T17:04:41.085+0000] {processor.py:153} INFO - Started process (PID=5490) to work on /opt/airflow/dags/examples/geracao_txt_v2.py
[2023-03-13T17:04:41.087+0000] {processor.py:743} INFO - Processing file /opt/airflow/dags/examples/geracao_txt_v2.py for tasks to queue
[2023-03-13T17:04:41.087+0000] {logging_mixin.py:137} INFO - [2023-03-13T17:04:41.087+0000] {dagbag.py:538} INFO - Filling up the DagBag from /opt/airflow/dags/examples/geracao_txt_v2.py
[2023-03-13T17:04:41.111+0000] {processor.py:753} INFO - DAG(s) dict_keys(['geracao_txt_b3']) retrieved from /opt/airflow/dags/examples/geracao_txt_v2.py
[2023-03-13T17:04:41.171+0000] {logging_mixin.py:137} INFO - [2023-03-13T17:04:41.171+0000] {dag.py:2690} INFO - Sync 1 DAGs
[2023-03-13T17:04:41.197+0000] {logging_mixin.py:137} INFO - [2023-03-13T17:04:41.197+0000] {dag.py:3441} INFO - Setting next_dagrun for geracao_txt_b3 to 2023-03-01T00:00:00+00:00, run_after=2023-03-02T00:00:00+00:00
[2023-03-13T17:04:41.219+0000] {processor.py:175} INFO - Processing /opt/airflow/dags/examples/geracao_txt_v2.py took 0.138 seconds
[2023-03-13T17:05:11.481+0000] {processor.py:153} INFO - Started process (PID=5569) to work on /opt/airflow/dags/examples/geracao_txt_v2.py
[2023-03-13T17:05:11.493+0000] {processor.py:743} INFO - Processing file /opt/airflow/dags/examples/geracao_txt_v2.py for tasks to queue
[2023-03-13T17:05:11.494+0000] {logging_mixin.py:137} INFO - [2023-03-13T17:05:11.494+0000] {dagbag.py:538} INFO - Filling up the DagBag from /opt/airflow/dags/examples/geracao_txt_v2.py
[2023-03-13T17:05:11.574+0000] {processor.py:753} INFO - DAG(s) dict_keys(['geracao_txt_b3']) retrieved from /opt/airflow/dags/examples/geracao_txt_v2.py
[2023-03-13T17:05:11.638+0000] {logging_mixin.py:137} INFO - [2023-03-13T17:05:11.638+0000] {dag.py:2690} INFO - Sync 1 DAGs
[2023-03-13T17:05:11.686+0000] {logging_mixin.py:137} INFO - [2023-03-13T17:05:11.685+0000] {dag.py:3441} INFO - Setting next_dagrun for geracao_txt_b3 to 2023-03-01T00:00:00+00:00, run_after=2023-03-02T00:00:00+00:00
[2023-03-13T17:05:11.721+0000] {processor.py:175} INFO - Processing /opt/airflow/dags/examples/geracao_txt_v2.py took 0.244 seconds
[2023-03-13T17:05:42.612+0000] {processor.py:153} INFO - Started process (PID=5663) to work on /opt/airflow/dags/examples/geracao_txt_v2.py
[2023-03-13T17:05:42.615+0000] {processor.py:743} INFO - Processing file /opt/airflow/dags/examples/geracao_txt_v2.py for tasks to queue
[2023-03-13T17:05:42.616+0000] {logging_mixin.py:137} INFO - [2023-03-13T17:05:42.616+0000] {dagbag.py:538} INFO - Filling up the DagBag from /opt/airflow/dags/examples/geracao_txt_v2.py
[2023-03-13T17:05:42.642+0000] {processor.py:753} INFO - DAG(s) dict_keys(['geracao_txt_b3']) retrieved from /opt/airflow/dags/examples/geracao_txt_v2.py
[2023-03-13T17:05:42.697+0000] {logging_mixin.py:137} INFO - [2023-03-13T17:05:42.697+0000] {dag.py:2690} INFO - Sync 1 DAGs
[2023-03-13T17:05:42.720+0000] {logging_mixin.py:137} INFO - [2023-03-13T17:05:42.720+0000] {dag.py:3441} INFO - Setting next_dagrun for geracao_txt_b3 to 2023-03-01T00:00:00+00:00, run_after=2023-03-02T00:00:00+00:00
[2023-03-13T17:05:42.741+0000] {processor.py:175} INFO - Processing /opt/airflow/dags/examples/geracao_txt_v2.py took 0.131 seconds
[2023-03-13T17:06:13.678+0000] {processor.py:153} INFO - Started process (PID=5751) to work on /opt/airflow/dags/examples/geracao_txt_v2.py
[2023-03-13T17:06:13.681+0000] {processor.py:743} INFO - Processing file /opt/airflow/dags/examples/geracao_txt_v2.py for tasks to queue
[2023-03-13T17:06:13.682+0000] {logging_mixin.py:137} INFO - [2023-03-13T17:06:13.681+0000] {dagbag.py:538} INFO - Filling up the DagBag from /opt/airflow/dags/examples/geracao_txt_v2.py
[2023-03-13T17:06:13.721+0000] {processor.py:753} INFO - DAG(s) dict_keys(['geracao_txt_b3']) retrieved from /opt/airflow/dags/examples/geracao_txt_v2.py
[2023-03-13T17:06:13.751+0000] {logging_mixin.py:137} INFO - [2023-03-13T17:06:13.751+0000] {dag.py:2690} INFO - Sync 1 DAGs
[2023-03-13T17:06:13.803+0000] {logging_mixin.py:137} INFO - [2023-03-13T17:06:13.803+0000] {dag.py:3441} INFO - Setting next_dagrun for geracao_txt_b3 to 2023-03-01T00:00:00+00:00, run_after=2023-03-02T00:00:00+00:00
[2023-03-13T17:06:13.853+0000] {processor.py:175} INFO - Processing /opt/airflow/dags/examples/geracao_txt_v2.py took 0.179 seconds
[2023-03-13T17:06:44.047+0000] {processor.py:153} INFO - Started process (PID=5836) to work on /opt/airflow/dags/examples/geracao_txt_v2.py
[2023-03-13T17:06:44.050+0000] {processor.py:743} INFO - Processing file /opt/airflow/dags/examples/geracao_txt_v2.py for tasks to queue
[2023-03-13T17:06:44.051+0000] {logging_mixin.py:137} INFO - [2023-03-13T17:06:44.051+0000] {dagbag.py:538} INFO - Filling up the DagBag from /opt/airflow/dags/examples/geracao_txt_v2.py
[2023-03-13T17:06:44.078+0000] {processor.py:753} INFO - DAG(s) dict_keys(['geracao_txt_b3']) retrieved from /opt/airflow/dags/examples/geracao_txt_v2.py
[2023-03-13T17:06:44.146+0000] {logging_mixin.py:137} INFO - [2023-03-13T17:06:44.146+0000] {dag.py:2690} INFO - Sync 1 DAGs
[2023-03-13T17:06:44.172+0000] {logging_mixin.py:137} INFO - [2023-03-13T17:06:44.172+0000] {dag.py:3441} INFO - Setting next_dagrun for geracao_txt_b3 to 2023-03-01T00:00:00+00:00, run_after=2023-03-02T00:00:00+00:00
[2023-03-13T17:06:44.194+0000] {processor.py:175} INFO - Processing /opt/airflow/dags/examples/geracao_txt_v2.py took 0.150 seconds
[2023-03-13T17:07:14.412+0000] {processor.py:153} INFO - Started process (PID=5924) to work on /opt/airflow/dags/examples/geracao_txt_v2.py
[2023-03-13T17:07:14.414+0000] {processor.py:743} INFO - Processing file /opt/airflow/dags/examples/geracao_txt_v2.py for tasks to queue
[2023-03-13T17:07:14.415+0000] {logging_mixin.py:137} INFO - [2023-03-13T17:07:14.415+0000] {dagbag.py:538} INFO - Filling up the DagBag from /opt/airflow/dags/examples/geracao_txt_v2.py
[2023-03-13T17:07:14.447+0000] {processor.py:753} INFO - DAG(s) dict_keys(['geracao_txt_b3']) retrieved from /opt/airflow/dags/examples/geracao_txt_v2.py
[2023-03-13T17:07:14.473+0000] {logging_mixin.py:137} INFO - [2023-03-13T17:07:14.473+0000] {dag.py:2690} INFO - Sync 1 DAGs
[2023-03-13T17:07:14.508+0000] {logging_mixin.py:137} INFO - [2023-03-13T17:07:14.508+0000] {dag.py:3441} INFO - Setting next_dagrun for geracao_txt_b3 to 2023-03-01T00:00:00+00:00, run_after=2023-03-02T00:00:00+00:00
[2023-03-13T17:07:14.533+0000] {processor.py:175} INFO - Processing /opt/airflow/dags/examples/geracao_txt_v2.py took 0.125 seconds
[2023-03-13T17:07:44.736+0000] {processor.py:153} INFO - Started process (PID=6009) to work on /opt/airflow/dags/examples/geracao_txt_v2.py
[2023-03-13T17:07:44.737+0000] {processor.py:743} INFO - Processing file /opt/airflow/dags/examples/geracao_txt_v2.py for tasks to queue
[2023-03-13T17:07:44.738+0000] {logging_mixin.py:137} INFO - [2023-03-13T17:07:44.738+0000] {dagbag.py:538} INFO - Filling up the DagBag from /opt/airflow/dags/examples/geracao_txt_v2.py
[2023-03-13T17:07:44.773+0000] {processor.py:753} INFO - DAG(s) dict_keys(['geracao_txt_b3']) retrieved from /opt/airflow/dags/examples/geracao_txt_v2.py
[2023-03-13T17:07:44.786+0000] {logging_mixin.py:137} INFO - [2023-03-13T17:07:44.785+0000] {dag.py:2690} INFO - Sync 1 DAGs
[2023-03-13T17:07:44.817+0000] {logging_mixin.py:137} INFO - [2023-03-13T17:07:44.817+0000] {dag.py:3441} INFO - Setting next_dagrun for geracao_txt_b3 to 2023-03-01T00:00:00+00:00, run_after=2023-03-02T00:00:00+00:00
[2023-03-13T17:07:44.837+0000] {processor.py:175} INFO - Processing /opt/airflow/dags/examples/geracao_txt_v2.py took 0.104 seconds
[2023-03-13T17:08:15.092+0000] {processor.py:153} INFO - Started process (PID=6103) to work on /opt/airflow/dags/examples/geracao_txt_v2.py
[2023-03-13T17:08:15.103+0000] {processor.py:743} INFO - Processing file /opt/airflow/dags/examples/geracao_txt_v2.py for tasks to queue
[2023-03-13T17:08:15.104+0000] {logging_mixin.py:137} INFO - [2023-03-13T17:08:15.103+0000] {dagbag.py:538} INFO - Filling up the DagBag from /opt/airflow/dags/examples/geracao_txt_v2.py
[2023-03-13T17:08:15.138+0000] {processor.py:753} INFO - DAG(s) dict_keys(['geracao_txt_b3']) retrieved from /opt/airflow/dags/examples/geracao_txt_v2.py
[2023-03-13T17:08:15.204+0000] {logging_mixin.py:137} INFO - [2023-03-13T17:08:15.204+0000] {dag.py:2690} INFO - Sync 1 DAGs
[2023-03-13T17:08:15.224+0000] {logging_mixin.py:137} INFO - [2023-03-13T17:08:15.224+0000] {dag.py:3441} INFO - Setting next_dagrun for geracao_txt_b3 to 2023-03-01T00:00:00+00:00, run_after=2023-03-02T00:00:00+00:00
[2023-03-13T17:08:15.248+0000] {processor.py:175} INFO - Processing /opt/airflow/dags/examples/geracao_txt_v2.py took 0.163 seconds
[2023-03-13T17:08:45.309+0000] {processor.py:153} INFO - Started process (PID=6181) to work on /opt/airflow/dags/examples/geracao_txt_v2.py
[2023-03-13T17:08:45.312+0000] {processor.py:743} INFO - Processing file /opt/airflow/dags/examples/geracao_txt_v2.py for tasks to queue
[2023-03-13T17:08:45.313+0000] {logging_mixin.py:137} INFO - [2023-03-13T17:08:45.313+0000] {dagbag.py:538} INFO - Filling up the DagBag from /opt/airflow/dags/examples/geracao_txt_v2.py
[2023-03-13T17:08:45.339+0000] {processor.py:753} INFO - DAG(s) dict_keys(['geracao_txt_b3']) retrieved from /opt/airflow/dags/examples/geracao_txt_v2.py
[2023-03-13T17:08:45.364+0000] {logging_mixin.py:137} INFO - [2023-03-13T17:08:45.364+0000] {dag.py:2690} INFO - Sync 1 DAGs
[2023-03-13T17:08:45.387+0000] {logging_mixin.py:137} INFO - [2023-03-13T17:08:45.387+0000] {dag.py:3441} INFO - Setting next_dagrun for geracao_txt_b3 to 2023-03-01T00:00:00+00:00, run_after=2023-03-02T00:00:00+00:00
[2023-03-13T17:08:45.409+0000] {processor.py:175} INFO - Processing /opt/airflow/dags/examples/geracao_txt_v2.py took 0.103 seconds
[2023-03-13T17:09:15.538+0000] {processor.py:153} INFO - Started process (PID=6275) to work on /opt/airflow/dags/examples/geracao_txt_v2.py
[2023-03-13T17:09:15.539+0000] {processor.py:743} INFO - Processing file /opt/airflow/dags/examples/geracao_txt_v2.py for tasks to queue
[2023-03-13T17:09:15.540+0000] {logging_mixin.py:137} INFO - [2023-03-13T17:09:15.540+0000] {dagbag.py:538} INFO - Filling up the DagBag from /opt/airflow/dags/examples/geracao_txt_v2.py
[2023-03-13T17:09:15.582+0000] {processor.py:753} INFO - DAG(s) dict_keys(['geracao_txt_b3']) retrieved from /opt/airflow/dags/examples/geracao_txt_v2.py
[2023-03-13T17:09:15.647+0000] {logging_mixin.py:137} INFO - [2023-03-13T17:09:15.647+0000] {dag.py:2690} INFO - Sync 1 DAGs
[2023-03-13T17:09:15.675+0000] {logging_mixin.py:137} INFO - [2023-03-13T17:09:15.674+0000] {dag.py:3441} INFO - Setting next_dagrun for geracao_txt_b3 to 2023-03-01T00:00:00+00:00, run_after=2023-03-02T00:00:00+00:00
[2023-03-13T17:09:15.698+0000] {processor.py:175} INFO - Processing /opt/airflow/dags/examples/geracao_txt_v2.py took 0.177 seconds
[2023-03-13T17:09:46.065+0000] {processor.py:153} INFO - Started process (PID=6353) to work on /opt/airflow/dags/examples/geracao_txt_v2.py
[2023-03-13T17:09:46.067+0000] {processor.py:743} INFO - Processing file /opt/airflow/dags/examples/geracao_txt_v2.py for tasks to queue
[2023-03-13T17:09:46.068+0000] {logging_mixin.py:137} INFO - [2023-03-13T17:09:46.068+0000] {dagbag.py:538} INFO - Filling up the DagBag from /opt/airflow/dags/examples/geracao_txt_v2.py
[2023-03-13T17:09:46.096+0000] {processor.py:753} INFO - DAG(s) dict_keys(['geracao_txt_b3']) retrieved from /opt/airflow/dags/examples/geracao_txt_v2.py
[2023-03-13T17:09:46.117+0000] {logging_mixin.py:137} INFO - [2023-03-13T17:09:46.117+0000] {dag.py:2690} INFO - Sync 1 DAGs
[2023-03-13T17:09:46.142+0000] {logging_mixin.py:137} INFO - [2023-03-13T17:09:46.141+0000] {dag.py:3441} INFO - Setting next_dagrun for geracao_txt_b3 to 2023-03-01T00:00:00+00:00, run_after=2023-03-02T00:00:00+00:00
[2023-03-13T17:09:46.164+0000] {processor.py:175} INFO - Processing /opt/airflow/dags/examples/geracao_txt_v2.py took 0.103 seconds
[2023-03-13T17:10:17.080+0000] {processor.py:153} INFO - Started process (PID=6447) to work on /opt/airflow/dags/examples/geracao_txt_v2.py
[2023-03-13T17:10:17.082+0000] {processor.py:743} INFO - Processing file /opt/airflow/dags/examples/geracao_txt_v2.py for tasks to queue
[2023-03-13T17:10:17.083+0000] {logging_mixin.py:137} INFO - [2023-03-13T17:10:17.083+0000] {dagbag.py:538} INFO - Filling up the DagBag from /opt/airflow/dags/examples/geracao_txt_v2.py
[2023-03-13T17:10:17.112+0000] {processor.py:753} INFO - DAG(s) dict_keys(['geracao_txt_b3']) retrieved from /opt/airflow/dags/examples/geracao_txt_v2.py
[2023-03-13T17:10:17.186+0000] {logging_mixin.py:137} INFO - [2023-03-13T17:10:17.186+0000] {dag.py:2690} INFO - Sync 1 DAGs
[2023-03-13T17:10:17.216+0000] {logging_mixin.py:137} INFO - [2023-03-13T17:10:17.216+0000] {dag.py:3441} INFO - Setting next_dagrun for geracao_txt_b3 to 2023-03-01T00:00:00+00:00, run_after=2023-03-02T00:00:00+00:00
[2023-03-13T17:10:17.245+0000] {processor.py:175} INFO - Processing /opt/airflow/dags/examples/geracao_txt_v2.py took 0.169 seconds
[2023-03-13T17:10:47.885+0000] {processor.py:153} INFO - Started process (PID=6525) to work on /opt/airflow/dags/examples/geracao_txt_v2.py
[2023-03-13T17:10:47.888+0000] {processor.py:743} INFO - Processing file /opt/airflow/dags/examples/geracao_txt_v2.py for tasks to queue
[2023-03-13T17:10:47.889+0000] {logging_mixin.py:137} INFO - [2023-03-13T17:10:47.889+0000] {dagbag.py:538} INFO - Filling up the DagBag from /opt/airflow/dags/examples/geracao_txt_v2.py
[2023-03-13T17:10:47.912+0000] {processor.py:753} INFO - DAG(s) dict_keys(['geracao_txt_b3']) retrieved from /opt/airflow/dags/examples/geracao_txt_v2.py
[2023-03-13T17:10:47.937+0000] {logging_mixin.py:137} INFO - [2023-03-13T17:10:47.937+0000] {dag.py:2690} INFO - Sync 1 DAGs
[2023-03-13T17:10:47.960+0000] {logging_mixin.py:137} INFO - [2023-03-13T17:10:47.960+0000] {dag.py:3441} INFO - Setting next_dagrun for geracao_txt_b3 to 2023-03-01T00:00:00+00:00, run_after=2023-03-02T00:00:00+00:00
[2023-03-13T17:10:47.983+0000] {processor.py:175} INFO - Processing /opt/airflow/dags/examples/geracao_txt_v2.py took 0.101 seconds
[2023-03-13T17:11:18.155+0000] {processor.py:153} INFO - Started process (PID=6619) to work on /opt/airflow/dags/examples/geracao_txt_v2.py
[2023-03-13T17:11:18.156+0000] {processor.py:743} INFO - Processing file /opt/airflow/dags/examples/geracao_txt_v2.py for tasks to queue
[2023-03-13T17:11:18.157+0000] {logging_mixin.py:137} INFO - [2023-03-13T17:11:18.157+0000] {dagbag.py:538} INFO - Filling up the DagBag from /opt/airflow/dags/examples/geracao_txt_v2.py
[2023-03-13T17:11:18.184+0000] {processor.py:753} INFO - DAG(s) dict_keys(['geracao_txt_b3']) retrieved from /opt/airflow/dags/examples/geracao_txt_v2.py
[2023-03-13T17:11:18.260+0000] {logging_mixin.py:137} INFO - [2023-03-13T17:11:18.260+0000] {dag.py:2690} INFO - Sync 1 DAGs
[2023-03-13T17:11:18.289+0000] {logging_mixin.py:137} INFO - [2023-03-13T17:11:18.289+0000] {dag.py:3441} INFO - Setting next_dagrun for geracao_txt_b3 to 2023-03-01T00:00:00+00:00, run_after=2023-03-02T00:00:00+00:00
[2023-03-13T17:11:18.314+0000] {processor.py:175} INFO - Processing /opt/airflow/dags/examples/geracao_txt_v2.py took 0.163 seconds
[2023-03-13T17:11:49.119+0000] {processor.py:153} INFO - Started process (PID=6697) to work on /opt/airflow/dags/examples/geracao_txt_v2.py
[2023-03-13T17:11:49.122+0000] {processor.py:743} INFO - Processing file /opt/airflow/dags/examples/geracao_txt_v2.py for tasks to queue
[2023-03-13T17:11:49.122+0000] {logging_mixin.py:137} INFO - [2023-03-13T17:11:49.122+0000] {dagbag.py:538} INFO - Filling up the DagBag from /opt/airflow/dags/examples/geracao_txt_v2.py
[2023-03-13T17:11:49.152+0000] {processor.py:753} INFO - DAG(s) dict_keys(['geracao_txt_b3']) retrieved from /opt/airflow/dags/examples/geracao_txt_v2.py
[2023-03-13T17:11:49.178+0000] {logging_mixin.py:137} INFO - [2023-03-13T17:11:49.178+0000] {dag.py:2690} INFO - Sync 1 DAGs
[2023-03-13T17:11:49.203+0000] {logging_mixin.py:137} INFO - [2023-03-13T17:11:49.203+0000] {dag.py:3441} INFO - Setting next_dagrun for geracao_txt_b3 to 2023-03-01T00:00:00+00:00, run_after=2023-03-02T00:00:00+00:00
[2023-03-13T17:11:49.222+0000] {processor.py:175} INFO - Processing /opt/airflow/dags/examples/geracao_txt_v2.py took 0.105 seconds
[2023-03-13T17:12:19.337+0000] {processor.py:153} INFO - Started process (PID=6791) to work on /opt/airflow/dags/examples/geracao_txt_v2.py
[2023-03-13T17:12:19.340+0000] {processor.py:743} INFO - Processing file /opt/airflow/dags/examples/geracao_txt_v2.py for tasks to queue
[2023-03-13T17:12:19.341+0000] {logging_mixin.py:137} INFO - [2023-03-13T17:12:19.341+0000] {dagbag.py:538} INFO - Filling up the DagBag from /opt/airflow/dags/examples/geracao_txt_v2.py
[2023-03-13T17:12:19.377+0000] {processor.py:753} INFO - DAG(s) dict_keys(['geracao_txt_b3']) retrieved from /opt/airflow/dags/examples/geracao_txt_v2.py
[2023-03-13T17:12:19.390+0000] {logging_mixin.py:137} INFO - [2023-03-13T17:12:19.390+0000] {dag.py:2690} INFO - Sync 1 DAGs
[2023-03-13T17:12:19.415+0000] {logging_mixin.py:137} INFO - [2023-03-13T17:12:19.414+0000] {dag.py:3441} INFO - Setting next_dagrun for geracao_txt_b3 to 2023-03-01T00:00:00+00:00, run_after=2023-03-02T00:00:00+00:00
[2023-03-13T17:12:19.441+0000] {processor.py:175} INFO - Processing /opt/airflow/dags/examples/geracao_txt_v2.py took 0.107 seconds
[2023-03-13T17:12:50.161+0000] {processor.py:153} INFO - Started process (PID=6869) to work on /opt/airflow/dags/examples/geracao_txt_v2.py
[2023-03-13T17:12:50.164+0000] {processor.py:743} INFO - Processing file /opt/airflow/dags/examples/geracao_txt_v2.py for tasks to queue
[2023-03-13T17:12:50.165+0000] {logging_mixin.py:137} INFO - [2023-03-13T17:12:50.165+0000] {dagbag.py:538} INFO - Filling up the DagBag from /opt/airflow/dags/examples/geracao_txt_v2.py
[2023-03-13T17:12:50.193+0000] {processor.py:753} INFO - DAG(s) dict_keys(['geracao_txt_b3']) retrieved from /opt/airflow/dags/examples/geracao_txt_v2.py
[2023-03-13T17:12:50.256+0000] {logging_mixin.py:137} INFO - [2023-03-13T17:12:50.256+0000] {dag.py:2690} INFO - Sync 1 DAGs
[2023-03-13T17:12:50.280+0000] {logging_mixin.py:137} INFO - [2023-03-13T17:12:50.280+0000] {dag.py:3441} INFO - Setting next_dagrun for geracao_txt_b3 to 2023-03-01T00:00:00+00:00, run_after=2023-03-02T00:00:00+00:00
[2023-03-13T17:12:50.304+0000] {processor.py:175} INFO - Processing /opt/airflow/dags/examples/geracao_txt_v2.py took 0.146 seconds
[2023-03-13T17:13:21.124+0000] {processor.py:153} INFO - Started process (PID=6963) to work on /opt/airflow/dags/examples/geracao_txt_v2.py
[2023-03-13T17:13:21.126+0000] {processor.py:743} INFO - Processing file /opt/airflow/dags/examples/geracao_txt_v2.py for tasks to queue
[2023-03-13T17:13:21.127+0000] {logging_mixin.py:137} INFO - [2023-03-13T17:13:21.127+0000] {dagbag.py:538} INFO - Filling up the DagBag from /opt/airflow/dags/examples/geracao_txt_v2.py
[2023-03-13T17:13:21.161+0000] {processor.py:753} INFO - DAG(s) dict_keys(['geracao_txt_b3']) retrieved from /opt/airflow/dags/examples/geracao_txt_v2.py
[2023-03-13T17:13:21.188+0000] {logging_mixin.py:137} INFO - [2023-03-13T17:13:21.187+0000] {dag.py:2690} INFO - Sync 1 DAGs
[2023-03-13T17:13:21.211+0000] {logging_mixin.py:137} INFO - [2023-03-13T17:13:21.211+0000] {dag.py:3441} INFO - Setting next_dagrun for geracao_txt_b3 to 2023-03-01T00:00:00+00:00, run_after=2023-03-02T00:00:00+00:00
[2023-03-13T17:13:21.231+0000] {processor.py:175} INFO - Processing /opt/airflow/dags/examples/geracao_txt_v2.py took 0.111 seconds
[2023-03-13T17:13:52.098+0000] {processor.py:153} INFO - Started process (PID=7041) to work on /opt/airflow/dags/examples/geracao_txt_v2.py
[2023-03-13T17:13:52.101+0000] {processor.py:743} INFO - Processing file /opt/airflow/dags/examples/geracao_txt_v2.py for tasks to queue
[2023-03-13T17:13:52.103+0000] {logging_mixin.py:137} INFO - [2023-03-13T17:13:52.102+0000] {dagbag.py:538} INFO - Filling up the DagBag from /opt/airflow/dags/examples/geracao_txt_v2.py
[2023-03-13T17:13:52.139+0000] {processor.py:753} INFO - DAG(s) dict_keys(['geracao_txt_b3']) retrieved from /opt/airflow/dags/examples/geracao_txt_v2.py
[2023-03-13T17:13:52.199+0000] {logging_mixin.py:137} INFO - [2023-03-13T17:13:52.199+0000] {dag.py:2690} INFO - Sync 1 DAGs
[2023-03-13T17:13:52.223+0000] {logging_mixin.py:137} INFO - [2023-03-13T17:13:52.222+0000] {dag.py:3441} INFO - Setting next_dagrun for geracao_txt_b3 to 2023-03-01T00:00:00+00:00, run_after=2023-03-02T00:00:00+00:00
[2023-03-13T17:13:52.250+0000] {processor.py:175} INFO - Processing /opt/airflow/dags/examples/geracao_txt_v2.py took 0.155 seconds
[2023-03-13T17:14:22.404+0000] {processor.py:153} INFO - Started process (PID=7136) to work on /opt/airflow/dags/examples/geracao_txt_v2.py
[2023-03-13T17:14:22.407+0000] {processor.py:743} INFO - Processing file /opt/airflow/dags/examples/geracao_txt_v2.py for tasks to queue
[2023-03-13T17:14:22.408+0000] {logging_mixin.py:137} INFO - [2023-03-13T17:14:22.407+0000] {dagbag.py:538} INFO - Filling up the DagBag from /opt/airflow/dags/examples/geracao_txt_v2.py
[2023-03-13T17:14:22.443+0000] {processor.py:753} INFO - DAG(s) dict_keys(['geracao_txt_b3']) retrieved from /opt/airflow/dags/examples/geracao_txt_v2.py
[2023-03-13T17:14:22.467+0000] {logging_mixin.py:137} INFO - [2023-03-13T17:14:22.467+0000] {dag.py:2690} INFO - Sync 1 DAGs
[2023-03-13T17:14:22.489+0000] {logging_mixin.py:137} INFO - [2023-03-13T17:14:22.489+0000] {dag.py:3441} INFO - Setting next_dagrun for geracao_txt_b3 to 2023-03-01T00:00:00+00:00, run_after=2023-03-02T00:00:00+00:00
[2023-03-13T17:14:22.511+0000] {processor.py:175} INFO - Processing /opt/airflow/dags/examples/geracao_txt_v2.py took 0.110 seconds
[2023-03-13T17:14:53.205+0000] {processor.py:153} INFO - Started process (PID=7214) to work on /opt/airflow/dags/examples/geracao_txt_v2.py
[2023-03-13T17:14:53.207+0000] {processor.py:743} INFO - Processing file /opt/airflow/dags/examples/geracao_txt_v2.py for tasks to queue
[2023-03-13T17:14:53.207+0000] {logging_mixin.py:137} INFO - [2023-03-13T17:14:53.207+0000] {dagbag.py:538} INFO - Filling up the DagBag from /opt/airflow/dags/examples/geracao_txt_v2.py
[2023-03-13T17:14:53.233+0000] {processor.py:753} INFO - DAG(s) dict_keys(['geracao_txt_b3']) retrieved from /opt/airflow/dags/examples/geracao_txt_v2.py
[2023-03-13T17:14:53.295+0000] {logging_mixin.py:137} INFO - [2023-03-13T17:14:53.295+0000] {dag.py:2690} INFO - Sync 1 DAGs
[2023-03-13T17:14:53.316+0000] {logging_mixin.py:137} INFO - [2023-03-13T17:14:53.316+0000] {dag.py:3441} INFO - Setting next_dagrun for geracao_txt_b3 to 2023-03-01T00:00:00+00:00, run_after=2023-03-02T00:00:00+00:00
[2023-03-13T17:14:53.340+0000] {processor.py:175} INFO - Processing /opt/airflow/dags/examples/geracao_txt_v2.py took 0.138 seconds
[2023-03-13T17:15:23.969+0000] {processor.py:153} INFO - Started process (PID=7308) to work on /opt/airflow/dags/examples/geracao_txt_v2.py
[2023-03-13T17:15:23.970+0000] {processor.py:743} INFO - Processing file /opt/airflow/dags/examples/geracao_txt_v2.py for tasks to queue
[2023-03-13T17:15:23.971+0000] {logging_mixin.py:137} INFO - [2023-03-13T17:15:23.971+0000] {dagbag.py:538} INFO - Filling up the DagBag from /opt/airflow/dags/examples/geracao_txt_v2.py
[2023-03-13T17:15:23.994+0000] {processor.py:753} INFO - DAG(s) dict_keys(['geracao_txt_b3']) retrieved from /opt/airflow/dags/examples/geracao_txt_v2.py
[2023-03-13T17:15:24.022+0000] {logging_mixin.py:137} INFO - [2023-03-13T17:15:24.022+0000] {dag.py:2690} INFO - Sync 1 DAGs
[2023-03-13T17:15:24.043+0000] {logging_mixin.py:137} INFO - [2023-03-13T17:15:24.043+0000] {dag.py:3441} INFO - Setting next_dagrun for geracao_txt_b3 to 2023-03-01T00:00:00+00:00, run_after=2023-03-02T00:00:00+00:00
[2023-03-13T17:15:24.066+0000] {processor.py:175} INFO - Processing /opt/airflow/dags/examples/geracao_txt_v2.py took 0.101 seconds
[2023-03-13T17:15:54.255+0000] {processor.py:153} INFO - Started process (PID=7386) to work on /opt/airflow/dags/examples/geracao_txt_v2.py
[2023-03-13T17:15:54.257+0000] {processor.py:743} INFO - Processing file /opt/airflow/dags/examples/geracao_txt_v2.py for tasks to queue
[2023-03-13T17:15:54.258+0000] {logging_mixin.py:137} INFO - [2023-03-13T17:15:54.258+0000] {dagbag.py:538} INFO - Filling up the DagBag from /opt/airflow/dags/examples/geracao_txt_v2.py
[2023-03-13T17:15:54.294+0000] {processor.py:753} INFO - DAG(s) dict_keys(['geracao_txt_b3']) retrieved from /opt/airflow/dags/examples/geracao_txt_v2.py
[2023-03-13T17:15:54.370+0000] {logging_mixin.py:137} INFO - [2023-03-13T17:15:54.370+0000] {dag.py:2690} INFO - Sync 1 DAGs
[2023-03-13T17:15:54.412+0000] {logging_mixin.py:137} INFO - [2023-03-13T17:15:54.412+0000] {dag.py:3441} INFO - Setting next_dagrun for geracao_txt_b3 to 2023-03-01T00:00:00+00:00, run_after=2023-03-02T00:00:00+00:00
[2023-03-13T17:15:54.448+0000] {processor.py:175} INFO - Processing /opt/airflow/dags/examples/geracao_txt_v2.py took 0.197 seconds
[2023-03-13T17:16:24.567+0000] {processor.py:153} INFO - Started process (PID=7480) to work on /opt/airflow/dags/examples/geracao_txt_v2.py
[2023-03-13T17:16:24.569+0000] {processor.py:743} INFO - Processing file /opt/airflow/dags/examples/geracao_txt_v2.py for tasks to queue
[2023-03-13T17:16:24.569+0000] {logging_mixin.py:137} INFO - [2023-03-13T17:16:24.569+0000] {dagbag.py:538} INFO - Filling up the DagBag from /opt/airflow/dags/examples/geracao_txt_v2.py
[2023-03-13T17:16:24.593+0000] {processor.py:753} INFO - DAG(s) dict_keys(['geracao_txt_b3']) retrieved from /opt/airflow/dags/examples/geracao_txt_v2.py
[2023-03-13T17:16:24.617+0000] {logging_mixin.py:137} INFO - [2023-03-13T17:16:24.616+0000] {dag.py:2690} INFO - Sync 1 DAGs
[2023-03-13T17:16:24.640+0000] {logging_mixin.py:137} INFO - [2023-03-13T17:16:24.639+0000] {dag.py:3441} INFO - Setting next_dagrun for geracao_txt_b3 to 2023-03-01T00:00:00+00:00, run_after=2023-03-02T00:00:00+00:00
[2023-03-13T17:16:24.662+0000] {processor.py:175} INFO - Processing /opt/airflow/dags/examples/geracao_txt_v2.py took 0.098 seconds
[2023-03-13T17:16:54.735+0000] {processor.py:153} INFO - Started process (PID=7559) to work on /opt/airflow/dags/examples/geracao_txt_v2.py
[2023-03-13T17:16:54.738+0000] {processor.py:743} INFO - Processing file /opt/airflow/dags/examples/geracao_txt_v2.py for tasks to queue
[2023-03-13T17:16:54.739+0000] {logging_mixin.py:137} INFO - [2023-03-13T17:16:54.739+0000] {dagbag.py:538} INFO - Filling up the DagBag from /opt/airflow/dags/examples/geracao_txt_v2.py
[2023-03-13T17:16:54.805+0000] {processor.py:753} INFO - DAG(s) dict_keys(['geracao_txt_b3']) retrieved from /opt/airflow/dags/examples/geracao_txt_v2.py
[2023-03-13T17:16:54.819+0000] {logging_mixin.py:137} INFO - [2023-03-13T17:16:54.819+0000] {dag.py:2690} INFO - Sync 1 DAGs
[2023-03-13T17:16:54.853+0000] {logging_mixin.py:137} INFO - [2023-03-13T17:16:54.853+0000] {dag.py:3441} INFO - Setting next_dagrun for geracao_txt_b3 to 2023-03-01T00:00:00+00:00, run_after=2023-03-02T00:00:00+00:00
[2023-03-13T17:16:54.882+0000] {processor.py:175} INFO - Processing /opt/airflow/dags/examples/geracao_txt_v2.py took 0.152 seconds
[2023-03-13T17:17:25.468+0000] {processor.py:153} INFO - Started process (PID=7638) to work on /opt/airflow/dags/examples/geracao_txt_v2.py
[2023-03-13T17:17:25.471+0000] {processor.py:743} INFO - Processing file /opt/airflow/dags/examples/geracao_txt_v2.py for tasks to queue
[2023-03-13T17:17:25.472+0000] {logging_mixin.py:137} INFO - [2023-03-13T17:17:25.472+0000] {dagbag.py:538} INFO - Filling up the DagBag from /opt/airflow/dags/examples/geracao_txt_v2.py
[2023-03-13T17:17:25.499+0000] {processor.py:753} INFO - DAG(s) dict_keys(['geracao_txt_b3']) retrieved from /opt/airflow/dags/examples/geracao_txt_v2.py
[2023-03-13T17:17:25.568+0000] {logging_mixin.py:137} INFO - [2023-03-13T17:17:25.568+0000] {dag.py:2690} INFO - Sync 1 DAGs
[2023-03-13T17:17:25.595+0000] {logging_mixin.py:137} INFO - [2023-03-13T17:17:25.595+0000] {dag.py:3441} INFO - Setting next_dagrun for geracao_txt_b3 to 2023-03-01T00:00:00+00:00, run_after=2023-03-02T00:00:00+00:00
[2023-03-13T17:17:25.620+0000] {processor.py:175} INFO - Processing /opt/airflow/dags/examples/geracao_txt_v2.py took 0.154 seconds
[2023-03-13T17:17:55.842+0000] {processor.py:153} INFO - Started process (PID=7732) to work on /opt/airflow/dags/examples/geracao_txt_v2.py
[2023-03-13T17:17:55.843+0000] {processor.py:743} INFO - Processing file /opt/airflow/dags/examples/geracao_txt_v2.py for tasks to queue
[2023-03-13T17:17:55.844+0000] {logging_mixin.py:137} INFO - [2023-03-13T17:17:55.844+0000] {dagbag.py:538} INFO - Filling up the DagBag from /opt/airflow/dags/examples/geracao_txt_v2.py
[2023-03-13T17:17:55.876+0000] {processor.py:753} INFO - DAG(s) dict_keys(['geracao_txt_b3']) retrieved from /opt/airflow/dags/examples/geracao_txt_v2.py
[2023-03-13T17:17:55.906+0000] {logging_mixin.py:137} INFO - [2023-03-13T17:17:55.906+0000] {dag.py:2690} INFO - Sync 1 DAGs
[2023-03-13T17:17:55.938+0000] {logging_mixin.py:137} INFO - [2023-03-13T17:17:55.938+0000] {dag.py:3441} INFO - Setting next_dagrun for geracao_txt_b3 to 2023-03-01T00:00:00+00:00, run_after=2023-03-02T00:00:00+00:00
[2023-03-13T17:17:55.965+0000] {processor.py:175} INFO - Processing /opt/airflow/dags/examples/geracao_txt_v2.py took 0.127 seconds
[2023-03-13T17:18:26.114+0000] {processor.py:153} INFO - Started process (PID=7810) to work on /opt/airflow/dags/examples/geracao_txt_v2.py
[2023-03-13T17:18:26.117+0000] {processor.py:743} INFO - Processing file /opt/airflow/dags/examples/geracao_txt_v2.py for tasks to queue
[2023-03-13T17:18:26.118+0000] {logging_mixin.py:137} INFO - [2023-03-13T17:18:26.118+0000] {dagbag.py:538} INFO - Filling up the DagBag from /opt/airflow/dags/examples/geracao_txt_v2.py
[2023-03-13T17:18:26.144+0000] {processor.py:753} INFO - DAG(s) dict_keys(['geracao_txt_b3']) retrieved from /opt/airflow/dags/examples/geracao_txt_v2.py
[2023-03-13T17:18:26.155+0000] {logging_mixin.py:137} INFO - [2023-03-13T17:18:26.155+0000] {dag.py:2690} INFO - Sync 1 DAGs
[2023-03-13T17:18:26.177+0000] {logging_mixin.py:137} INFO - [2023-03-13T17:18:26.176+0000] {dag.py:3441} INFO - Setting next_dagrun for geracao_txt_b3 to 2023-03-01T00:00:00+00:00, run_after=2023-03-02T00:00:00+00:00
[2023-03-13T17:18:26.203+0000] {processor.py:175} INFO - Processing /opt/airflow/dags/examples/geracao_txt_v2.py took 0.092 seconds
[2023-03-13T17:18:56.704+0000] {processor.py:153} INFO - Started process (PID=7898) to work on /opt/airflow/dags/examples/geracao_txt_v2.py
[2023-03-13T17:18:56.705+0000] {processor.py:743} INFO - Processing file /opt/airflow/dags/examples/geracao_txt_v2.py for tasks to queue
[2023-03-13T17:18:56.706+0000] {logging_mixin.py:137} INFO - [2023-03-13T17:18:56.706+0000] {dagbag.py:538} INFO - Filling up the DagBag from /opt/airflow/dags/examples/geracao_txt_v2.py
[2023-03-13T17:18:56.755+0000] {processor.py:753} INFO - DAG(s) dict_keys(['geracao_txt_b3']) retrieved from /opt/airflow/dags/examples/geracao_txt_v2.py
[2023-03-13T17:18:56.889+0000] {logging_mixin.py:137} INFO - [2023-03-13T17:18:56.889+0000] {dag.py:2690} INFO - Sync 1 DAGs
[2023-03-13T17:18:56.925+0000] {logging_mixin.py:137} INFO - [2023-03-13T17:18:56.925+0000] {dag.py:3441} INFO - Setting next_dagrun for geracao_txt_b3 to 2023-03-01T00:00:00+00:00, run_after=2023-03-02T00:00:00+00:00
[2023-03-13T17:18:56.953+0000] {processor.py:175} INFO - Processing /opt/airflow/dags/examples/geracao_txt_v2.py took 0.252 seconds
[2023-03-13T17:19:27.724+0000] {processor.py:153} INFO - Started process (PID=7976) to work on /opt/airflow/dags/examples/geracao_txt_v2.py
[2023-03-13T17:19:27.727+0000] {processor.py:743} INFO - Processing file /opt/airflow/dags/examples/geracao_txt_v2.py for tasks to queue
[2023-03-13T17:19:27.729+0000] {logging_mixin.py:137} INFO - [2023-03-13T17:19:27.728+0000] {dagbag.py:538} INFO - Filling up the DagBag from /opt/airflow/dags/examples/geracao_txt_v2.py
[2023-03-13T17:19:27.811+0000] {processor.py:753} INFO - DAG(s) dict_keys(['geracao_txt_b3']) retrieved from /opt/airflow/dags/examples/geracao_txt_v2.py
[2023-03-13T17:19:27.869+0000] {logging_mixin.py:137} INFO - [2023-03-13T17:19:27.869+0000] {dag.py:2690} INFO - Sync 1 DAGs
[2023-03-13T17:19:27.935+0000] {logging_mixin.py:137} INFO - [2023-03-13T17:19:27.935+0000] {dag.py:3441} INFO - Setting next_dagrun for geracao_txt_b3 to 2023-03-01T00:00:00+00:00, run_after=2023-03-02T00:00:00+00:00
[2023-03-13T17:19:28.018+0000] {processor.py:175} INFO - Processing /opt/airflow/dags/examples/geracao_txt_v2.py took 0.308 seconds
[2023-03-13T17:19:58.190+0000] {processor.py:153} INFO - Started process (PID=8061) to work on /opt/airflow/dags/examples/geracao_txt_v2.py
[2023-03-13T17:19:58.214+0000] {processor.py:743} INFO - Processing file /opt/airflow/dags/examples/geracao_txt_v2.py for tasks to queue
[2023-03-13T17:19:58.215+0000] {logging_mixin.py:137} INFO - [2023-03-13T17:19:58.215+0000] {dagbag.py:538} INFO - Filling up the DagBag from /opt/airflow/dags/examples/geracao_txt_v2.py
[2023-03-13T17:19:58.328+0000] {processor.py:753} INFO - DAG(s) dict_keys(['geracao_txt_b3']) retrieved from /opt/airflow/dags/examples/geracao_txt_v2.py
[2023-03-13T17:19:58.563+0000] {logging_mixin.py:137} INFO - [2023-03-13T17:19:58.563+0000] {dag.py:2690} INFO - Sync 1 DAGs
[2023-03-13T17:19:58.663+0000] {logging_mixin.py:137} INFO - [2023-03-13T17:19:58.662+0000] {dag.py:3441} INFO - Setting next_dagrun for geracao_txt_b3 to 2023-03-01T00:00:00+00:00, run_after=2023-03-02T00:00:00+00:00
[2023-03-13T17:19:58.806+0000] {processor.py:175} INFO - Processing /opt/airflow/dags/examples/geracao_txt_v2.py took 0.623 seconds
[2023-03-13T17:20:29.727+0000] {processor.py:153} INFO - Started process (PID=8140) to work on /opt/airflow/dags/examples/geracao_txt_v2.py
[2023-03-13T17:20:29.730+0000] {processor.py:743} INFO - Processing file /opt/airflow/dags/examples/geracao_txt_v2.py for tasks to queue
[2023-03-13T17:20:29.730+0000] {logging_mixin.py:137} INFO - [2023-03-13T17:20:29.730+0000] {dagbag.py:538} INFO - Filling up the DagBag from /opt/airflow/dags/examples/geracao_txt_v2.py
[2023-03-13T17:20:29.755+0000] {processor.py:753} INFO - DAG(s) dict_keys(['geracao_txt_b3']) retrieved from /opt/airflow/dags/examples/geracao_txt_v2.py
[2023-03-13T17:20:29.780+0000] {logging_mixin.py:137} INFO - [2023-03-13T17:20:29.780+0000] {dag.py:2690} INFO - Sync 1 DAGs
[2023-03-13T17:20:29.805+0000] {logging_mixin.py:137} INFO - [2023-03-13T17:20:29.804+0000] {dag.py:3441} INFO - Setting next_dagrun for geracao_txt_b3 to 2023-03-01T00:00:00+00:00, run_after=2023-03-02T00:00:00+00:00
[2023-03-13T17:20:29.831+0000] {processor.py:175} INFO - Processing /opt/airflow/dags/examples/geracao_txt_v2.py took 0.107 seconds
[2023-03-13T17:21:00.605+0000] {processor.py:153} INFO - Started process (PID=8218) to work on /opt/airflow/dags/examples/geracao_txt_v2.py
[2023-03-13T17:21:00.608+0000] {processor.py:743} INFO - Processing file /opt/airflow/dags/examples/geracao_txt_v2.py for tasks to queue
[2023-03-13T17:21:00.609+0000] {logging_mixin.py:137} INFO - [2023-03-13T17:21:00.609+0000] {dagbag.py:538} INFO - Filling up the DagBag from /opt/airflow/dags/examples/geracao_txt_v2.py
[2023-03-13T17:21:00.635+0000] {processor.py:753} INFO - DAG(s) dict_keys(['geracao_txt_b3']) retrieved from /opt/airflow/dags/examples/geracao_txt_v2.py
[2023-03-13T17:21:00.703+0000] {logging_mixin.py:137} INFO - [2023-03-13T17:21:00.703+0000] {dag.py:2690} INFO - Sync 1 DAGs
[2023-03-13T17:21:00.728+0000] {logging_mixin.py:137} INFO - [2023-03-13T17:21:00.728+0000] {dag.py:3441} INFO - Setting next_dagrun for geracao_txt_b3 to 2023-03-01T00:00:00+00:00, run_after=2023-03-02T00:00:00+00:00
[2023-03-13T17:21:00.754+0000] {processor.py:175} INFO - Processing /opt/airflow/dags/examples/geracao_txt_v2.py took 0.151 seconds
[2023-03-13T17:21:30.911+0000] {processor.py:153} INFO - Started process (PID=8313) to work on /opt/airflow/dags/examples/geracao_txt_v2.py
[2023-03-13T17:21:30.914+0000] {processor.py:743} INFO - Processing file /opt/airflow/dags/examples/geracao_txt_v2.py for tasks to queue
[2023-03-13T17:21:30.915+0000] {logging_mixin.py:137} INFO - [2023-03-13T17:21:30.914+0000] {dagbag.py:538} INFO - Filling up the DagBag from /opt/airflow/dags/examples/geracao_txt_v2.py
[2023-03-13T17:21:30.951+0000] {processor.py:753} INFO - DAG(s) dict_keys(['geracao_txt_b3']) retrieved from /opt/airflow/dags/examples/geracao_txt_v2.py
[2023-03-13T17:21:30.988+0000] {logging_mixin.py:137} INFO - [2023-03-13T17:21:30.988+0000] {dag.py:2690} INFO - Sync 1 DAGs
[2023-03-13T17:21:31.025+0000] {logging_mixin.py:137} INFO - [2023-03-13T17:21:31.024+0000] {dag.py:3441} INFO - Setting next_dagrun for geracao_txt_b3 to 2023-03-01T00:00:00+00:00, run_after=2023-03-02T00:00:00+00:00
[2023-03-13T17:21:31.052+0000] {processor.py:175} INFO - Processing /opt/airflow/dags/examples/geracao_txt_v2.py took 0.146 seconds
[2023-03-13T17:22:01.486+0000] {processor.py:153} INFO - Started process (PID=8391) to work on /opt/airflow/dags/examples/geracao_txt_v2.py
[2023-03-13T17:22:01.490+0000] {processor.py:743} INFO - Processing file /opt/airflow/dags/examples/geracao_txt_v2.py for tasks to queue
[2023-03-13T17:22:01.490+0000] {logging_mixin.py:137} INFO - [2023-03-13T17:22:01.490+0000] {dagbag.py:538} INFO - Filling up the DagBag from /opt/airflow/dags/examples/geracao_txt_v2.py
[2023-03-13T17:22:01.517+0000] {processor.py:753} INFO - DAG(s) dict_keys(['geracao_txt_b3']) retrieved from /opt/airflow/dags/examples/geracao_txt_v2.py
[2023-03-13T17:22:01.583+0000] {logging_mixin.py:137} INFO - [2023-03-13T17:22:01.583+0000] {dag.py:2690} INFO - Sync 1 DAGs
[2023-03-13T17:22:01.608+0000] {logging_mixin.py:137} INFO - [2023-03-13T17:22:01.608+0000] {dag.py:3441} INFO - Setting next_dagrun for geracao_txt_b3 to 2023-03-01T00:00:00+00:00, run_after=2023-03-02T00:00:00+00:00
[2023-03-13T17:22:01.634+0000] {processor.py:175} INFO - Processing /opt/airflow/dags/examples/geracao_txt_v2.py took 0.151 seconds
[2023-03-13T17:22:31.795+0000] {processor.py:153} INFO - Started process (PID=8485) to work on /opt/airflow/dags/examples/geracao_txt_v2.py
[2023-03-13T17:22:31.796+0000] {processor.py:743} INFO - Processing file /opt/airflow/dags/examples/geracao_txt_v2.py for tasks to queue
[2023-03-13T17:22:31.797+0000] {logging_mixin.py:137} INFO - [2023-03-13T17:22:31.797+0000] {dagbag.py:538} INFO - Filling up the DagBag from /opt/airflow/dags/examples/geracao_txt_v2.py
[2023-03-13T17:22:31.841+0000] {processor.py:753} INFO - DAG(s) dict_keys(['geracao_txt_b3']) retrieved from /opt/airflow/dags/examples/geracao_txt_v2.py
[2023-03-13T17:22:31.877+0000] {logging_mixin.py:137} INFO - [2023-03-13T17:22:31.877+0000] {dag.py:2690} INFO - Sync 1 DAGs
[2023-03-13T17:22:31.916+0000] {logging_mixin.py:137} INFO - [2023-03-13T17:22:31.916+0000] {dag.py:3441} INFO - Setting next_dagrun for geracao_txt_b3 to 2023-03-01T00:00:00+00:00, run_after=2023-03-02T00:00:00+00:00
[2023-03-13T17:22:31.945+0000] {processor.py:175} INFO - Processing /opt/airflow/dags/examples/geracao_txt_v2.py took 0.154 seconds
[2023-03-13T17:23:02.271+0000] {processor.py:153} INFO - Started process (PID=8562) to work on /opt/airflow/dags/examples/geracao_txt_v2.py
[2023-03-13T17:23:02.282+0000] {processor.py:743} INFO - Processing file /opt/airflow/dags/examples/geracao_txt_v2.py for tasks to queue
[2023-03-13T17:23:02.283+0000] {logging_mixin.py:137} INFO - [2023-03-13T17:23:02.282+0000] {dagbag.py:538} INFO - Filling up the DagBag from /opt/airflow/dags/examples/geracao_txt_v2.py
[2023-03-13T17:23:02.330+0000] {processor.py:753} INFO - DAG(s) dict_keys(['geracao_txt_b3']) retrieved from /opt/airflow/dags/examples/geracao_txt_v2.py
[2023-03-13T17:23:02.395+0000] {logging_mixin.py:137} INFO - [2023-03-13T17:23:02.395+0000] {dag.py:2690} INFO - Sync 1 DAGs
[2023-03-13T17:23:02.421+0000] {logging_mixin.py:137} INFO - [2023-03-13T17:23:02.421+0000] {dag.py:3441} INFO - Setting next_dagrun for geracao_txt_b3 to 2023-03-01T00:00:00+00:00, run_after=2023-03-02T00:00:00+00:00
[2023-03-13T17:23:02.443+0000] {processor.py:175} INFO - Processing /opt/airflow/dags/examples/geracao_txt_v2.py took 0.177 seconds
[2023-03-13T17:23:32.511+0000] {processor.py:153} INFO - Started process (PID=8647) to work on /opt/airflow/dags/examples/geracao_txt_v2.py
[2023-03-13T17:23:32.513+0000] {processor.py:743} INFO - Processing file /opt/airflow/dags/examples/geracao_txt_v2.py for tasks to queue
[2023-03-13T17:23:32.514+0000] {logging_mixin.py:137} INFO - [2023-03-13T17:23:32.513+0000] {dagbag.py:538} INFO - Filling up the DagBag from /opt/airflow/dags/examples/geracao_txt_v2.py
[2023-03-13T17:23:32.554+0000] {processor.py:753} INFO - DAG(s) dict_keys(['geracao_txt_b3']) retrieved from /opt/airflow/dags/examples/geracao_txt_v2.py
[2023-03-13T17:23:32.581+0000] {logging_mixin.py:137} INFO - [2023-03-13T17:23:32.581+0000] {dag.py:2690} INFO - Sync 1 DAGs
[2023-03-13T17:23:32.607+0000] {logging_mixin.py:137} INFO - [2023-03-13T17:23:32.607+0000] {dag.py:3441} INFO - Setting next_dagrun for geracao_txt_b3 to 2023-03-01T00:00:00+00:00, run_after=2023-03-02T00:00:00+00:00
[2023-03-13T17:23:32.630+0000] {processor.py:175} INFO - Processing /opt/airflow/dags/examples/geracao_txt_v2.py took 0.122 seconds
[2023-03-13T17:24:03.074+0000] {processor.py:153} INFO - Started process (PID=8733) to work on /opt/airflow/dags/examples/geracao_txt_v2.py
[2023-03-13T17:24:03.077+0000] {processor.py:743} INFO - Processing file /opt/airflow/dags/examples/geracao_txt_v2.py for tasks to queue
[2023-03-13T17:24:03.078+0000] {logging_mixin.py:137} INFO - [2023-03-13T17:24:03.078+0000] {dagbag.py:538} INFO - Filling up the DagBag from /opt/airflow/dags/examples/geracao_txt_v2.py
[2023-03-13T17:24:03.104+0000] {processor.py:753} INFO - DAG(s) dict_keys(['geracao_txt_b3']) retrieved from /opt/airflow/dags/examples/geracao_txt_v2.py
[2023-03-13T17:24:03.171+0000] {logging_mixin.py:137} INFO - [2023-03-13T17:24:03.171+0000] {dag.py:2690} INFO - Sync 1 DAGs
[2023-03-13T17:24:03.194+0000] {logging_mixin.py:137} INFO - [2023-03-13T17:24:03.194+0000] {dag.py:3441} INFO - Setting next_dagrun for geracao_txt_b3 to 2023-03-01T00:00:00+00:00, run_after=2023-03-02T00:00:00+00:00
[2023-03-13T17:24:03.216+0000] {processor.py:175} INFO - Processing /opt/airflow/dags/examples/geracao_txt_v2.py took 0.146 seconds
[2023-03-13T17:24:33.307+0000] {processor.py:153} INFO - Started process (PID=8811) to work on /opt/airflow/dags/examples/geracao_txt_v2.py
[2023-03-13T17:24:33.310+0000] {processor.py:743} INFO - Processing file /opt/airflow/dags/examples/geracao_txt_v2.py for tasks to queue
[2023-03-13T17:24:33.311+0000] {logging_mixin.py:137} INFO - [2023-03-13T17:24:33.311+0000] {dagbag.py:538} INFO - Filling up the DagBag from /opt/airflow/dags/examples/geracao_txt_v2.py
[2023-03-13T17:24:33.336+0000] {processor.py:753} INFO - DAG(s) dict_keys(['geracao_txt_b3']) retrieved from /opt/airflow/dags/examples/geracao_txt_v2.py
[2023-03-13T17:24:33.359+0000] {logging_mixin.py:137} INFO - [2023-03-13T17:24:33.359+0000] {dag.py:2690} INFO - Sync 1 DAGs
[2023-03-13T17:24:33.381+0000] {logging_mixin.py:137} INFO - [2023-03-13T17:24:33.381+0000] {dag.py:3441} INFO - Setting next_dagrun for geracao_txt_b3 to 2023-03-01T00:00:00+00:00, run_after=2023-03-02T00:00:00+00:00
[2023-03-13T17:24:33.402+0000] {processor.py:175} INFO - Processing /opt/airflow/dags/examples/geracao_txt_v2.py took 0.099 seconds
[2023-03-13T17:25:03.510+0000] {processor.py:153} INFO - Started process (PID=8905) to work on /opt/airflow/dags/examples/geracao_txt_v2.py
[2023-03-13T17:25:03.512+0000] {processor.py:743} INFO - Processing file /opt/airflow/dags/examples/geracao_txt_v2.py for tasks to queue
[2023-03-13T17:25:03.513+0000] {logging_mixin.py:137} INFO - [2023-03-13T17:25:03.513+0000] {dagbag.py:538} INFO - Filling up the DagBag from /opt/airflow/dags/examples/geracao_txt_v2.py
[2023-03-13T17:25:03.545+0000] {processor.py:753} INFO - DAG(s) dict_keys(['geracao_txt_b3']) retrieved from /opt/airflow/dags/examples/geracao_txt_v2.py
[2023-03-13T17:25:03.620+0000] {logging_mixin.py:137} INFO - [2023-03-13T17:25:03.620+0000] {dag.py:2690} INFO - Sync 1 DAGs
[2023-03-13T17:25:03.652+0000] {logging_mixin.py:137} INFO - [2023-03-13T17:25:03.652+0000] {dag.py:3441} INFO - Setting next_dagrun for geracao_txt_b3 to 2023-03-01T00:00:00+00:00, run_after=2023-03-02T00:00:00+00:00
[2023-03-13T17:25:03.676+0000] {processor.py:175} INFO - Processing /opt/airflow/dags/examples/geracao_txt_v2.py took 0.170 seconds
[2023-03-13T17:25:34.458+0000] {processor.py:153} INFO - Started process (PID=8983) to work on /opt/airflow/dags/examples/geracao_txt_v2.py
[2023-03-13T17:25:34.459+0000] {processor.py:743} INFO - Processing file /opt/airflow/dags/examples/geracao_txt_v2.py for tasks to queue
[2023-03-13T17:25:34.460+0000] {logging_mixin.py:137} INFO - [2023-03-13T17:25:34.459+0000] {dagbag.py:538} INFO - Filling up the DagBag from /opt/airflow/dags/examples/geracao_txt_v2.py
[2023-03-13T17:25:34.505+0000] {processor.py:753} INFO - DAG(s) dict_keys(['geracao_txt_b3']) retrieved from /opt/airflow/dags/examples/geracao_txt_v2.py
[2023-03-13T17:25:34.616+0000] {logging_mixin.py:137} INFO - [2023-03-13T17:25:34.616+0000] {dag.py:2690} INFO - Sync 1 DAGs
[2023-03-13T17:25:34.658+0000] {logging_mixin.py:137} INFO - [2023-03-13T17:25:34.658+0000] {dag.py:3441} INFO - Setting next_dagrun for geracao_txt_b3 to 2023-03-01T00:00:00+00:00, run_after=2023-03-02T00:00:00+00:00
[2023-03-13T17:25:34.691+0000] {processor.py:175} INFO - Processing /opt/airflow/dags/examples/geracao_txt_v2.py took 0.237 seconds
[2023-03-13T17:26:05.178+0000] {processor.py:153} INFO - Started process (PID=9076) to work on /opt/airflow/dags/examples/geracao_txt_v2.py
[2023-03-13T17:26:05.179+0000] {processor.py:743} INFO - Processing file /opt/airflow/dags/examples/geracao_txt_v2.py for tasks to queue
[2023-03-13T17:26:05.180+0000] {logging_mixin.py:137} INFO - [2023-03-13T17:26:05.180+0000] {dagbag.py:538} INFO - Filling up the DagBag from /opt/airflow/dags/examples/geracao_txt_v2.py
[2023-03-13T17:26:05.203+0000] {processor.py:753} INFO - DAG(s) dict_keys(['geracao_txt_b3']) retrieved from /opt/airflow/dags/examples/geracao_txt_v2.py
[2023-03-13T17:26:05.260+0000] {logging_mixin.py:137} INFO - [2023-03-13T17:26:05.260+0000] {dag.py:2690} INFO - Sync 1 DAGs
[2023-03-13T17:26:05.284+0000] {logging_mixin.py:137} INFO - [2023-03-13T17:26:05.284+0000] {dag.py:3441} INFO - Setting next_dagrun for geracao_txt_b3 to 2023-03-01T00:00:00+00:00, run_after=2023-03-02T00:00:00+00:00
[2023-03-13T17:26:05.306+0000] {processor.py:175} INFO - Processing /opt/airflow/dags/examples/geracao_txt_v2.py took 0.130 seconds
[2023-03-13T17:26:35.654+0000] {processor.py:153} INFO - Started process (PID=9154) to work on /opt/airflow/dags/examples/geracao_txt_v2.py
[2023-03-13T17:26:35.657+0000] {processor.py:743} INFO - Processing file /opt/airflow/dags/examples/geracao_txt_v2.py for tasks to queue
[2023-03-13T17:26:35.658+0000] {logging_mixin.py:137} INFO - [2023-03-13T17:26:35.658+0000] {dagbag.py:538} INFO - Filling up the DagBag from /opt/airflow/dags/examples/geracao_txt_v2.py
[2023-03-13T17:26:35.688+0000] {processor.py:753} INFO - DAG(s) dict_keys(['geracao_txt_b3']) retrieved from /opt/airflow/dags/examples/geracao_txt_v2.py
[2023-03-13T17:26:35.716+0000] {logging_mixin.py:137} INFO - [2023-03-13T17:26:35.716+0000] {dag.py:2690} INFO - Sync 1 DAGs
[2023-03-13T17:26:35.738+0000] {logging_mixin.py:137} INFO - [2023-03-13T17:26:35.738+0000] {dag.py:3441} INFO - Setting next_dagrun for geracao_txt_b3 to 2023-03-01T00:00:00+00:00, run_after=2023-03-02T00:00:00+00:00
[2023-03-13T17:26:35.756+0000] {processor.py:175} INFO - Processing /opt/airflow/dags/examples/geracao_txt_v2.py took 0.107 seconds
[2023-03-13T17:27:06.301+0000] {processor.py:153} INFO - Started process (PID=9248) to work on /opt/airflow/dags/examples/geracao_txt_v2.py
[2023-03-13T17:27:06.304+0000] {processor.py:743} INFO - Processing file /opt/airflow/dags/examples/geracao_txt_v2.py for tasks to queue
[2023-03-13T17:27:06.305+0000] {logging_mixin.py:137} INFO - [2023-03-13T17:27:06.305+0000] {dagbag.py:538} INFO - Filling up the DagBag from /opt/airflow/dags/examples/geracao_txt_v2.py
[2023-03-13T17:27:06.329+0000] {processor.py:753} INFO - DAG(s) dict_keys(['geracao_txt_b3']) retrieved from /opt/airflow/dags/examples/geracao_txt_v2.py
[2023-03-13T17:27:06.387+0000] {logging_mixin.py:137} INFO - [2023-03-13T17:27:06.387+0000] {dag.py:2690} INFO - Sync 1 DAGs
[2023-03-13T17:27:06.415+0000] {logging_mixin.py:137} INFO - [2023-03-13T17:27:06.414+0000] {dag.py:3441} INFO - Setting next_dagrun for geracao_txt_b3 to 2023-03-01T00:00:00+00:00, run_after=2023-03-02T00:00:00+00:00
[2023-03-13T17:27:06.438+0000] {processor.py:175} INFO - Processing /opt/airflow/dags/examples/geracao_txt_v2.py took 0.139 seconds
[2023-03-13T17:27:36.589+0000] {processor.py:153} INFO - Started process (PID=9326) to work on /opt/airflow/dags/examples/geracao_txt_v2.py
[2023-03-13T17:27:36.590+0000] {processor.py:743} INFO - Processing file /opt/airflow/dags/examples/geracao_txt_v2.py for tasks to queue
[2023-03-13T17:27:36.591+0000] {logging_mixin.py:137} INFO - [2023-03-13T17:27:36.591+0000] {dagbag.py:538} INFO - Filling up the DagBag from /opt/airflow/dags/examples/geracao_txt_v2.py
[2023-03-13T17:27:36.623+0000] {processor.py:753} INFO - DAG(s) dict_keys(['geracao_txt_b3']) retrieved from /opt/airflow/dags/examples/geracao_txt_v2.py
[2023-03-13T17:27:36.649+0000] {logging_mixin.py:137} INFO - [2023-03-13T17:27:36.648+0000] {dag.py:2690} INFO - Sync 1 DAGs
[2023-03-13T17:27:36.672+0000] {logging_mixin.py:137} INFO - [2023-03-13T17:27:36.672+0000] {dag.py:3441} INFO - Setting next_dagrun for geracao_txt_b3 to 2023-03-01T00:00:00+00:00, run_after=2023-03-02T00:00:00+00:00
[2023-03-13T17:27:36.690+0000] {processor.py:175} INFO - Processing /opt/airflow/dags/examples/geracao_txt_v2.py took 0.105 seconds
[2023-03-13T17:28:07.152+0000] {processor.py:153} INFO - Started process (PID=9420) to work on /opt/airflow/dags/examples/geracao_txt_v2.py
[2023-03-13T17:28:07.154+0000] {processor.py:743} INFO - Processing file /opt/airflow/dags/examples/geracao_txt_v2.py for tasks to queue
[2023-03-13T17:28:07.155+0000] {logging_mixin.py:137} INFO - [2023-03-13T17:28:07.155+0000] {dagbag.py:538} INFO - Filling up the DagBag from /opt/airflow/dags/examples/geracao_txt_v2.py
[2023-03-13T17:28:07.180+0000] {processor.py:753} INFO - DAG(s) dict_keys(['geracao_txt_b3']) retrieved from /opt/airflow/dags/examples/geracao_txt_v2.py
[2023-03-13T17:28:07.240+0000] {logging_mixin.py:137} INFO - [2023-03-13T17:28:07.240+0000] {dag.py:2690} INFO - Sync 1 DAGs
[2023-03-13T17:28:07.264+0000] {logging_mixin.py:137} INFO - [2023-03-13T17:28:07.264+0000] {dag.py:3441} INFO - Setting next_dagrun for geracao_txt_b3 to 2023-03-01T00:00:00+00:00, run_after=2023-03-02T00:00:00+00:00
[2023-03-13T17:28:07.284+0000] {processor.py:175} INFO - Processing /opt/airflow/dags/examples/geracao_txt_v2.py took 0.135 seconds
[2023-03-13T17:28:37.435+0000] {processor.py:153} INFO - Started process (PID=9506) to work on /opt/airflow/dags/examples/geracao_txt_v2.py
[2023-03-13T17:28:37.438+0000] {processor.py:743} INFO - Processing file /opt/airflow/dags/examples/geracao_txt_v2.py for tasks to queue
[2023-03-13T17:28:37.439+0000] {logging_mixin.py:137} INFO - [2023-03-13T17:28:37.439+0000] {dagbag.py:538} INFO - Filling up the DagBag from /opt/airflow/dags/examples/geracao_txt_v2.py
[2023-03-13T17:28:37.465+0000] {processor.py:753} INFO - DAG(s) dict_keys(['geracao_txt_b3']) retrieved from /opt/airflow/dags/examples/geracao_txt_v2.py
[2023-03-13T17:28:37.491+0000] {logging_mixin.py:137} INFO - [2023-03-13T17:28:37.491+0000] {dag.py:2690} INFO - Sync 1 DAGs
[2023-03-13T17:28:37.519+0000] {logging_mixin.py:137} INFO - [2023-03-13T17:28:37.519+0000] {dag.py:3441} INFO - Setting next_dagrun for geracao_txt_b3 to 2023-03-01T00:00:00+00:00, run_after=2023-03-02T00:00:00+00:00
[2023-03-13T17:28:37.539+0000] {processor.py:175} INFO - Processing /opt/airflow/dags/examples/geracao_txt_v2.py took 0.107 seconds
[2023-03-13T17:29:07.980+0000] {processor.py:153} INFO - Started process (PID=9593) to work on /opt/airflow/dags/examples/geracao_txt_v2.py
[2023-03-13T17:29:07.983+0000] {processor.py:743} INFO - Processing file /opt/airflow/dags/examples/geracao_txt_v2.py for tasks to queue
[2023-03-13T17:29:07.984+0000] {logging_mixin.py:137} INFO - [2023-03-13T17:29:07.984+0000] {dagbag.py:538} INFO - Filling up the DagBag from /opt/airflow/dags/examples/geracao_txt_v2.py
[2023-03-13T17:29:08.008+0000] {processor.py:753} INFO - DAG(s) dict_keys(['geracao_txt_b3']) retrieved from /opt/airflow/dags/examples/geracao_txt_v2.py
[2023-03-13T17:29:08.120+0000] {logging_mixin.py:137} INFO - [2023-03-13T17:29:08.119+0000] {dag.py:2690} INFO - Sync 1 DAGs
[2023-03-13T17:29:08.140+0000] {logging_mixin.py:137} INFO - [2023-03-13T17:29:08.139+0000] {dag.py:3441} INFO - Setting next_dagrun for geracao_txt_b3 to 2023-03-01T00:00:00+00:00, run_after=2023-03-02T00:00:00+00:00
[2023-03-13T17:29:08.161+0000] {processor.py:175} INFO - Processing /opt/airflow/dags/examples/geracao_txt_v2.py took 0.188 seconds
[2023-03-13T17:29:38.563+0000] {processor.py:153} INFO - Started process (PID=9687) to work on /opt/airflow/dags/examples/geracao_txt_v2.py
[2023-03-13T17:29:38.566+0000] {processor.py:743} INFO - Processing file /opt/airflow/dags/examples/geracao_txt_v2.py for tasks to queue
[2023-03-13T17:29:38.566+0000] {logging_mixin.py:137} INFO - [2023-03-13T17:29:38.566+0000] {dagbag.py:538} INFO - Filling up the DagBag from /opt/airflow/dags/examples/geracao_txt_v2.py
[2023-03-13T17:29:38.597+0000] {processor.py:753} INFO - DAG(s) dict_keys(['geracao_txt_b3']) retrieved from /opt/airflow/dags/examples/geracao_txt_v2.py
[2023-03-13T17:29:38.624+0000] {logging_mixin.py:137} INFO - [2023-03-13T17:29:38.624+0000] {dag.py:2690} INFO - Sync 1 DAGs
[2023-03-13T17:29:38.646+0000] {logging_mixin.py:137} INFO - [2023-03-13T17:29:38.646+0000] {dag.py:3441} INFO - Setting next_dagrun for geracao_txt_b3 to 2023-03-01T00:00:00+00:00, run_after=2023-03-02T00:00:00+00:00
[2023-03-13T17:29:38.667+0000] {processor.py:175} INFO - Processing /opt/airflow/dags/examples/geracao_txt_v2.py took 0.107 seconds
[2023-03-13T17:30:09.269+0000] {processor.py:153} INFO - Started process (PID=9766) to work on /opt/airflow/dags/examples/geracao_txt_v2.py
[2023-03-13T17:30:09.272+0000] {processor.py:743} INFO - Processing file /opt/airflow/dags/examples/geracao_txt_v2.py for tasks to queue
[2023-03-13T17:30:09.273+0000] {logging_mixin.py:137} INFO - [2023-03-13T17:30:09.273+0000] {dagbag.py:538} INFO - Filling up the DagBag from /opt/airflow/dags/examples/geracao_txt_v2.py
[2023-03-13T17:30:09.296+0000] {processor.py:753} INFO - DAG(s) dict_keys(['geracao_txt_b3']) retrieved from /opt/airflow/dags/examples/geracao_txt_v2.py
[2023-03-13T17:30:09.346+0000] {logging_mixin.py:137} INFO - [2023-03-13T17:30:09.346+0000] {dag.py:2690} INFO - Sync 1 DAGs
[2023-03-13T17:30:09.367+0000] {logging_mixin.py:137} INFO - [2023-03-13T17:30:09.367+0000] {dag.py:3441} INFO - Setting next_dagrun for geracao_txt_b3 to 2023-03-01T00:00:00+00:00, run_after=2023-03-02T00:00:00+00:00
[2023-03-13T17:30:09.388+0000] {processor.py:175} INFO - Processing /opt/airflow/dags/examples/geracao_txt_v2.py took 0.122 seconds
[2023-03-13T17:30:39.763+0000] {processor.py:153} INFO - Started process (PID=9860) to work on /opt/airflow/dags/examples/geracao_txt_v2.py
[2023-03-13T17:30:39.766+0000] {processor.py:743} INFO - Processing file /opt/airflow/dags/examples/geracao_txt_v2.py for tasks to queue
[2023-03-13T17:30:39.767+0000] {logging_mixin.py:137} INFO - [2023-03-13T17:30:39.767+0000] {dagbag.py:538} INFO - Filling up the DagBag from /opt/airflow/dags/examples/geracao_txt_v2.py
[2023-03-13T17:30:39.803+0000] {processor.py:753} INFO - DAG(s) dict_keys(['geracao_txt_b3']) retrieved from /opt/airflow/dags/examples/geracao_txt_v2.py
[2023-03-13T17:30:39.831+0000] {logging_mixin.py:137} INFO - [2023-03-13T17:30:39.831+0000] {dag.py:2690} INFO - Sync 1 DAGs
[2023-03-13T17:30:39.856+0000] {logging_mixin.py:137} INFO - [2023-03-13T17:30:39.856+0000] {dag.py:3441} INFO - Setting next_dagrun for geracao_txt_b3 to 2023-03-01T00:00:00+00:00, run_after=2023-03-02T00:00:00+00:00
[2023-03-13T17:30:39.876+0000] {processor.py:175} INFO - Processing /opt/airflow/dags/examples/geracao_txt_v2.py took 0.116 seconds
[2023-03-13T17:31:10.280+0000] {processor.py:153} INFO - Started process (PID=9938) to work on /opt/airflow/dags/examples/geracao_txt_v2.py
[2023-03-13T17:31:10.281+0000] {processor.py:743} INFO - Processing file /opt/airflow/dags/examples/geracao_txt_v2.py for tasks to queue
[2023-03-13T17:31:10.282+0000] {logging_mixin.py:137} INFO - [2023-03-13T17:31:10.282+0000] {dagbag.py:538} INFO - Filling up the DagBag from /opt/airflow/dags/examples/geracao_txt_v2.py
[2023-03-13T17:31:10.314+0000] {processor.py:753} INFO - DAG(s) dict_keys(['geracao_txt_b3']) retrieved from /opt/airflow/dags/examples/geracao_txt_v2.py
[2023-03-13T17:31:10.376+0000] {logging_mixin.py:137} INFO - [2023-03-13T17:31:10.376+0000] {dag.py:2690} INFO - Sync 1 DAGs
[2023-03-13T17:31:10.397+0000] {logging_mixin.py:137} INFO - [2023-03-13T17:31:10.397+0000] {dag.py:3441} INFO - Setting next_dagrun for geracao_txt_b3 to 2023-03-01T00:00:00+00:00, run_after=2023-03-02T00:00:00+00:00
[2023-03-13T17:31:10.417+0000] {processor.py:175} INFO - Processing /opt/airflow/dags/examples/geracao_txt_v2.py took 0.141 seconds
[2023-03-13T17:31:40.977+0000] {processor.py:153} INFO - Started process (PID=10032) to work on /opt/airflow/dags/examples/geracao_txt_v2.py
[2023-03-13T17:31:40.978+0000] {processor.py:743} INFO - Processing file /opt/airflow/dags/examples/geracao_txt_v2.py for tasks to queue
[2023-03-13T17:31:40.978+0000] {logging_mixin.py:137} INFO - [2023-03-13T17:31:40.978+0000] {dagbag.py:538} INFO - Filling up the DagBag from /opt/airflow/dags/examples/geracao_txt_v2.py
[2023-03-13T17:31:41.011+0000] {processor.py:753} INFO - DAG(s) dict_keys(['geracao_txt_b3']) retrieved from /opt/airflow/dags/examples/geracao_txt_v2.py
[2023-03-13T17:31:41.041+0000] {logging_mixin.py:137} INFO - [2023-03-13T17:31:41.040+0000] {dag.py:2690} INFO - Sync 1 DAGs
[2023-03-13T17:31:41.069+0000] {logging_mixin.py:137} INFO - [2023-03-13T17:31:41.068+0000] {dag.py:3441} INFO - Setting next_dagrun for geracao_txt_b3 to 2023-03-01T00:00:00+00:00, run_after=2023-03-02T00:00:00+00:00
[2023-03-13T17:31:41.092+0000] {processor.py:175} INFO - Processing /opt/airflow/dags/examples/geracao_txt_v2.py took 0.119 seconds
[2023-03-13T17:32:11.391+0000] {processor.py:153} INFO - Started process (PID=10119) to work on /opt/airflow/dags/examples/geracao_txt_v2.py
[2023-03-13T17:32:11.393+0000] {processor.py:743} INFO - Processing file /opt/airflow/dags/examples/geracao_txt_v2.py for tasks to queue
[2023-03-13T17:32:11.394+0000] {logging_mixin.py:137} INFO - [2023-03-13T17:32:11.394+0000] {dagbag.py:538} INFO - Filling up the DagBag from /opt/airflow/dags/examples/geracao_txt_v2.py
[2023-03-13T17:32:11.422+0000] {processor.py:753} INFO - DAG(s) dict_keys(['geracao_txt_b3']) retrieved from /opt/airflow/dags/examples/geracao_txt_v2.py
[2023-03-13T17:32:11.534+0000] {logging_mixin.py:137} INFO - [2023-03-13T17:32:11.534+0000] {dag.py:2690} INFO - Sync 1 DAGs
[2023-03-13T17:32:11.562+0000] {logging_mixin.py:137} INFO - [2023-03-13T17:32:11.562+0000] {dag.py:3441} INFO - Setting next_dagrun for geracao_txt_b3 to 2023-03-01T00:00:00+00:00, run_after=2023-03-02T00:00:00+00:00
[2023-03-13T17:32:11.586+0000] {processor.py:175} INFO - Processing /opt/airflow/dags/examples/geracao_txt_v2.py took 0.199 seconds
[2023-03-13T17:32:41.876+0000] {processor.py:153} INFO - Started process (PID=10204) to work on /opt/airflow/dags/examples/geracao_txt_v2.py
[2023-03-13T17:32:41.879+0000] {processor.py:743} INFO - Processing file /opt/airflow/dags/examples/geracao_txt_v2.py for tasks to queue
[2023-03-13T17:32:41.880+0000] {logging_mixin.py:137} INFO - [2023-03-13T17:32:41.879+0000] {dagbag.py:538} INFO - Filling up the DagBag from /opt/airflow/dags/examples/geracao_txt_v2.py
[2023-03-13T17:32:41.906+0000] {processor.py:753} INFO - DAG(s) dict_keys(['geracao_txt_b3']) retrieved from /opt/airflow/dags/examples/geracao_txt_v2.py
[2023-03-13T17:32:41.929+0000] {logging_mixin.py:137} INFO - [2023-03-13T17:32:41.929+0000] {dag.py:2690} INFO - Sync 1 DAGs
[2023-03-13T17:32:41.950+0000] {logging_mixin.py:137} INFO - [2023-03-13T17:32:41.950+0000] {dag.py:3441} INFO - Setting next_dagrun for geracao_txt_b3 to 2023-03-01T00:00:00+00:00, run_after=2023-03-02T00:00:00+00:00
[2023-03-13T17:32:41.975+0000] {processor.py:175} INFO - Processing /opt/airflow/dags/examples/geracao_txt_v2.py took 0.101 seconds
[2023-03-13T17:33:12.290+0000] {processor.py:153} INFO - Started process (PID=10298) to work on /opt/airflow/dags/examples/geracao_txt_v2.py
[2023-03-13T17:33:12.291+0000] {processor.py:743} INFO - Processing file /opt/airflow/dags/examples/geracao_txt_v2.py for tasks to queue
[2023-03-13T17:33:12.292+0000] {logging_mixin.py:137} INFO - [2023-03-13T17:33:12.292+0000] {dagbag.py:538} INFO - Filling up the DagBag from /opt/airflow/dags/examples/geracao_txt_v2.py
[2023-03-13T17:33:12.319+0000] {processor.py:753} INFO - DAG(s) dict_keys(['geracao_txt_b3']) retrieved from /opt/airflow/dags/examples/geracao_txt_v2.py
[2023-03-13T17:33:12.380+0000] {logging_mixin.py:137} INFO - [2023-03-13T17:33:12.380+0000] {dag.py:2690} INFO - Sync 1 DAGs
[2023-03-13T17:33:12.402+0000] {logging_mixin.py:137} INFO - [2023-03-13T17:33:12.402+0000] {dag.py:3441} INFO - Setting next_dagrun for geracao_txt_b3 to 2023-03-01T00:00:00+00:00, run_after=2023-03-02T00:00:00+00:00
[2023-03-13T17:33:12.423+0000] {processor.py:175} INFO - Processing /opt/airflow/dags/examples/geracao_txt_v2.py took 0.136 seconds
[2023-03-13T17:33:42.796+0000] {processor.py:153} INFO - Started process (PID=10376) to work on /opt/airflow/dags/examples/geracao_txt_v2.py
[2023-03-13T17:33:42.797+0000] {processor.py:743} INFO - Processing file /opt/airflow/dags/examples/geracao_txt_v2.py for tasks to queue
[2023-03-13T17:33:42.798+0000] {logging_mixin.py:137} INFO - [2023-03-13T17:33:42.797+0000] {dagbag.py:538} INFO - Filling up the DagBag from /opt/airflow/dags/examples/geracao_txt_v2.py
[2023-03-13T17:33:42.822+0000] {processor.py:753} INFO - DAG(s) dict_keys(['geracao_txt_b3']) retrieved from /opt/airflow/dags/examples/geracao_txt_v2.py
[2023-03-13T17:33:42.846+0000] {logging_mixin.py:137} INFO - [2023-03-13T17:33:42.846+0000] {dag.py:2690} INFO - Sync 1 DAGs
[2023-03-13T17:33:42.865+0000] {logging_mixin.py:137} INFO - [2023-03-13T17:33:42.865+0000] {dag.py:3441} INFO - Setting next_dagrun for geracao_txt_b3 to 2023-03-01T00:00:00+00:00, run_after=2023-03-02T00:00:00+00:00
[2023-03-13T17:33:42.888+0000] {processor.py:175} INFO - Processing /opt/airflow/dags/examples/geracao_txt_v2.py took 0.096 seconds
[2023-03-13T17:34:13.403+0000] {processor.py:153} INFO - Started process (PID=10470) to work on /opt/airflow/dags/examples/geracao_txt_v2.py
[2023-03-13T17:34:13.406+0000] {processor.py:743} INFO - Processing file /opt/airflow/dags/examples/geracao_txt_v2.py for tasks to queue
[2023-03-13T17:34:13.406+0000] {logging_mixin.py:137} INFO - [2023-03-13T17:34:13.406+0000] {dagbag.py:538} INFO - Filling up the DagBag from /opt/airflow/dags/examples/geracao_txt_v2.py
[2023-03-13T17:34:13.429+0000] {processor.py:753} INFO - DAG(s) dict_keys(['geracao_txt_b3']) retrieved from /opt/airflow/dags/examples/geracao_txt_v2.py
[2023-03-13T17:34:13.491+0000] {logging_mixin.py:137} INFO - [2023-03-13T17:34:13.491+0000] {dag.py:2690} INFO - Sync 1 DAGs
[2023-03-13T17:34:13.517+0000] {logging_mixin.py:137} INFO - [2023-03-13T17:34:13.517+0000] {dag.py:3441} INFO - Setting next_dagrun for geracao_txt_b3 to 2023-03-01T00:00:00+00:00, run_after=2023-03-02T00:00:00+00:00
[2023-03-13T17:34:13.534+0000] {processor.py:175} INFO - Processing /opt/airflow/dags/examples/geracao_txt_v2.py took 0.134 seconds
[2023-03-13T17:34:43.825+0000] {processor.py:153} INFO - Started process (PID=10548) to work on /opt/airflow/dags/examples/geracao_txt_v2.py
[2023-03-13T17:34:43.827+0000] {processor.py:743} INFO - Processing file /opt/airflow/dags/examples/geracao_txt_v2.py for tasks to queue
[2023-03-13T17:34:43.827+0000] {logging_mixin.py:137} INFO - [2023-03-13T17:34:43.827+0000] {dagbag.py:538} INFO - Filling up the DagBag from /opt/airflow/dags/examples/geracao_txt_v2.py
[2023-03-13T17:34:43.855+0000] {processor.py:753} INFO - DAG(s) dict_keys(['geracao_txt_b3']) retrieved from /opt/airflow/dags/examples/geracao_txt_v2.py
[2023-03-13T17:34:43.876+0000] {logging_mixin.py:137} INFO - [2023-03-13T17:34:43.876+0000] {dag.py:2690} INFO - Sync 1 DAGs
[2023-03-13T17:34:43.897+0000] {logging_mixin.py:137} INFO - [2023-03-13T17:34:43.897+0000] {dag.py:3441} INFO - Setting next_dagrun for geracao_txt_b3 to 2023-03-01T00:00:00+00:00, run_after=2023-03-02T00:00:00+00:00
[2023-03-13T17:34:43.915+0000] {processor.py:175} INFO - Processing /opt/airflow/dags/examples/geracao_txt_v2.py took 0.093 seconds
[2023-03-13T17:35:14.240+0000] {processor.py:153} INFO - Started process (PID=10642) to work on /opt/airflow/dags/examples/geracao_txt_v2.py
[2023-03-13T17:35:14.243+0000] {processor.py:743} INFO - Processing file /opt/airflow/dags/examples/geracao_txt_v2.py for tasks to queue
[2023-03-13T17:35:14.243+0000] {logging_mixin.py:137} INFO - [2023-03-13T17:35:14.243+0000] {dagbag.py:538} INFO - Filling up the DagBag from /opt/airflow/dags/examples/geracao_txt_v2.py
[2023-03-13T17:35:14.268+0000] {processor.py:753} INFO - DAG(s) dict_keys(['geracao_txt_b3']) retrieved from /opt/airflow/dags/examples/geracao_txt_v2.py
[2023-03-13T17:35:14.323+0000] {logging_mixin.py:137} INFO - [2023-03-13T17:35:14.323+0000] {dag.py:2690} INFO - Sync 1 DAGs
[2023-03-13T17:35:14.348+0000] {logging_mixin.py:137} INFO - [2023-03-13T17:35:14.348+0000] {dag.py:3441} INFO - Setting next_dagrun for geracao_txt_b3 to 2023-03-01T00:00:00+00:00, run_after=2023-03-02T00:00:00+00:00
[2023-03-13T17:35:14.370+0000] {processor.py:175} INFO - Processing /opt/airflow/dags/examples/geracao_txt_v2.py took 0.133 seconds
[2023-03-13T17:35:45.275+0000] {processor.py:153} INFO - Started process (PID=10736) to work on /opt/airflow/dags/examples/geracao_txt_v2.py
[2023-03-13T17:35:45.277+0000] {processor.py:743} INFO - Processing file /opt/airflow/dags/examples/geracao_txt_v2.py for tasks to queue
[2023-03-13T17:35:45.277+0000] {logging_mixin.py:137} INFO - [2023-03-13T17:35:45.277+0000] {dagbag.py:538} INFO - Filling up the DagBag from /opt/airflow/dags/examples/geracao_txt_v2.py
[2023-03-13T17:35:45.308+0000] {processor.py:753} INFO - DAG(s) dict_keys(['geracao_txt_b3']) retrieved from /opt/airflow/dags/examples/geracao_txt_v2.py
[2023-03-13T17:35:45.331+0000] {logging_mixin.py:137} INFO - [2023-03-13T17:35:45.330+0000] {dag.py:2690} INFO - Sync 1 DAGs
[2023-03-13T17:35:45.354+0000] {logging_mixin.py:137} INFO - [2023-03-13T17:35:45.353+0000] {dag.py:3441} INFO - Setting next_dagrun for geracao_txt_b3 to 2023-03-01T00:00:00+00:00, run_after=2023-03-02T00:00:00+00:00
[2023-03-13T17:35:45.374+0000] {processor.py:175} INFO - Processing /opt/airflow/dags/examples/geracao_txt_v2.py took 0.102 seconds
[2023-03-13T17:36:15.743+0000] {processor.py:153} INFO - Started process (PID=10814) to work on /opt/airflow/dags/examples/geracao_txt_v2.py
[2023-03-13T17:36:15.746+0000] {processor.py:743} INFO - Processing file /opt/airflow/dags/examples/geracao_txt_v2.py for tasks to queue
[2023-03-13T17:36:15.747+0000] {logging_mixin.py:137} INFO - [2023-03-13T17:36:15.746+0000] {dagbag.py:538} INFO - Filling up the DagBag from /opt/airflow/dags/examples/geracao_txt_v2.py
[2023-03-13T17:36:15.779+0000] {processor.py:753} INFO - DAG(s) dict_keys(['geracao_txt_b3']) retrieved from /opt/airflow/dags/examples/geracao_txt_v2.py
[2023-03-13T17:36:15.841+0000] {logging_mixin.py:137} INFO - [2023-03-13T17:36:15.841+0000] {dag.py:2690} INFO - Sync 1 DAGs
[2023-03-13T17:36:15.868+0000] {logging_mixin.py:137} INFO - [2023-03-13T17:36:15.868+0000] {dag.py:3441} INFO - Setting next_dagrun for geracao_txt_b3 to 2023-03-01T00:00:00+00:00, run_after=2023-03-02T00:00:00+00:00
[2023-03-13T17:36:15.885+0000] {processor.py:175} INFO - Processing /opt/airflow/dags/examples/geracao_txt_v2.py took 0.145 seconds
[2023-03-13T17:36:46.130+0000] {processor.py:153} INFO - Started process (PID=10909) to work on /opt/airflow/dags/examples/geracao_txt_v2.py
[2023-03-13T17:36:46.133+0000] {processor.py:743} INFO - Processing file /opt/airflow/dags/examples/geracao_txt_v2.py for tasks to queue
[2023-03-13T17:36:46.134+0000] {logging_mixin.py:137} INFO - [2023-03-13T17:36:46.134+0000] {dagbag.py:538} INFO - Filling up the DagBag from /opt/airflow/dags/examples/geracao_txt_v2.py
[2023-03-13T17:36:46.157+0000] {processor.py:753} INFO - DAG(s) dict_keys(['geracao_txt_b3']) retrieved from /opt/airflow/dags/examples/geracao_txt_v2.py
[2023-03-13T17:36:46.179+0000] {logging_mixin.py:137} INFO - [2023-03-13T17:36:46.179+0000] {dag.py:2690} INFO - Sync 1 DAGs
[2023-03-13T17:36:46.204+0000] {logging_mixin.py:137} INFO - [2023-03-13T17:36:46.204+0000] {dag.py:3441} INFO - Setting next_dagrun for geracao_txt_b3 to 2023-03-01T00:00:00+00:00, run_after=2023-03-02T00:00:00+00:00
[2023-03-13T17:36:46.225+0000] {processor.py:175} INFO - Processing /opt/airflow/dags/examples/geracao_txt_v2.py took 0.098 seconds
[2023-03-13T17:37:16.505+0000] {processor.py:153} INFO - Started process (PID=10987) to work on /opt/airflow/dags/examples/geracao_txt_v2.py
[2023-03-13T17:37:16.508+0000] {processor.py:743} INFO - Processing file /opt/airflow/dags/examples/geracao_txt_v2.py for tasks to queue
[2023-03-13T17:37:16.509+0000] {logging_mixin.py:137} INFO - [2023-03-13T17:37:16.509+0000] {dagbag.py:538} INFO - Filling up the DagBag from /opt/airflow/dags/examples/geracao_txt_v2.py
[2023-03-13T17:37:16.539+0000] {processor.py:753} INFO - DAG(s) dict_keys(['geracao_txt_b3']) retrieved from /opt/airflow/dags/examples/geracao_txt_v2.py
[2023-03-13T17:37:16.595+0000] {logging_mixin.py:137} INFO - [2023-03-13T17:37:16.595+0000] {dag.py:2690} INFO - Sync 1 DAGs
[2023-03-13T17:37:16.617+0000] {logging_mixin.py:137} INFO - [2023-03-13T17:37:16.617+0000] {dag.py:3441} INFO - Setting next_dagrun for geracao_txt_b3 to 2023-03-01T00:00:00+00:00, run_after=2023-03-02T00:00:00+00:00
[2023-03-13T17:37:16.641+0000] {processor.py:175} INFO - Processing /opt/airflow/dags/examples/geracao_txt_v2.py took 0.138 seconds
[2023-03-13T17:37:47.012+0000] {processor.py:153} INFO - Started process (PID=11081) to work on /opt/airflow/dags/examples/geracao_txt_v2.py
[2023-03-13T17:37:47.014+0000] {processor.py:743} INFO - Processing file /opt/airflow/dags/examples/geracao_txt_v2.py for tasks to queue
[2023-03-13T17:37:47.014+0000] {logging_mixin.py:137} INFO - [2023-03-13T17:37:47.014+0000] {dagbag.py:538} INFO - Filling up the DagBag from /opt/airflow/dags/examples/geracao_txt_v2.py
[2023-03-13T17:37:47.038+0000] {processor.py:753} INFO - DAG(s) dict_keys(['geracao_txt_b3']) retrieved from /opt/airflow/dags/examples/geracao_txt_v2.py
[2023-03-13T17:37:47.059+0000] {logging_mixin.py:137} INFO - [2023-03-13T17:37:47.059+0000] {dag.py:2690} INFO - Sync 1 DAGs
[2023-03-13T17:37:47.079+0000] {logging_mixin.py:137} INFO - [2023-03-13T17:37:47.079+0000] {dag.py:3441} INFO - Setting next_dagrun for geracao_txt_b3 to 2023-03-01T00:00:00+00:00, run_after=2023-03-02T00:00:00+00:00
[2023-03-13T17:37:47.099+0000] {processor.py:175} INFO - Processing /opt/airflow/dags/examples/geracao_txt_v2.py took 0.090 seconds
[2023-03-13T17:38:17.691+0000] {processor.py:153} INFO - Started process (PID=11166) to work on /opt/airflow/dags/examples/geracao_txt_v2.py
[2023-03-13T17:38:17.692+0000] {processor.py:743} INFO - Processing file /opt/airflow/dags/examples/geracao_txt_v2.py for tasks to queue
[2023-03-13T17:38:17.693+0000] {logging_mixin.py:137} INFO - [2023-03-13T17:38:17.693+0000] {dagbag.py:538} INFO - Filling up the DagBag from /opt/airflow/dags/examples/geracao_txt_v2.py
[2023-03-13T17:38:17.717+0000] {processor.py:753} INFO - DAG(s) dict_keys(['geracao_txt_b3']) retrieved from /opt/airflow/dags/examples/geracao_txt_v2.py
[2023-03-13T17:38:17.777+0000] {logging_mixin.py:137} INFO - [2023-03-13T17:38:17.777+0000] {dag.py:2690} INFO - Sync 1 DAGs
[2023-03-13T17:38:17.801+0000] {logging_mixin.py:137} INFO - [2023-03-13T17:38:17.800+0000] {dag.py:3441} INFO - Setting next_dagrun for geracao_txt_b3 to 2023-03-01T00:00:00+00:00, run_after=2023-03-02T00:00:00+00:00
[2023-03-13T17:38:17.824+0000] {processor.py:175} INFO - Processing /opt/airflow/dags/examples/geracao_txt_v2.py took 0.136 seconds
[2023-03-13T17:38:48.299+0000] {processor.py:153} INFO - Started process (PID=11253) to work on /opt/airflow/dags/examples/geracao_txt_v2.py
[2023-03-13T17:38:48.302+0000] {processor.py:743} INFO - Processing file /opt/airflow/dags/examples/geracao_txt_v2.py for tasks to queue
[2023-03-13T17:38:48.303+0000] {logging_mixin.py:137} INFO - [2023-03-13T17:38:48.303+0000] {dagbag.py:538} INFO - Filling up the DagBag from /opt/airflow/dags/examples/geracao_txt_v2.py
[2023-03-13T17:38:48.327+0000] {processor.py:753} INFO - DAG(s) dict_keys(['geracao_txt_b3']) retrieved from /opt/airflow/dags/examples/geracao_txt_v2.py
[2023-03-13T17:38:48.349+0000] {logging_mixin.py:137} INFO - [2023-03-13T17:38:48.349+0000] {dag.py:2690} INFO - Sync 1 DAGs
[2023-03-13T17:38:48.372+0000] {logging_mixin.py:137} INFO - [2023-03-13T17:38:48.372+0000] {dag.py:3441} INFO - Setting next_dagrun for geracao_txt_b3 to 2023-03-01T00:00:00+00:00, run_after=2023-03-02T00:00:00+00:00
[2023-03-13T17:38:48.393+0000] {processor.py:175} INFO - Processing /opt/airflow/dags/examples/geracao_txt_v2.py took 0.098 seconds
[2023-03-13T18:35:39.101+0000] {processor.py:153} INFO - Started process (PID=11312) to work on /opt/airflow/dags/examples/geracao_txt_v2.py
[2023-03-13T18:35:40.897+0000] {processor.py:743} INFO - Processing file /opt/airflow/dags/examples/geracao_txt_v2.py for tasks to queue
[2023-03-13T18:35:40.914+0000] {logging_mixin.py:137} INFO - [2023-03-13T18:35:40.913+0000] {dagbag.py:538} INFO - Filling up the DagBag from /opt/airflow/dags/examples/geracao_txt_v2.py
[2023-03-13T18:35:43.094+0000] {processor.py:753} INFO - DAG(s) dict_keys(['geracao_txt_b3']) retrieved from /opt/airflow/dags/examples/geracao_txt_v2.py
[2023-03-13T18:35:45.813+0000] {logging_mixin.py:137} INFO - [2023-03-13T18:35:45.800+0000] {dag.py:2690} INFO - Sync 1 DAGs
[2023-03-13T18:35:47.572+0000] {logging_mixin.py:137} INFO - [2023-03-13T18:35:47.560+0000] {dag.py:3441} INFO - Setting next_dagrun for geracao_txt_b3 to 2023-03-01T00:00:00+00:00, run_after=2023-03-02T00:00:00+00:00
[2023-03-13T18:35:53.467+0000] {processor.py:175} INFO - Processing /opt/airflow/dags/examples/geracao_txt_v2.py took 14.610 seconds
