[2023-03-11T22:23:05.577+0000] {taskinstance.py:1083} INFO - Dependencies all met for <TaskInstance: EXAMPLE_taskgroups.group_1.subtask_1 manual__2023-03-11T22:23:00.720214+00:00 [queued]>
[2023-03-11T22:23:05.598+0000] {taskinstance.py:1083} INFO - Dependencies all met for <TaskInstance: EXAMPLE_taskgroups.group_1.subtask_1 manual__2023-03-11T22:23:00.720214+00:00 [queued]>
[2023-03-11T22:23:05.598+0000] {taskinstance.py:1279} INFO - 
--------------------------------------------------------------------------------
[2023-03-11T22:23:05.599+0000] {taskinstance.py:1280} INFO - Starting attempt 1 of 1
[2023-03-11T22:23:05.599+0000] {taskinstance.py:1281} INFO - 
--------------------------------------------------------------------------------
[2023-03-11T22:23:05.652+0000] {taskinstance.py:1300} INFO - Executing <Task(_PythonDecoratedOperator): group_1.subtask_1> on 2023-03-11 22:23:00.720214+00:00
[2023-03-11T22:23:05.684+0000] {standard_task_runner.py:55} INFO - Started process 7591 to run task
[2023-03-11T22:23:05.698+0000] {standard_task_runner.py:82} INFO - Running: ['***', 'tasks', 'run', 'EXAMPLE_taskgroups', 'group_1.subtask_1', 'manual__2023-03-11T22:23:00.720214+00:00', '--job-id', '1617', '--raw', '--subdir', 'DAGS_FOLDER/examples/taskgroup.py', '--cfg-path', '/tmp/tmpxmmrpcea']
[2023-03-11T22:23:05.699+0000] {standard_task_runner.py:83} INFO - Job 1617: Subtask group_1.subtask_1
[2023-03-11T22:23:05.853+0000] {task_command.py:388} INFO - Running <TaskInstance: EXAMPLE_taskgroups.group_1.subtask_1 manual__2023-03-11T22:23:00.720214+00:00 [running]> on host 64900e5b98c9
[2023-03-11T22:23:06.015+0000] {taskinstance.py:1509} INFO - Exporting the following env vars:
AIRFLOW_CTX_DAG_OWNER=***
AIRFLOW_CTX_DAG_ID=EXAMPLE_taskgroups
AIRFLOW_CTX_TASK_ID=group_1.subtask_1
AIRFLOW_CTX_EXECUTION_DATE=2023-03-11T22:23:00.720214+00:00
AIRFLOW_CTX_TRY_NUMBER=1
AIRFLOW_CTX_DAG_RUN_ID=manual__2023-03-11T22:23:00.720214+00:00
[2023-03-11T22:23:06.016+0000] {python.py:177} INFO - Done. Returned value was: 1
[2023-03-11T22:23:06.060+0000] {taskinstance.py:1323} INFO - Marking task as SUCCESS. dag_id=EXAMPLE_taskgroups, task_id=group_1.subtask_1, execution_date=20230311T222300, start_date=20230311T222305, end_date=20230311T222306
[2023-03-11T22:23:06.124+0000] {local_task_job.py:208} INFO - Task exited with return code 0
[2023-03-11T22:23:06.182+0000] {taskinstance.py:2578} INFO - 0 downstream tasks scheduled from follow-on schedule check
