[2023-03-11T18:30:11.608+0000] {taskinstance.py:1083} INFO - Dependencies all met for <TaskInstance: our_dag_with_python_operator_v07.get_age scheduled__2021-11-02T00:00:00+00:00 [queued]>
[2023-03-11T18:30:11.836+0000] {taskinstance.py:1083} INFO - Dependencies all met for <TaskInstance: our_dag_with_python_operator_v07.get_age scheduled__2021-11-02T00:00:00+00:00 [queued]>
[2023-03-11T18:30:11.843+0000] {taskinstance.py:1279} INFO - 
--------------------------------------------------------------------------------
[2023-03-11T18:30:11.844+0000] {taskinstance.py:1280} INFO - Starting attempt 1 of 6
[2023-03-11T18:30:11.851+0000] {taskinstance.py:1281} INFO - 
--------------------------------------------------------------------------------
[2023-03-11T18:30:12.141+0000] {taskinstance.py:1300} INFO - Executing <Task(PythonOperator): get_age> on 2021-11-02 00:00:00+00:00
[2023-03-11T18:30:12.178+0000] {standard_task_runner.py:55} INFO - Started process 338 to run task
[2023-03-11T18:30:12.307+0000] {standard_task_runner.py:82} INFO - Running: ['***', 'tasks', 'run', 'our_dag_with_python_operator_v07', 'get_age', 'scheduled__2021-11-02T00:00:00+00:00', '--job-id', '78', '--raw', '--subdir', 'DAGS_FOLDER/examples/create_dag_with_python_operator.py', '--cfg-path', '/tmp/tmp6ovr7ugx']
[2023-03-11T18:30:12.317+0000] {standard_task_runner.py:83} INFO - Job 78: Subtask get_age
[2023-03-11T18:30:13.410+0000] {task_command.py:388} INFO - Running <TaskInstance: our_dag_with_python_operator_v07.get_age scheduled__2021-11-02T00:00:00+00:00 [running]> on host 64900e5b98c9
[2023-03-11T18:30:15.264+0000] {taskinstance.py:1509} INFO - Exporting the following env vars:
AIRFLOW_CTX_DAG_OWNER=coder2j
AIRFLOW_CTX_DAG_ID=our_dag_with_python_operator_v07
AIRFLOW_CTX_TASK_ID=get_age
AIRFLOW_CTX_EXECUTION_DATE=2021-11-02T00:00:00+00:00
AIRFLOW_CTX_TRY_NUMBER=1
AIRFLOW_CTX_DAG_RUN_ID=scheduled__2021-11-02T00:00:00+00:00
[2023-03-11T18:30:15.497+0000] {python.py:177} INFO - Done. Returned value was: None
[2023-03-11T18:30:15.616+0000] {taskinstance.py:1323} INFO - Marking task as SUCCESS. dag_id=our_dag_with_python_operator_v07, task_id=get_age, execution_date=20211102T000000, start_date=20230311T183011, end_date=20230311T183015
[2023-03-11T18:30:15.956+0000] {local_task_job.py:208} INFO - Task exited with return code 0
[2023-03-11T18:30:16.293+0000] {taskinstance.py:2578} INFO - 0 downstream tasks scheduled from follow-on schedule check
