[2023-03-11T22:21:37.895+0000] {processor.py:153} INFO - Started process (PID=18308) to work on /opt/airflow/dags/examples/taskgroup.py
[2023-03-11T22:21:37.896+0000] {processor.py:743} INFO - Processing file /opt/airflow/dags/examples/taskgroup.py for tasks to queue
[2023-03-11T22:21:37.897+0000] {logging_mixin.py:137} INFO - [2023-03-11T22:21:37.897+0000] {dagbag.py:538} INFO - Filling up the DagBag from /opt/airflow/dags/examples/taskgroup.py
[2023-03-11T22:21:37.961+0000] {processor.py:753} INFO - DAG(s) dict_keys(['EXAMPLE_taskgroups']) retrieved from /opt/airflow/dags/examples/taskgroup.py
[2023-03-11T22:21:38.223+0000] {logging_mixin.py:137} INFO - [2023-03-11T22:21:38.223+0000] {manager.py:504} INFO - Created Permission View: can delete on DAG:EXAMPLE_taskgroups
[2023-03-11T22:21:38.249+0000] {logging_mixin.py:137} INFO - [2023-03-11T22:21:38.249+0000] {manager.py:504} INFO - Created Permission View: can read on DAG:EXAMPLE_taskgroups
[2023-03-11T22:21:38.262+0000] {logging_mixin.py:137} INFO - [2023-03-11T22:21:38.262+0000] {manager.py:504} INFO - Created Permission View: can edit on DAG:EXAMPLE_taskgroups
[2023-03-11T22:21:38.263+0000] {logging_mixin.py:137} INFO - [2023-03-11T22:21:38.263+0000] {dag.py:2690} INFO - Sync 1 DAGs
[2023-03-11T22:21:38.294+0000] {logging_mixin.py:137} INFO - [2023-03-11T22:21:38.294+0000] {dag.py:2711} INFO - Creating ORM DAG for EXAMPLE_taskgroups
[2023-03-11T22:21:38.316+0000] {logging_mixin.py:137} INFO - [2023-03-11T22:21:38.316+0000] {dag.py:3441} INFO - Setting next_dagrun for EXAMPLE_taskgroups to None, run_after=None
[2023-03-11T22:21:38.345+0000] {processor.py:175} INFO - Processing /opt/airflow/dags/examples/taskgroup.py took 0.457 seconds
[2023-03-11T22:22:08.704+0000] {processor.py:153} INFO - Started process (PID=18375) to work on /opt/airflow/dags/examples/taskgroup.py
[2023-03-11T22:22:08.705+0000] {processor.py:743} INFO - Processing file /opt/airflow/dags/examples/taskgroup.py for tasks to queue
[2023-03-11T22:22:08.707+0000] {logging_mixin.py:137} INFO - [2023-03-11T22:22:08.706+0000] {dagbag.py:538} INFO - Filling up the DagBag from /opt/airflow/dags/examples/taskgroup.py
[2023-03-11T22:22:08.754+0000] {processor.py:753} INFO - DAG(s) dict_keys(['EXAMPLE_taskgroups']) retrieved from /opt/airflow/dags/examples/taskgroup.py
[2023-03-11T22:22:08.797+0000] {logging_mixin.py:137} INFO - [2023-03-11T22:22:08.796+0000] {dag.py:2690} INFO - Sync 1 DAGs
[2023-03-11T22:22:08.883+0000] {logging_mixin.py:137} INFO - [2023-03-11T22:22:08.883+0000] {dag.py:3441} INFO - Setting next_dagrun for EXAMPLE_taskgroups to None, run_after=None
[2023-03-11T22:22:08.942+0000] {processor.py:175} INFO - Processing /opt/airflow/dags/examples/taskgroup.py took 0.242 seconds
[2023-03-11T22:22:12.920+0000] {processor.py:153} INFO - Started process (PID=18397) to work on /opt/airflow/dags/examples/taskgroup.py
[2023-03-11T22:22:12.926+0000] {processor.py:743} INFO - Processing file /opt/airflow/dags/examples/taskgroup.py for tasks to queue
[2023-03-11T22:22:12.927+0000] {logging_mixin.py:137} INFO - [2023-03-11T22:22:12.927+0000] {dagbag.py:538} INFO - Filling up the DagBag from /opt/airflow/dags/examples/taskgroup.py
[2023-03-11T22:22:12.990+0000] {processor.py:753} INFO - DAG(s) dict_keys(['EXAMPLE_taskgroups']) retrieved from /opt/airflow/dags/examples/taskgroup.py
[2023-03-11T22:22:13.028+0000] {logging_mixin.py:137} INFO - [2023-03-11T22:22:13.027+0000] {dag.py:2690} INFO - Sync 1 DAGs
[2023-03-11T22:22:13.096+0000] {logging_mixin.py:137} INFO - [2023-03-11T22:22:13.096+0000] {dag.py:3441} INFO - Setting next_dagrun for EXAMPLE_taskgroups to None, run_after=None
[2023-03-11T22:22:13.137+0000] {processor.py:175} INFO - Processing /opt/airflow/dags/examples/taskgroup.py took 0.237 seconds
[2023-03-11T22:22:43.440+0000] {processor.py:153} INFO - Started process (PID=18463) to work on /opt/airflow/dags/examples/taskgroup.py
[2023-03-11T22:22:43.441+0000] {processor.py:743} INFO - Processing file /opt/airflow/dags/examples/taskgroup.py for tasks to queue
[2023-03-11T22:22:43.444+0000] {logging_mixin.py:137} INFO - [2023-03-11T22:22:43.443+0000] {dagbag.py:538} INFO - Filling up the DagBag from /opt/airflow/dags/examples/taskgroup.py
[2023-03-11T22:22:43.497+0000] {processor.py:753} INFO - DAG(s) dict_keys(['EXAMPLE_taskgroups']) retrieved from /opt/airflow/dags/examples/taskgroup.py
[2023-03-11T22:22:43.554+0000] {logging_mixin.py:137} INFO - [2023-03-11T22:22:43.554+0000] {dag.py:2690} INFO - Sync 1 DAGs
[2023-03-11T22:22:43.654+0000] {logging_mixin.py:137} INFO - [2023-03-11T22:22:43.654+0000] {dag.py:3441} INFO - Setting next_dagrun for EXAMPLE_taskgroups to None, run_after=None
[2023-03-11T22:22:43.714+0000] {processor.py:175} INFO - Processing /opt/airflow/dags/examples/taskgroup.py took 0.280 seconds
[2023-03-11T22:23:14.585+0000] {processor.py:153} INFO - Started process (PID=18534) to work on /opt/airflow/dags/examples/taskgroup.py
[2023-03-11T22:23:14.594+0000] {processor.py:743} INFO - Processing file /opt/airflow/dags/examples/taskgroup.py for tasks to queue
[2023-03-11T22:23:14.595+0000] {logging_mixin.py:137} INFO - [2023-03-11T22:23:14.594+0000] {dagbag.py:538} INFO - Filling up the DagBag from /opt/airflow/dags/examples/taskgroup.py
[2023-03-11T22:23:14.655+0000] {processor.py:753} INFO - DAG(s) dict_keys(['EXAMPLE_taskgroups']) retrieved from /opt/airflow/dags/examples/taskgroup.py
[2023-03-11T22:23:14.719+0000] {logging_mixin.py:137} INFO - [2023-03-11T22:23:14.719+0000] {dag.py:2690} INFO - Sync 1 DAGs
[2023-03-11T22:23:14.787+0000] {logging_mixin.py:137} INFO - [2023-03-11T22:23:14.787+0000] {dag.py:3441} INFO - Setting next_dagrun for EXAMPLE_taskgroups to None, run_after=None
[2023-03-11T22:23:14.826+0000] {processor.py:175} INFO - Processing /opt/airflow/dags/examples/taskgroup.py took 0.247 seconds
[2023-03-11T22:23:44.898+0000] {processor.py:153} INFO - Started process (PID=18600) to work on /opt/airflow/dags/examples/taskgroup.py
[2023-03-11T22:23:44.899+0000] {processor.py:743} INFO - Processing file /opt/airflow/dags/examples/taskgroup.py for tasks to queue
[2023-03-11T22:23:44.900+0000] {logging_mixin.py:137} INFO - [2023-03-11T22:23:44.900+0000] {dagbag.py:538} INFO - Filling up the DagBag from /opt/airflow/dags/examples/taskgroup.py
[2023-03-11T22:23:44.929+0000] {processor.py:753} INFO - DAG(s) dict_keys(['EXAMPLE_taskgroups']) retrieved from /opt/airflow/dags/examples/taskgroup.py
[2023-03-11T22:23:44.960+0000] {logging_mixin.py:137} INFO - [2023-03-11T22:23:44.959+0000] {dag.py:2690} INFO - Sync 1 DAGs
[2023-03-11T22:23:44.991+0000] {logging_mixin.py:137} INFO - [2023-03-11T22:23:44.990+0000] {dag.py:3441} INFO - Setting next_dagrun for EXAMPLE_taskgroups to None, run_after=None
[2023-03-11T22:23:45.026+0000] {processor.py:175} INFO - Processing /opt/airflow/dags/examples/taskgroup.py took 0.133 seconds
[2023-03-11T22:24:15.289+0000] {processor.py:153} INFO - Started process (PID=18667) to work on /opt/airflow/dags/examples/taskgroup.py
[2023-03-11T22:24:15.290+0000] {processor.py:743} INFO - Processing file /opt/airflow/dags/examples/taskgroup.py for tasks to queue
[2023-03-11T22:24:15.290+0000] {logging_mixin.py:137} INFO - [2023-03-11T22:24:15.290+0000] {dagbag.py:538} INFO - Filling up the DagBag from /opt/airflow/dags/examples/taskgroup.py
[2023-03-11T22:24:15.329+0000] {processor.py:753} INFO - DAG(s) dict_keys(['EXAMPLE_taskgroups']) retrieved from /opt/airflow/dags/examples/taskgroup.py
[2023-03-11T22:24:15.357+0000] {logging_mixin.py:137} INFO - [2023-03-11T22:24:15.357+0000] {dag.py:2690} INFO - Sync 1 DAGs
[2023-03-11T22:24:15.388+0000] {logging_mixin.py:137} INFO - [2023-03-11T22:24:15.388+0000] {dag.py:3441} INFO - Setting next_dagrun for EXAMPLE_taskgroups to None, run_after=None
[2023-03-11T22:24:15.410+0000] {processor.py:175} INFO - Processing /opt/airflow/dags/examples/taskgroup.py took 0.126 seconds
[2023-03-11T22:24:45.475+0000] {processor.py:153} INFO - Started process (PID=18746) to work on /opt/airflow/dags/examples/taskgroup.py
[2023-03-11T22:24:45.477+0000] {processor.py:743} INFO - Processing file /opt/airflow/dags/examples/taskgroup.py for tasks to queue
[2023-03-11T22:24:45.478+0000] {logging_mixin.py:137} INFO - [2023-03-11T22:24:45.478+0000] {dagbag.py:538} INFO - Filling up the DagBag from /opt/airflow/dags/examples/taskgroup.py
[2023-03-11T22:24:45.525+0000] {processor.py:753} INFO - DAG(s) dict_keys(['EXAMPLE_taskgroups']) retrieved from /opt/airflow/dags/examples/taskgroup.py
[2023-03-11T22:24:45.566+0000] {logging_mixin.py:137} INFO - [2023-03-11T22:24:45.566+0000] {dag.py:2690} INFO - Sync 1 DAGs
[2023-03-11T22:24:45.620+0000] {logging_mixin.py:137} INFO - [2023-03-11T22:24:45.619+0000] {dag.py:3441} INFO - Setting next_dagrun for EXAMPLE_taskgroups to None, run_after=None
[2023-03-11T22:24:45.662+0000] {processor.py:175} INFO - Processing /opt/airflow/dags/examples/taskgroup.py took 0.192 seconds
[2023-03-11T22:25:16.096+0000] {processor.py:153} INFO - Started process (PID=18813) to work on /opt/airflow/dags/examples/taskgroup.py
[2023-03-11T22:25:16.097+0000] {processor.py:743} INFO - Processing file /opt/airflow/dags/examples/taskgroup.py for tasks to queue
[2023-03-11T22:25:16.098+0000] {logging_mixin.py:137} INFO - [2023-03-11T22:25:16.098+0000] {dagbag.py:538} INFO - Filling up the DagBag from /opt/airflow/dags/examples/taskgroup.py
[2023-03-11T22:25:16.138+0000] {processor.py:753} INFO - DAG(s) dict_keys(['EXAMPLE_taskgroups']) retrieved from /opt/airflow/dags/examples/taskgroup.py
[2023-03-11T22:25:16.198+0000] {logging_mixin.py:137} INFO - [2023-03-11T22:25:16.198+0000] {dag.py:2690} INFO - Sync 1 DAGs
[2023-03-11T22:25:16.251+0000] {logging_mixin.py:137} INFO - [2023-03-11T22:25:16.251+0000] {dag.py:3441} INFO - Setting next_dagrun for EXAMPLE_taskgroups to None, run_after=None
[2023-03-11T22:25:16.282+0000] {processor.py:175} INFO - Processing /opt/airflow/dags/examples/taskgroup.py took 0.191 seconds
[2023-03-11T22:25:46.498+0000] {processor.py:153} INFO - Started process (PID=18881) to work on /opt/airflow/dags/examples/taskgroup.py
[2023-03-11T22:25:46.500+0000] {processor.py:743} INFO - Processing file /opt/airflow/dags/examples/taskgroup.py for tasks to queue
[2023-03-11T22:25:46.503+0000] {logging_mixin.py:137} INFO - [2023-03-11T22:25:46.503+0000] {dagbag.py:538} INFO - Filling up the DagBag from /opt/airflow/dags/examples/taskgroup.py
[2023-03-11T22:25:46.537+0000] {processor.py:753} INFO - DAG(s) dict_keys(['EXAMPLE_taskgroups']) retrieved from /opt/airflow/dags/examples/taskgroup.py
[2023-03-11T22:25:46.571+0000] {logging_mixin.py:137} INFO - [2023-03-11T22:25:46.571+0000] {dag.py:2690} INFO - Sync 1 DAGs
[2023-03-11T22:25:46.621+0000] {logging_mixin.py:137} INFO - [2023-03-11T22:25:46.621+0000] {dag.py:3441} INFO - Setting next_dagrun for EXAMPLE_taskgroups to None, run_after=None
[2023-03-11T22:25:46.651+0000] {processor.py:175} INFO - Processing /opt/airflow/dags/examples/taskgroup.py took 0.165 seconds
[2023-03-11T22:26:16.757+0000] {processor.py:153} INFO - Started process (PID=18948) to work on /opt/airflow/dags/examples/taskgroup.py
[2023-03-11T22:26:16.758+0000] {processor.py:743} INFO - Processing file /opt/airflow/dags/examples/taskgroup.py for tasks to queue
[2023-03-11T22:26:16.758+0000] {logging_mixin.py:137} INFO - [2023-03-11T22:26:16.758+0000] {dagbag.py:538} INFO - Filling up the DagBag from /opt/airflow/dags/examples/taskgroup.py
[2023-03-11T22:26:16.792+0000] {processor.py:753} INFO - DAG(s) dict_keys(['EXAMPLE_taskgroups']) retrieved from /opt/airflow/dags/examples/taskgroup.py
[2023-03-11T22:26:16.828+0000] {logging_mixin.py:137} INFO - [2023-03-11T22:26:16.828+0000] {dag.py:2690} INFO - Sync 1 DAGs
[2023-03-11T22:26:16.875+0000] {logging_mixin.py:137} INFO - [2023-03-11T22:26:16.875+0000] {dag.py:3441} INFO - Setting next_dagrun for EXAMPLE_taskgroups to None, run_after=None
[2023-03-11T22:26:16.910+0000] {processor.py:175} INFO - Processing /opt/airflow/dags/examples/taskgroup.py took 0.157 seconds
[2023-03-11T22:26:47.428+0000] {processor.py:153} INFO - Started process (PID=19027) to work on /opt/airflow/dags/examples/taskgroup.py
[2023-03-11T22:26:47.443+0000] {processor.py:743} INFO - Processing file /opt/airflow/dags/examples/taskgroup.py for tasks to queue
[2023-03-11T22:26:47.444+0000] {logging_mixin.py:137} INFO - [2023-03-11T22:26:47.444+0000] {dagbag.py:538} INFO - Filling up the DagBag from /opt/airflow/dags/examples/taskgroup.py
[2023-03-11T22:26:47.524+0000] {processor.py:753} INFO - DAG(s) dict_keys(['EXAMPLE_taskgroups']) retrieved from /opt/airflow/dags/examples/taskgroup.py
[2023-03-11T22:26:47.564+0000] {logging_mixin.py:137} INFO - [2023-03-11T22:26:47.564+0000] {dag.py:2690} INFO - Sync 1 DAGs
[2023-03-11T22:26:47.615+0000] {logging_mixin.py:137} INFO - [2023-03-11T22:26:47.615+0000] {dag.py:3441} INFO - Setting next_dagrun for EXAMPLE_taskgroups to None, run_after=None
[2023-03-11T22:26:47.645+0000] {processor.py:175} INFO - Processing /opt/airflow/dags/examples/taskgroup.py took 0.224 seconds
[2023-03-11T22:27:18.605+0000] {processor.py:153} INFO - Started process (PID=19095) to work on /opt/airflow/dags/examples/taskgroup.py
[2023-03-11T22:27:18.611+0000] {processor.py:743} INFO - Processing file /opt/airflow/dags/examples/taskgroup.py for tasks to queue
[2023-03-11T22:27:18.611+0000] {logging_mixin.py:137} INFO - [2023-03-11T22:27:18.611+0000] {dagbag.py:538} INFO - Filling up the DagBag from /opt/airflow/dags/examples/taskgroup.py
[2023-03-11T22:27:18.655+0000] {processor.py:753} INFO - DAG(s) dict_keys(['EXAMPLE_taskgroups']) retrieved from /opt/airflow/dags/examples/taskgroup.py
[2023-03-11T22:27:18.695+0000] {logging_mixin.py:137} INFO - [2023-03-11T22:27:18.695+0000] {dag.py:2690} INFO - Sync 1 DAGs
[2023-03-11T22:27:18.736+0000] {logging_mixin.py:137} INFO - [2023-03-11T22:27:18.736+0000] {dag.py:3441} INFO - Setting next_dagrun for EXAMPLE_taskgroups to None, run_after=None
[2023-03-11T22:27:18.759+0000] {processor.py:175} INFO - Processing /opt/airflow/dags/examples/taskgroup.py took 0.158 seconds
[2023-03-11T22:27:49.048+0000] {processor.py:153} INFO - Started process (PID=19161) to work on /opt/airflow/dags/examples/taskgroup.py
[2023-03-11T22:27:49.049+0000] {processor.py:743} INFO - Processing file /opt/airflow/dags/examples/taskgroup.py for tasks to queue
[2023-03-11T22:27:49.051+0000] {logging_mixin.py:137} INFO - [2023-03-11T22:27:49.050+0000] {dagbag.py:538} INFO - Filling up the DagBag from /opt/airflow/dags/examples/taskgroup.py
[2023-03-11T22:27:49.102+0000] {processor.py:753} INFO - DAG(s) dict_keys(['EXAMPLE_taskgroups']) retrieved from /opt/airflow/dags/examples/taskgroup.py
[2023-03-11T22:27:49.143+0000] {logging_mixin.py:137} INFO - [2023-03-11T22:27:49.143+0000] {dag.py:2690} INFO - Sync 1 DAGs
[2023-03-11T22:27:49.176+0000] {logging_mixin.py:137} INFO - [2023-03-11T22:27:49.176+0000] {dag.py:3441} INFO - Setting next_dagrun for EXAMPLE_taskgroups to None, run_after=None
[2023-03-11T22:27:49.199+0000] {processor.py:175} INFO - Processing /opt/airflow/dags/examples/taskgroup.py took 0.157 seconds
[2023-03-11T22:28:19.253+0000] {processor.py:153} INFO - Started process (PID=19227) to work on /opt/airflow/dags/examples/taskgroup.py
[2023-03-11T22:28:19.264+0000] {processor.py:743} INFO - Processing file /opt/airflow/dags/examples/taskgroup.py for tasks to queue
[2023-03-11T22:28:19.265+0000] {logging_mixin.py:137} INFO - [2023-03-11T22:28:19.265+0000] {dagbag.py:538} INFO - Filling up the DagBag from /opt/airflow/dags/examples/taskgroup.py
[2023-03-11T22:28:19.317+0000] {processor.py:753} INFO - DAG(s) dict_keys(['EXAMPLE_taskgroups']) retrieved from /opt/airflow/dags/examples/taskgroup.py
[2023-03-11T22:28:19.357+0000] {logging_mixin.py:137} INFO - [2023-03-11T22:28:19.357+0000] {dag.py:2690} INFO - Sync 1 DAGs
[2023-03-11T22:28:19.391+0000] {logging_mixin.py:137} INFO - [2023-03-11T22:28:19.391+0000] {dag.py:3441} INFO - Setting next_dagrun for EXAMPLE_taskgroups to None, run_after=None
[2023-03-11T22:28:19.420+0000] {processor.py:175} INFO - Processing /opt/airflow/dags/examples/taskgroup.py took 0.173 seconds
[2023-03-11T22:28:49.655+0000] {processor.py:153} INFO - Started process (PID=19306) to work on /opt/airflow/dags/examples/taskgroup.py
[2023-03-11T22:28:49.656+0000] {processor.py:743} INFO - Processing file /opt/airflow/dags/examples/taskgroup.py for tasks to queue
[2023-03-11T22:28:49.657+0000] {logging_mixin.py:137} INFO - [2023-03-11T22:28:49.657+0000] {dagbag.py:538} INFO - Filling up the DagBag from /opt/airflow/dags/examples/taskgroup.py
[2023-03-11T22:28:49.694+0000] {processor.py:753} INFO - DAG(s) dict_keys(['EXAMPLE_taskgroups']) retrieved from /opt/airflow/dags/examples/taskgroup.py
[2023-03-11T22:28:49.733+0000] {logging_mixin.py:137} INFO - [2023-03-11T22:28:49.732+0000] {dag.py:2690} INFO - Sync 1 DAGs
[2023-03-11T22:28:49.776+0000] {logging_mixin.py:137} INFO - [2023-03-11T22:28:49.776+0000] {dag.py:3441} INFO - Setting next_dagrun for EXAMPLE_taskgroups to None, run_after=None
[2023-03-11T22:28:49.806+0000] {processor.py:175} INFO - Processing /opt/airflow/dags/examples/taskgroup.py took 0.155 seconds
[2023-03-11T22:29:20.010+0000] {processor.py:153} INFO - Started process (PID=19374) to work on /opt/airflow/dags/examples/taskgroup.py
[2023-03-11T22:29:20.016+0000] {processor.py:743} INFO - Processing file /opt/airflow/dags/examples/taskgroup.py for tasks to queue
[2023-03-11T22:29:20.017+0000] {logging_mixin.py:137} INFO - [2023-03-11T22:29:20.017+0000] {dagbag.py:538} INFO - Filling up the DagBag from /opt/airflow/dags/examples/taskgroup.py
[2023-03-11T22:29:20.063+0000] {processor.py:753} INFO - DAG(s) dict_keys(['EXAMPLE_taskgroups']) retrieved from /opt/airflow/dags/examples/taskgroup.py
[2023-03-11T22:29:20.107+0000] {logging_mixin.py:137} INFO - [2023-03-11T22:29:20.106+0000] {dag.py:2690} INFO - Sync 1 DAGs
[2023-03-11T22:29:20.167+0000] {logging_mixin.py:137} INFO - [2023-03-11T22:29:20.167+0000] {dag.py:3441} INFO - Setting next_dagrun for EXAMPLE_taskgroups to None, run_after=None
[2023-03-11T22:29:20.218+0000] {processor.py:175} INFO - Processing /opt/airflow/dags/examples/taskgroup.py took 0.214 seconds
[2023-03-11T22:29:50.414+0000] {processor.py:153} INFO - Started process (PID=19442) to work on /opt/airflow/dags/examples/taskgroup.py
[2023-03-11T22:29:50.416+0000] {processor.py:743} INFO - Processing file /opt/airflow/dags/examples/taskgroup.py for tasks to queue
[2023-03-11T22:29:50.417+0000] {logging_mixin.py:137} INFO - [2023-03-11T22:29:50.417+0000] {dagbag.py:538} INFO - Filling up the DagBag from /opt/airflow/dags/examples/taskgroup.py
[2023-03-11T22:29:50.474+0000] {processor.py:753} INFO - DAG(s) dict_keys(['EXAMPLE_taskgroups']) retrieved from /opt/airflow/dags/examples/taskgroup.py
[2023-03-11T22:29:50.531+0000] {logging_mixin.py:137} INFO - [2023-03-11T22:29:50.531+0000] {dag.py:2690} INFO - Sync 1 DAGs
[2023-03-11T22:29:50.585+0000] {logging_mixin.py:137} INFO - [2023-03-11T22:29:50.585+0000] {dag.py:3441} INFO - Setting next_dagrun for EXAMPLE_taskgroups to None, run_after=None
[2023-03-11T22:29:50.614+0000] {processor.py:175} INFO - Processing /opt/airflow/dags/examples/taskgroup.py took 0.211 seconds
[2023-03-11T22:30:20.951+0000] {processor.py:153} INFO - Started process (PID=19520) to work on /opt/airflow/dags/examples/taskgroup.py
[2023-03-11T22:30:20.954+0000] {processor.py:743} INFO - Processing file /opt/airflow/dags/examples/taskgroup.py for tasks to queue
[2023-03-11T22:30:20.956+0000] {logging_mixin.py:137} INFO - [2023-03-11T22:30:20.956+0000] {dagbag.py:538} INFO - Filling up the DagBag from /opt/airflow/dags/examples/taskgroup.py
[2023-03-11T22:30:20.987+0000] {processor.py:753} INFO - DAG(s) dict_keys(['EXAMPLE_taskgroups']) retrieved from /opt/airflow/dags/examples/taskgroup.py
[2023-03-11T22:30:21.020+0000] {logging_mixin.py:137} INFO - [2023-03-11T22:30:21.020+0000] {dag.py:2690} INFO - Sync 1 DAGs
[2023-03-11T22:30:21.069+0000] {logging_mixin.py:137} INFO - [2023-03-11T22:30:21.069+0000] {dag.py:3441} INFO - Setting next_dagrun for EXAMPLE_taskgroups to None, run_after=None
[2023-03-11T22:30:21.100+0000] {processor.py:175} INFO - Processing /opt/airflow/dags/examples/taskgroup.py took 0.168 seconds
[2023-03-11T22:30:51.297+0000] {processor.py:153} INFO - Started process (PID=19587) to work on /opt/airflow/dags/examples/taskgroup.py
[2023-03-11T22:30:51.305+0000] {processor.py:743} INFO - Processing file /opt/airflow/dags/examples/taskgroup.py for tasks to queue
[2023-03-11T22:30:51.306+0000] {logging_mixin.py:137} INFO - [2023-03-11T22:30:51.306+0000] {dagbag.py:538} INFO - Filling up the DagBag from /opt/airflow/dags/examples/taskgroup.py
[2023-03-11T22:30:51.398+0000] {processor.py:753} INFO - DAG(s) dict_keys(['EXAMPLE_taskgroups']) retrieved from /opt/airflow/dags/examples/taskgroup.py
[2023-03-11T22:30:51.449+0000] {logging_mixin.py:137} INFO - [2023-03-11T22:30:51.448+0000] {dag.py:2690} INFO - Sync 1 DAGs
[2023-03-11T22:30:51.500+0000] {logging_mixin.py:137} INFO - [2023-03-11T22:30:51.499+0000] {dag.py:3441} INFO - Setting next_dagrun for EXAMPLE_taskgroups to None, run_after=None
[2023-03-11T22:30:51.530+0000] {processor.py:175} INFO - Processing /opt/airflow/dags/examples/taskgroup.py took 0.243 seconds
[2023-03-11T22:31:21.703+0000] {processor.py:153} INFO - Started process (PID=19652) to work on /opt/airflow/dags/examples/taskgroup.py
[2023-03-11T22:31:21.709+0000] {processor.py:743} INFO - Processing file /opt/airflow/dags/examples/taskgroup.py for tasks to queue
[2023-03-11T22:31:21.710+0000] {logging_mixin.py:137} INFO - [2023-03-11T22:31:21.709+0000] {dagbag.py:538} INFO - Filling up the DagBag from /opt/airflow/dags/examples/taskgroup.py
[2023-03-11T22:31:21.789+0000] {processor.py:753} INFO - DAG(s) dict_keys(['EXAMPLE_taskgroups']) retrieved from /opt/airflow/dags/examples/taskgroup.py
[2023-03-11T22:31:21.866+0000] {logging_mixin.py:137} INFO - [2023-03-11T22:31:21.866+0000] {dag.py:2690} INFO - Sync 1 DAGs
[2023-03-11T22:31:22.050+0000] {logging_mixin.py:137} INFO - [2023-03-11T22:31:22.050+0000] {dag.py:3441} INFO - Setting next_dagrun for EXAMPLE_taskgroups to None, run_after=None
[2023-03-11T22:31:22.143+0000] {processor.py:175} INFO - Processing /opt/airflow/dags/examples/taskgroup.py took 0.447 seconds
[2023-03-11T22:31:52.525+0000] {processor.py:153} INFO - Started process (PID=19719) to work on /opt/airflow/dags/examples/taskgroup.py
[2023-03-11T22:31:52.540+0000] {processor.py:743} INFO - Processing file /opt/airflow/dags/examples/taskgroup.py for tasks to queue
[2023-03-11T22:31:52.542+0000] {logging_mixin.py:137} INFO - [2023-03-11T22:31:52.541+0000] {dagbag.py:538} INFO - Filling up the DagBag from /opt/airflow/dags/examples/taskgroup.py
[2023-03-11T22:31:52.638+0000] {processor.py:753} INFO - DAG(s) dict_keys(['EXAMPLE_taskgroups']) retrieved from /opt/airflow/dags/examples/taskgroup.py
[2023-03-11T22:31:52.692+0000] {logging_mixin.py:137} INFO - [2023-03-11T22:31:52.691+0000] {dag.py:2690} INFO - Sync 1 DAGs
[2023-03-11T22:31:52.781+0000] {logging_mixin.py:137} INFO - [2023-03-11T22:31:52.780+0000] {dag.py:3441} INFO - Setting next_dagrun for EXAMPLE_taskgroups to None, run_after=None
[2023-03-11T22:31:52.905+0000] {processor.py:175} INFO - Processing /opt/airflow/dags/examples/taskgroup.py took 0.403 seconds
[2023-03-11T22:32:23.091+0000] {processor.py:153} INFO - Started process (PID=19795) to work on /opt/airflow/dags/examples/taskgroup.py
[2023-03-11T22:32:23.093+0000] {processor.py:743} INFO - Processing file /opt/airflow/dags/examples/taskgroup.py for tasks to queue
[2023-03-11T22:32:23.095+0000] {logging_mixin.py:137} INFO - [2023-03-11T22:32:23.094+0000] {dagbag.py:538} INFO - Filling up the DagBag from /opt/airflow/dags/examples/taskgroup.py
[2023-03-11T22:32:23.141+0000] {processor.py:753} INFO - DAG(s) dict_keys(['EXAMPLE_taskgroups']) retrieved from /opt/airflow/dags/examples/taskgroup.py
[2023-03-11T22:32:23.177+0000] {logging_mixin.py:137} INFO - [2023-03-11T22:32:23.176+0000] {dag.py:2690} INFO - Sync 1 DAGs
[2023-03-11T22:32:23.209+0000] {logging_mixin.py:137} INFO - [2023-03-11T22:32:23.209+0000] {dag.py:3441} INFO - Setting next_dagrun for EXAMPLE_taskgroups to None, run_after=None
[2023-03-11T22:32:23.236+0000] {processor.py:175} INFO - Processing /opt/airflow/dags/examples/taskgroup.py took 0.149 seconds
[2023-03-11T22:32:53.682+0000] {processor.py:153} INFO - Started process (PID=19864) to work on /opt/airflow/dags/examples/taskgroup.py
[2023-03-11T22:32:53.682+0000] {processor.py:743} INFO - Processing file /opt/airflow/dags/examples/taskgroup.py for tasks to queue
[2023-03-11T22:32:53.683+0000] {logging_mixin.py:137} INFO - [2023-03-11T22:32:53.683+0000] {dagbag.py:538} INFO - Filling up the DagBag from /opt/airflow/dags/examples/taskgroup.py
[2023-03-11T22:32:53.721+0000] {processor.py:753} INFO - DAG(s) dict_keys(['EXAMPLE_taskgroups']) retrieved from /opt/airflow/dags/examples/taskgroup.py
[2023-03-11T22:32:53.751+0000] {logging_mixin.py:137} INFO - [2023-03-11T22:32:53.751+0000] {dag.py:2690} INFO - Sync 1 DAGs
[2023-03-11T22:32:53.785+0000] {logging_mixin.py:137} INFO - [2023-03-11T22:32:53.785+0000] {dag.py:3441} INFO - Setting next_dagrun for EXAMPLE_taskgroups to None, run_after=None
[2023-03-11T22:32:53.825+0000] {processor.py:175} INFO - Processing /opt/airflow/dags/examples/taskgroup.py took 0.149 seconds
[2023-03-11T22:33:24.193+0000] {processor.py:153} INFO - Started process (PID=19931) to work on /opt/airflow/dags/examples/taskgroup.py
[2023-03-11T22:33:24.198+0000] {processor.py:743} INFO - Processing file /opt/airflow/dags/examples/taskgroup.py for tasks to queue
[2023-03-11T22:33:24.200+0000] {logging_mixin.py:137} INFO - [2023-03-11T22:33:24.199+0000] {dagbag.py:538} INFO - Filling up the DagBag from /opt/airflow/dags/examples/taskgroup.py
[2023-03-11T22:33:24.239+0000] {processor.py:753} INFO - DAG(s) dict_keys(['EXAMPLE_taskgroups']) retrieved from /opt/airflow/dags/examples/taskgroup.py
[2023-03-11T22:33:24.273+0000] {logging_mixin.py:137} INFO - [2023-03-11T22:33:24.273+0000] {dag.py:2690} INFO - Sync 1 DAGs
[2023-03-11T22:33:24.323+0000] {logging_mixin.py:137} INFO - [2023-03-11T22:33:24.323+0000] {dag.py:3441} INFO - Setting next_dagrun for EXAMPLE_taskgroups to None, run_after=None
[2023-03-11T22:33:24.356+0000] {processor.py:175} INFO - Processing /opt/airflow/dags/examples/taskgroup.py took 0.167 seconds
[2023-03-11T22:33:54.665+0000] {processor.py:153} INFO - Started process (PID=19998) to work on /opt/airflow/dags/examples/taskgroup.py
[2023-03-11T22:33:54.666+0000] {processor.py:743} INFO - Processing file /opt/airflow/dags/examples/taskgroup.py for tasks to queue
[2023-03-11T22:33:54.667+0000] {logging_mixin.py:137} INFO - [2023-03-11T22:33:54.666+0000] {dagbag.py:538} INFO - Filling up the DagBag from /opt/airflow/dags/examples/taskgroup.py
[2023-03-11T22:33:54.709+0000] {processor.py:753} INFO - DAG(s) dict_keys(['EXAMPLE_taskgroups']) retrieved from /opt/airflow/dags/examples/taskgroup.py
[2023-03-11T22:33:54.778+0000] {logging_mixin.py:137} INFO - [2023-03-11T22:33:54.777+0000] {dag.py:2690} INFO - Sync 1 DAGs
[2023-03-11T22:33:54.826+0000] {logging_mixin.py:137} INFO - [2023-03-11T22:33:54.826+0000] {dag.py:3441} INFO - Setting next_dagrun for EXAMPLE_taskgroups to None, run_after=None
[2023-03-11T22:33:54.854+0000] {processor.py:175} INFO - Processing /opt/airflow/dags/examples/taskgroup.py took 0.194 seconds
[2023-03-11T22:34:25.374+0000] {processor.py:153} INFO - Started process (PID=20065) to work on /opt/airflow/dags/examples/taskgroup.py
[2023-03-11T22:34:25.379+0000] {processor.py:743} INFO - Processing file /opt/airflow/dags/examples/taskgroup.py for tasks to queue
[2023-03-11T22:34:25.381+0000] {logging_mixin.py:137} INFO - [2023-03-11T22:34:25.380+0000] {dagbag.py:538} INFO - Filling up the DagBag from /opt/airflow/dags/examples/taskgroup.py
[2023-03-11T22:34:25.429+0000] {processor.py:753} INFO - DAG(s) dict_keys(['EXAMPLE_taskgroups']) retrieved from /opt/airflow/dags/examples/taskgroup.py
[2023-03-11T22:34:25.482+0000] {logging_mixin.py:137} INFO - [2023-03-11T22:34:25.482+0000] {dag.py:2690} INFO - Sync 1 DAGs
[2023-03-11T22:34:25.559+0000] {logging_mixin.py:137} INFO - [2023-03-11T22:34:25.558+0000] {dag.py:3441} INFO - Setting next_dagrun for EXAMPLE_taskgroups to None, run_after=None
[2023-03-11T22:34:25.600+0000] {processor.py:175} INFO - Processing /opt/airflow/dags/examples/taskgroup.py took 0.231 seconds
[2023-03-11T22:34:56.439+0000] {processor.py:153} INFO - Started process (PID=20143) to work on /opt/airflow/dags/examples/taskgroup.py
[2023-03-11T22:34:56.440+0000] {processor.py:743} INFO - Processing file /opt/airflow/dags/examples/taskgroup.py for tasks to queue
[2023-03-11T22:34:56.442+0000] {logging_mixin.py:137} INFO - [2023-03-11T22:34:56.441+0000] {dagbag.py:538} INFO - Filling up the DagBag from /opt/airflow/dags/examples/taskgroup.py
[2023-03-11T22:34:56.488+0000] {processor.py:753} INFO - DAG(s) dict_keys(['EXAMPLE_taskgroups']) retrieved from /opt/airflow/dags/examples/taskgroup.py
[2023-03-11T22:34:56.535+0000] {logging_mixin.py:137} INFO - [2023-03-11T22:34:56.534+0000] {dag.py:2690} INFO - Sync 1 DAGs
[2023-03-11T22:34:56.584+0000] {logging_mixin.py:137} INFO - [2023-03-11T22:34:56.584+0000] {dag.py:3441} INFO - Setting next_dagrun for EXAMPLE_taskgroups to None, run_after=None
[2023-03-11T22:34:56.624+0000] {processor.py:175} INFO - Processing /opt/airflow/dags/examples/taskgroup.py took 0.190 seconds
[2023-03-11T22:35:27.342+0000] {processor.py:153} INFO - Started process (PID=20210) to work on /opt/airflow/dags/examples/taskgroup.py
[2023-03-11T22:35:27.344+0000] {processor.py:743} INFO - Processing file /opt/airflow/dags/examples/taskgroup.py for tasks to queue
[2023-03-11T22:35:27.345+0000] {logging_mixin.py:137} INFO - [2023-03-11T22:35:27.345+0000] {dagbag.py:538} INFO - Filling up the DagBag from /opt/airflow/dags/examples/taskgroup.py
[2023-03-11T22:35:27.380+0000] {processor.py:753} INFO - DAG(s) dict_keys(['EXAMPLE_taskgroups']) retrieved from /opt/airflow/dags/examples/taskgroup.py
[2023-03-11T22:35:27.410+0000] {logging_mixin.py:137} INFO - [2023-03-11T22:35:27.410+0000] {dag.py:2690} INFO - Sync 1 DAGs
[2023-03-11T22:35:27.450+0000] {logging_mixin.py:137} INFO - [2023-03-11T22:35:27.450+0000] {dag.py:3441} INFO - Setting next_dagrun for EXAMPLE_taskgroups to None, run_after=None
[2023-03-11T22:35:27.482+0000] {processor.py:175} INFO - Processing /opt/airflow/dags/examples/taskgroup.py took 0.149 seconds
[2023-03-11T22:35:57.805+0000] {processor.py:153} INFO - Started process (PID=20276) to work on /opt/airflow/dags/examples/taskgroup.py
[2023-03-11T22:35:57.807+0000] {processor.py:743} INFO - Processing file /opt/airflow/dags/examples/taskgroup.py for tasks to queue
[2023-03-11T22:35:57.808+0000] {logging_mixin.py:137} INFO - [2023-03-11T22:35:57.808+0000] {dagbag.py:538} INFO - Filling up the DagBag from /opt/airflow/dags/examples/taskgroup.py
[2023-03-11T22:35:57.852+0000] {processor.py:753} INFO - DAG(s) dict_keys(['EXAMPLE_taskgroups']) retrieved from /opt/airflow/dags/examples/taskgroup.py
[2023-03-11T22:35:57.892+0000] {logging_mixin.py:137} INFO - [2023-03-11T22:35:57.891+0000] {dag.py:2690} INFO - Sync 1 DAGs
[2023-03-11T22:35:57.949+0000] {logging_mixin.py:137} INFO - [2023-03-11T22:35:57.949+0000] {dag.py:3441} INFO - Setting next_dagrun for EXAMPLE_taskgroups to None, run_after=None
[2023-03-11T22:35:58.004+0000] {processor.py:175} INFO - Processing /opt/airflow/dags/examples/taskgroup.py took 0.206 seconds
[2023-03-11T22:36:28.198+0000] {processor.py:153} INFO - Started process (PID=20343) to work on /opt/airflow/dags/examples/taskgroup.py
[2023-03-11T22:36:28.199+0000] {processor.py:743} INFO - Processing file /opt/airflow/dags/examples/taskgroup.py for tasks to queue
[2023-03-11T22:36:28.200+0000] {logging_mixin.py:137} INFO - [2023-03-11T22:36:28.200+0000] {dagbag.py:538} INFO - Filling up the DagBag from /opt/airflow/dags/examples/taskgroup.py
[2023-03-11T22:36:28.237+0000] {processor.py:753} INFO - DAG(s) dict_keys(['EXAMPLE_taskgroups']) retrieved from /opt/airflow/dags/examples/taskgroup.py
[2023-03-11T22:36:28.271+0000] {logging_mixin.py:137} INFO - [2023-03-11T22:36:28.271+0000] {dag.py:2690} INFO - Sync 1 DAGs
[2023-03-11T22:36:28.306+0000] {logging_mixin.py:137} INFO - [2023-03-11T22:36:28.306+0000] {dag.py:3441} INFO - Setting next_dagrun for EXAMPLE_taskgroups to None, run_after=None
[2023-03-11T22:36:28.338+0000] {processor.py:175} INFO - Processing /opt/airflow/dags/examples/taskgroup.py took 0.145 seconds
[2023-03-11T22:36:59.021+0000] {processor.py:153} INFO - Started process (PID=20409) to work on /opt/airflow/dags/examples/taskgroup.py
[2023-03-11T22:36:59.022+0000] {processor.py:743} INFO - Processing file /opt/airflow/dags/examples/taskgroup.py for tasks to queue
[2023-03-11T22:36:59.023+0000] {logging_mixin.py:137} INFO - [2023-03-11T22:36:59.022+0000] {dagbag.py:538} INFO - Filling up the DagBag from /opt/airflow/dags/examples/taskgroup.py
[2023-03-11T22:36:59.059+0000] {processor.py:753} INFO - DAG(s) dict_keys(['EXAMPLE_taskgroups']) retrieved from /opt/airflow/dags/examples/taskgroup.py
[2023-03-11T22:36:59.091+0000] {logging_mixin.py:137} INFO - [2023-03-11T22:36:59.091+0000] {dag.py:2690} INFO - Sync 1 DAGs
[2023-03-11T22:36:59.141+0000] {logging_mixin.py:137} INFO - [2023-03-11T22:36:59.141+0000] {dag.py:3441} INFO - Setting next_dagrun for EXAMPLE_taskgroups to None, run_after=None
[2023-03-11T22:36:59.176+0000] {processor.py:175} INFO - Processing /opt/airflow/dags/examples/taskgroup.py took 0.162 seconds
[2023-03-11T22:37:29.304+0000] {processor.py:153} INFO - Started process (PID=20489) to work on /opt/airflow/dags/examples/taskgroup.py
[2023-03-11T22:37:29.305+0000] {processor.py:743} INFO - Processing file /opt/airflow/dags/examples/taskgroup.py for tasks to queue
[2023-03-11T22:37:29.306+0000] {logging_mixin.py:137} INFO - [2023-03-11T22:37:29.305+0000] {dagbag.py:538} INFO - Filling up the DagBag from /opt/airflow/dags/examples/taskgroup.py
[2023-03-11T22:37:29.338+0000] {processor.py:753} INFO - DAG(s) dict_keys(['EXAMPLE_taskgroups']) retrieved from /opt/airflow/dags/examples/taskgroup.py
[2023-03-11T22:37:29.368+0000] {logging_mixin.py:137} INFO - [2023-03-11T22:37:29.368+0000] {dag.py:2690} INFO - Sync 1 DAGs
[2023-03-11T22:37:29.399+0000] {logging_mixin.py:137} INFO - [2023-03-11T22:37:29.399+0000] {dag.py:3441} INFO - Setting next_dagrun for EXAMPLE_taskgroups to None, run_after=None
[2023-03-11T22:37:29.432+0000] {processor.py:175} INFO - Processing /opt/airflow/dags/examples/taskgroup.py took 0.132 seconds
[2023-03-11T22:37:59.757+0000] {processor.py:153} INFO - Started process (PID=20556) to work on /opt/airflow/dags/examples/taskgroup.py
[2023-03-11T22:37:59.759+0000] {processor.py:743} INFO - Processing file /opt/airflow/dags/examples/taskgroup.py for tasks to queue
[2023-03-11T22:37:59.760+0000] {logging_mixin.py:137} INFO - [2023-03-11T22:37:59.760+0000] {dagbag.py:538} INFO - Filling up the DagBag from /opt/airflow/dags/examples/taskgroup.py
[2023-03-11T22:37:59.802+0000] {processor.py:753} INFO - DAG(s) dict_keys(['EXAMPLE_taskgroups']) retrieved from /opt/airflow/dags/examples/taskgroup.py
[2023-03-11T22:37:59.839+0000] {logging_mixin.py:137} INFO - [2023-03-11T22:37:59.839+0000] {dag.py:2690} INFO - Sync 1 DAGs
[2023-03-11T22:37:59.885+0000] {logging_mixin.py:137} INFO - [2023-03-11T22:37:59.885+0000] {dag.py:3441} INFO - Setting next_dagrun for EXAMPLE_taskgroups to None, run_after=None
[2023-03-11T22:37:59.917+0000] {processor.py:175} INFO - Processing /opt/airflow/dags/examples/taskgroup.py took 0.165 seconds
[2023-03-11T22:38:30.678+0000] {processor.py:153} INFO - Started process (PID=20623) to work on /opt/airflow/dags/examples/taskgroup.py
[2023-03-11T22:38:30.683+0000] {processor.py:743} INFO - Processing file /opt/airflow/dags/examples/taskgroup.py for tasks to queue
[2023-03-11T22:38:30.684+0000] {logging_mixin.py:137} INFO - [2023-03-11T22:38:30.683+0000] {dagbag.py:538} INFO - Filling up the DagBag from /opt/airflow/dags/examples/taskgroup.py
[2023-03-11T22:38:30.720+0000] {processor.py:753} INFO - DAG(s) dict_keys(['EXAMPLE_taskgroups']) retrieved from /opt/airflow/dags/examples/taskgroup.py
[2023-03-11T22:38:30.757+0000] {logging_mixin.py:137} INFO - [2023-03-11T22:38:30.757+0000] {dag.py:2690} INFO - Sync 1 DAGs
[2023-03-11T22:38:30.810+0000] {logging_mixin.py:137} INFO - [2023-03-11T22:38:30.810+0000] {dag.py:3441} INFO - Setting next_dagrun for EXAMPLE_taskgroups to None, run_after=None
[2023-03-11T22:38:30.842+0000] {processor.py:175} INFO - Processing /opt/airflow/dags/examples/taskgroup.py took 0.170 seconds
[2023-03-11T22:39:01.564+0000] {processor.py:153} INFO - Started process (PID=20690) to work on /opt/airflow/dags/examples/taskgroup.py
[2023-03-11T22:39:01.566+0000] {processor.py:743} INFO - Processing file /opt/airflow/dags/examples/taskgroup.py for tasks to queue
[2023-03-11T22:39:01.567+0000] {logging_mixin.py:137} INFO - [2023-03-11T22:39:01.567+0000] {dagbag.py:538} INFO - Filling up the DagBag from /opt/airflow/dags/examples/taskgroup.py
[2023-03-11T22:39:01.624+0000] {processor.py:753} INFO - DAG(s) dict_keys(['EXAMPLE_taskgroups']) retrieved from /opt/airflow/dags/examples/taskgroup.py
[2023-03-11T22:39:01.677+0000] {logging_mixin.py:137} INFO - [2023-03-11T22:39:01.677+0000] {dag.py:2690} INFO - Sync 1 DAGs
[2023-03-11T22:39:01.778+0000] {logging_mixin.py:137} INFO - [2023-03-11T22:39:01.778+0000] {dag.py:3441} INFO - Setting next_dagrun for EXAMPLE_taskgroups to None, run_after=None
[2023-03-11T22:39:01.822+0000] {processor.py:175} INFO - Processing /opt/airflow/dags/examples/taskgroup.py took 0.263 seconds
[2023-03-11T22:39:32.339+0000] {processor.py:153} INFO - Started process (PID=20765) to work on /opt/airflow/dags/examples/taskgroup.py
[2023-03-11T22:39:32.340+0000] {processor.py:743} INFO - Processing file /opt/airflow/dags/examples/taskgroup.py for tasks to queue
[2023-03-11T22:39:32.341+0000] {logging_mixin.py:137} INFO - [2023-03-11T22:39:32.341+0000] {dagbag.py:538} INFO - Filling up the DagBag from /opt/airflow/dags/examples/taskgroup.py
[2023-03-11T22:39:32.386+0000] {processor.py:753} INFO - DAG(s) dict_keys(['EXAMPLE_taskgroups']) retrieved from /opt/airflow/dags/examples/taskgroup.py
[2023-03-11T22:39:32.432+0000] {logging_mixin.py:137} INFO - [2023-03-11T22:39:32.432+0000] {dag.py:2690} INFO - Sync 1 DAGs
[2023-03-11T22:39:32.485+0000] {logging_mixin.py:137} INFO - [2023-03-11T22:39:32.484+0000] {dag.py:3441} INFO - Setting next_dagrun for EXAMPLE_taskgroups to None, run_after=None
[2023-03-11T22:39:32.522+0000] {processor.py:175} INFO - Processing /opt/airflow/dags/examples/taskgroup.py took 0.188 seconds
