[2023-03-11T18:37:40.648+0000] {taskinstance.py:1083} INFO - Dependencies all met for <TaskInstance: our_dag_with_python_operator_v07.get_name scheduled__2022-04-22T00:00:00+00:00 [queued]>
[2023-03-11T18:37:40.786+0000] {taskinstance.py:1083} INFO - Dependencies all met for <TaskInstance: our_dag_with_python_operator_v07.get_name scheduled__2022-04-22T00:00:00+00:00 [queued]>
[2023-03-11T18:37:40.787+0000] {taskinstance.py:1279} INFO - 
--------------------------------------------------------------------------------
[2023-03-11T18:37:40.788+0000] {taskinstance.py:1280} INFO - Starting attempt 1 of 6
[2023-03-11T18:37:40.788+0000] {taskinstance.py:1281} INFO - 
--------------------------------------------------------------------------------
[2023-03-11T18:37:41.071+0000] {taskinstance.py:1300} INFO - Executing <Task(PythonOperator): get_name> on 2022-04-22 00:00:00+00:00
[2023-03-11T18:37:41.159+0000] {standard_task_runner.py:55} INFO - Started process 1608 to run task
[2023-03-11T18:37:41.217+0000] {standard_task_runner.py:82} INFO - Running: ['***', 'tasks', 'run', 'our_dag_with_python_operator_v07', 'get_name', 'scheduled__2022-04-22T00:00:00+00:00', '--job-id', '600', '--raw', '--subdir', 'DAGS_FOLDER/examples/create_dag_with_python_operator.py', '--cfg-path', '/tmp/tmpes7f64m7']
[2023-03-11T18:37:41.218+0000] {standard_task_runner.py:83} INFO - Job 600: Subtask get_name
[2023-03-11T18:37:42.298+0000] {task_command.py:388} INFO - Running <TaskInstance: our_dag_with_python_operator_v07.get_name scheduled__2022-04-22T00:00:00+00:00 [running]> on host 64900e5b98c9
[2023-03-11T18:37:43.592+0000] {taskinstance.py:1509} INFO - Exporting the following env vars:
AIRFLOW_CTX_DAG_OWNER=coder2j
AIRFLOW_CTX_DAG_ID=our_dag_with_python_operator_v07
AIRFLOW_CTX_TASK_ID=get_name
AIRFLOW_CTX_EXECUTION_DATE=2022-04-22T00:00:00+00:00
AIRFLOW_CTX_TRY_NUMBER=1
AIRFLOW_CTX_DAG_RUN_ID=scheduled__2022-04-22T00:00:00+00:00
[2023-03-11T18:37:43.819+0000] {python.py:177} INFO - Done. Returned value was: None
[2023-03-11T18:37:43.878+0000] {taskinstance.py:1323} INFO - Marking task as SUCCESS. dag_id=our_dag_with_python_operator_v07, task_id=get_name, execution_date=20220422T000000, start_date=20230311T183740, end_date=20230311T183743
[2023-03-11T18:37:43.991+0000] {local_task_job.py:208} INFO - Task exited with return code 0
[2023-03-11T18:37:44.341+0000] {taskinstance.py:2578} INFO - 0 downstream tasks scheduled from follow-on schedule check
