[2023-03-11T18:33:49.245+0000] {taskinstance.py:1083} INFO - Dependencies all met for <TaskInstance: our_dag_with_python_operator_v07.get_name scheduled__2022-01-24T00:00:00+00:00 [queued]>
[2023-03-11T18:33:49.431+0000] {taskinstance.py:1083} INFO - Dependencies all met for <TaskInstance: our_dag_with_python_operator_v07.get_name scheduled__2022-01-24T00:00:00+00:00 [queued]>
[2023-03-11T18:33:49.432+0000] {taskinstance.py:1279} INFO - 
--------------------------------------------------------------------------------
[2023-03-11T18:33:49.432+0000] {taskinstance.py:1280} INFO - Starting attempt 1 of 6
[2023-03-11T18:33:49.432+0000] {taskinstance.py:1281} INFO - 
--------------------------------------------------------------------------------
[2023-03-11T18:33:49.773+0000] {taskinstance.py:1300} INFO - Executing <Task(PythonOperator): get_name> on 2022-01-24 00:00:00+00:00
[2023-03-11T18:33:49.834+0000] {standard_task_runner.py:55} INFO - Started process 943 to run task
[2023-03-11T18:33:49.911+0000] {standard_task_runner.py:82} INFO - Running: ['***', 'tasks', 'run', 'our_dag_with_python_operator_v07', 'get_name', 'scheduled__2022-01-24T00:00:00+00:00', '--job-id', '326', '--raw', '--subdir', 'DAGS_FOLDER/examples/create_dag_with_python_operator.py', '--cfg-path', '/tmp/tmpyv2ew9ez']
[2023-03-11T18:33:49.919+0000] {standard_task_runner.py:83} INFO - Job 326: Subtask get_name
[2023-03-11T18:33:50.732+0000] {task_command.py:388} INFO - Running <TaskInstance: our_dag_with_python_operator_v07.get_name scheduled__2022-01-24T00:00:00+00:00 [running]> on host 64900e5b98c9
[2023-03-11T18:33:51.914+0000] {taskinstance.py:1509} INFO - Exporting the following env vars:
AIRFLOW_CTX_DAG_OWNER=coder2j
AIRFLOW_CTX_DAG_ID=our_dag_with_python_operator_v07
AIRFLOW_CTX_TASK_ID=get_name
AIRFLOW_CTX_EXECUTION_DATE=2022-01-24T00:00:00+00:00
AIRFLOW_CTX_TRY_NUMBER=1
AIRFLOW_CTX_DAG_RUN_ID=scheduled__2022-01-24T00:00:00+00:00
[2023-03-11T18:33:52.169+0000] {python.py:177} INFO - Done. Returned value was: None
[2023-03-11T18:33:52.334+0000] {taskinstance.py:1323} INFO - Marking task as SUCCESS. dag_id=our_dag_with_python_operator_v07, task_id=get_name, execution_date=20220124T000000, start_date=20230311T183349, end_date=20230311T183352
[2023-03-11T18:33:52.697+0000] {local_task_job.py:208} INFO - Task exited with return code 0
[2023-03-11T18:33:53.071+0000] {taskinstance.py:2578} INFO - 0 downstream tasks scheduled from follow-on schedule check
