[2023-03-11T18:30:22.874+0000] {taskinstance.py:1083} INFO - Dependencies all met for <TaskInstance: our_dag_with_python_operator_v07.greet scheduled__2021-10-25T00:00:00+00:00 [queued]>
[2023-03-11T18:30:22.984+0000] {taskinstance.py:1083} INFO - Dependencies all met for <TaskInstance: our_dag_with_python_operator_v07.greet scheduled__2021-10-25T00:00:00+00:00 [queued]>
[2023-03-11T18:30:22.984+0000] {taskinstance.py:1279} INFO - 
--------------------------------------------------------------------------------
[2023-03-11T18:30:22.984+0000] {taskinstance.py:1280} INFO - Starting attempt 1 of 6
[2023-03-11T18:30:22.984+0000] {taskinstance.py:1281} INFO - 
--------------------------------------------------------------------------------
[2023-03-11T18:30:23.196+0000] {taskinstance.py:1300} INFO - Executing <Task(PythonOperator): greet> on 2021-10-25 00:00:00+00:00
[2023-03-11T18:30:23.246+0000] {standard_task_runner.py:55} INFO - Started process 364 to run task
[2023-03-11T18:30:23.307+0000] {standard_task_runner.py:82} INFO - Running: ['***', 'tasks', 'run', 'our_dag_with_python_operator_v07', 'greet', 'scheduled__2021-10-25T00:00:00+00:00', '--job-id', '90', '--raw', '--subdir', 'DAGS_FOLDER/examples/create_dag_with_python_operator.py', '--cfg-path', '/tmp/tmpbu3zpbo2']
[2023-03-11T18:30:23.308+0000] {standard_task_runner.py:83} INFO - Job 90: Subtask greet
[2023-03-11T18:30:23.805+0000] {task_command.py:388} INFO - Running <TaskInstance: our_dag_with_python_operator_v07.greet scheduled__2021-10-25T00:00:00+00:00 [running]> on host 64900e5b98c9
[2023-03-11T18:30:24.688+0000] {taskinstance.py:1509} INFO - Exporting the following env vars:
AIRFLOW_CTX_DAG_OWNER=coder2j
AIRFLOW_CTX_DAG_ID=our_dag_with_python_operator_v07
AIRFLOW_CTX_TASK_ID=greet
AIRFLOW_CTX_EXECUTION_DATE=2021-10-25T00:00:00+00:00
AIRFLOW_CTX_TRY_NUMBER=1
AIRFLOW_CTX_DAG_RUN_ID=scheduled__2021-10-25T00:00:00+00:00
[2023-03-11T18:30:24.712+0000] {logging_mixin.py:137} INFO - some dict:  {'a': 1, 'b': 2}
[2023-03-11T18:30:24.895+0000] {logging_mixin.py:137} INFO - Hello World! My name is Jerry Fridman, and I am 19 years old!
[2023-03-11T18:30:24.895+0000] {python.py:177} INFO - Done. Returned value was: None
[2023-03-11T18:30:24.991+0000] {taskinstance.py:1323} INFO - Marking task as SUCCESS. dag_id=our_dag_with_python_operator_v07, task_id=greet, execution_date=20211025T000000, start_date=20230311T183022, end_date=20230311T183024
[2023-03-11T18:30:25.271+0000] {local_task_job.py:208} INFO - Task exited with return code 0
[2023-03-11T18:30:25.443+0000] {taskinstance.py:2578} INFO - 0 downstream tasks scheduled from follow-on schedule check
