[2023-03-11T18:34:35.498+0000] {taskinstance.py:1083} INFO - Dependencies all met for <TaskInstance: our_dag_with_python_operator_v07.greet scheduled__2022-02-01T00:00:00+00:00 [queued]>
[2023-03-11T18:34:35.635+0000] {taskinstance.py:1083} INFO - Dependencies all met for <TaskInstance: our_dag_with_python_operator_v07.greet scheduled__2022-02-01T00:00:00+00:00 [queued]>
[2023-03-11T18:34:35.635+0000] {taskinstance.py:1279} INFO - 
--------------------------------------------------------------------------------
[2023-03-11T18:34:35.635+0000] {taskinstance.py:1280} INFO - Starting attempt 1 of 6
[2023-03-11T18:34:35.635+0000] {taskinstance.py:1281} INFO - 
--------------------------------------------------------------------------------
[2023-03-11T18:34:35.741+0000] {taskinstance.py:1300} INFO - Executing <Task(PythonOperator): greet> on 2022-02-01 00:00:00+00:00
[2023-03-11T18:34:35.763+0000] {standard_task_runner.py:55} INFO - Started process 1089 to run task
[2023-03-11T18:34:35.807+0000] {standard_task_runner.py:82} INFO - Running: ['***', 'tasks', 'run', 'our_dag_with_python_operator_v07', 'greet', 'scheduled__2022-02-01T00:00:00+00:00', '--job-id', '386', '--raw', '--subdir', 'DAGS_FOLDER/examples/create_dag_with_python_operator.py', '--cfg-path', '/tmp/tmpfgd60xar']
[2023-03-11T18:34:35.810+0000] {standard_task_runner.py:83} INFO - Job 386: Subtask greet
[2023-03-11T18:34:36.399+0000] {task_command.py:388} INFO - Running <TaskInstance: our_dag_with_python_operator_v07.greet scheduled__2022-02-01T00:00:00+00:00 [running]> on host 64900e5b98c9
[2023-03-11T18:34:36.908+0000] {taskinstance.py:1509} INFO - Exporting the following env vars:
AIRFLOW_CTX_DAG_OWNER=coder2j
AIRFLOW_CTX_DAG_ID=our_dag_with_python_operator_v07
AIRFLOW_CTX_TASK_ID=greet
AIRFLOW_CTX_EXECUTION_DATE=2022-02-01T00:00:00+00:00
AIRFLOW_CTX_TRY_NUMBER=1
AIRFLOW_CTX_DAG_RUN_ID=scheduled__2022-02-01T00:00:00+00:00
[2023-03-11T18:34:36.909+0000] {logging_mixin.py:137} INFO - some dict:  {'a': 1, 'b': 2}
[2023-03-11T18:34:37.049+0000] {logging_mixin.py:137} INFO - Hello World! My name is Jerry Fridman, and I am 19 years old!
[2023-03-11T18:34:37.050+0000] {python.py:177} INFO - Done. Returned value was: None
[2023-03-11T18:34:37.085+0000] {taskinstance.py:1323} INFO - Marking task as SUCCESS. dag_id=our_dag_with_python_operator_v07, task_id=greet, execution_date=20220201T000000, start_date=20230311T183435, end_date=20230311T183437
[2023-03-11T18:34:37.253+0000] {local_task_job.py:208} INFO - Task exited with return code 0
[2023-03-11T18:34:37.355+0000] {taskinstance.py:2578} INFO - 0 downstream tasks scheduled from follow-on schedule check
