[2023-03-14T14:47:43.780+0000] {taskinstance.py:1083} INFO - Dependencies all met for <TaskInstance: geracao_txt_b3_v2.task_enviar_email_analistas scheduled__2023-03-13T00:00:00+00:00 [queued]>
[2023-03-14T14:47:43.790+0000] {taskinstance.py:1083} INFO - Dependencies all met for <TaskInstance: geracao_txt_b3_v2.task_enviar_email_analistas scheduled__2023-03-13T00:00:00+00:00 [queued]>
[2023-03-14T14:47:43.790+0000] {taskinstance.py:1279} INFO - 
--------------------------------------------------------------------------------
[2023-03-14T14:47:43.790+0000] {taskinstance.py:1280} INFO - Starting attempt 1 of 6
[2023-03-14T14:47:43.790+0000] {taskinstance.py:1281} INFO - 
--------------------------------------------------------------------------------
[2023-03-14T14:47:43.807+0000] {taskinstance.py:1300} INFO - Executing <Task(_PythonDecoratedOperator): task_enviar_email_analistas> on 2023-03-13 00:00:00+00:00
[2023-03-14T14:47:43.811+0000] {standard_task_runner.py:55} INFO - Started process 676 to run task
[2023-03-14T14:47:43.814+0000] {standard_task_runner.py:82} INFO - Running: ['***', 'tasks', 'run', 'geracao_txt_b3_v2', 'task_enviar_email_analistas', 'scheduled__2023-03-13T00:00:00+00:00', '--job-id', '415', '--raw', '--subdir', 'DAGS_FOLDER/examples/geracao_txt_v2.py', '--cfg-path', '/tmp/tmpgiyppcth']
[2023-03-14T14:47:43.814+0000] {standard_task_runner.py:83} INFO - Job 415: Subtask task_enviar_email_analistas
[2023-03-14T14:47:43.871+0000] {task_command.py:388} INFO - Running <TaskInstance: geracao_txt_b3_v2.task_enviar_email_analistas scheduled__2023-03-13T00:00:00+00:00 [running]> on host 40565fc59ef6
[2023-03-14T14:47:43.933+0000] {taskinstance.py:1509} INFO - Exporting the following env vars:
AIRFLOW_CTX_DAG_OWNER=alexandre.yoshimatsu
AIRFLOW_CTX_DAG_ID=geracao_txt_b3_v2
AIRFLOW_CTX_TASK_ID=task_enviar_email_analistas
AIRFLOW_CTX_EXECUTION_DATE=2023-03-13T00:00:00+00:00
AIRFLOW_CTX_TRY_NUMBER=1
AIRFLOW_CTX_DAG_RUN_ID=scheduled__2023-03-13T00:00:00+00:00
[2023-03-14T14:47:43.943+0000] {logging_mixin.py:137} INFO - ['xyz', 'abc', 'dfg', 'hij', 'opq']
[2023-03-14T14:47:43.943+0000] {python.py:177} INFO - Done. Returned value was: None
[2023-03-14T14:47:43.954+0000] {taskinstance.py:1323} INFO - Marking task as SUCCESS. dag_id=geracao_txt_b3_v2, task_id=task_enviar_email_analistas, execution_date=20230313T000000, start_date=20230314T144743, end_date=20230314T144743
[2023-03-14T14:47:43.987+0000] {local_task_job.py:208} INFO - Task exited with return code 0
[2023-03-14T14:47:44.002+0000] {taskinstance.py:2578} INFO - 0 downstream tasks scheduled from follow-on schedule check
