[2023-03-14T14:47:36.724+0000] {taskinstance.py:1083} INFO - Dependencies all met for <TaskInstance: geracao_txt_b3_v2.task_get_operacoes_dia scheduled__2023-03-06T00:00:00+00:00 [queued]>
[2023-03-14T14:47:36.737+0000] {taskinstance.py:1083} INFO - Dependencies all met for <TaskInstance: geracao_txt_b3_v2.task_get_operacoes_dia scheduled__2023-03-06T00:00:00+00:00 [queued]>
[2023-03-14T14:47:36.739+0000] {taskinstance.py:1279} INFO - 
--------------------------------------------------------------------------------
[2023-03-14T14:47:36.739+0000] {taskinstance.py:1280} INFO - Starting attempt 1 of 6
[2023-03-14T14:47:36.739+0000] {taskinstance.py:1281} INFO - 
--------------------------------------------------------------------------------
[2023-03-14T14:47:36.780+0000] {taskinstance.py:1300} INFO - Executing <Task(_PythonDecoratedOperator): task_get_operacoes_dia> on 2023-03-06 00:00:00+00:00
[2023-03-14T14:47:36.787+0000] {standard_task_runner.py:55} INFO - Started process 598 to run task
[2023-03-14T14:47:36.801+0000] {standard_task_runner.py:82} INFO - Running: ['***', 'tasks', 'run', 'geracao_txt_b3_v2', 'task_get_operacoes_dia', 'scheduled__2023-03-06T00:00:00+00:00', '--job-id', '382', '--raw', '--subdir', 'DAGS_FOLDER/examples/geracao_txt_v2.py', '--cfg-path', '/tmp/tmpoql_q2gd']
[2023-03-14T14:47:36.803+0000] {standard_task_runner.py:83} INFO - Job 382: Subtask task_get_operacoes_dia
[2023-03-14T14:47:36.914+0000] {task_command.py:388} INFO - Running <TaskInstance: geracao_txt_b3_v2.task_get_operacoes_dia scheduled__2023-03-06T00:00:00+00:00 [running]> on host 40565fc59ef6
[2023-03-14T14:47:37.040+0000] {taskinstance.py:1509} INFO - Exporting the following env vars:
AIRFLOW_CTX_DAG_OWNER=alexandre.yoshimatsu
AIRFLOW_CTX_DAG_ID=geracao_txt_b3_v2
AIRFLOW_CTX_TASK_ID=task_get_operacoes_dia
AIRFLOW_CTX_EXECUTION_DATE=2023-03-06T00:00:00+00:00
AIRFLOW_CTX_TRY_NUMBER=1
AIRFLOW_CTX_DAG_RUN_ID=scheduled__2023-03-06T00:00:00+00:00
[2023-03-14T14:47:37.066+0000] {python.py:177} INFO - Done. Returned value was: None
[2023-03-14T14:47:37.079+0000] {taskinstance.py:1323} INFO - Marking task as SUCCESS. dag_id=geracao_txt_b3_v2, task_id=task_get_operacoes_dia, execution_date=20230306T000000, start_date=20230314T144736, end_date=20230314T144737
[2023-03-14T14:47:37.125+0000] {local_task_job.py:208} INFO - Task exited with return code 0
[2023-03-14T14:47:37.169+0000] {taskinstance.py:2578} INFO - 1 downstream tasks scheduled from follow-on schedule check
